<?xml version="1.0" encoding="utf-8"?>
<CoverageSession xmlns:xsd="http://www.w3.org/2001/XMLSchema" xmlns:xsi="http://www.w3.org/2001/XMLSchema-instance">
  <Summary numSequencePoints="2023" visitedSequencePoints="1055" numBranchPoints="550" visitedBranchPoints="321" sequenceCoverage="52.15" branchCoverage="58.36" maxCyclomaticComplexity="6" minCyclomaticComplexity="1" visitedClasses="31" numClasses="37" visitedMethods="244" numMethods="372" />
  <Modules>
    <Module skippedDueTo="Filter" hash="10-6D-85-6B-63-39-B8-3F-B5-3E-CC-56-2E-DC-C3-5A-34-EA-17-FE">
      <ModulePath>C:\Windows\Microsoft.Net\assembly\GAC_64\mscorlib\v4.0_4.0.0.0__b77a5c561934e089\mscorlib.dll</ModulePath>
      <ModuleTime>2016-10-11T00:26:21.1601007Z</ModuleTime>
      <ModuleName>mscorlib</ModuleName>
      <Classes />
    </Module>
    <Module skippedDueTo="MissingPdb" hash="A0-13-70-5B-0F-CD-BB-71-34-C8-6E-8A-9A-2E-A1-8C-9B-38-AD-9B">
      <ModulePath>C:\Users\radis\Documents\GitHub\ProjekatDRS\Moduo2\Testiranje\NUnit.Console-3.5.0\nunit3-console.exe</ModulePath>
      <ModuleTime>2016-10-12T12:03:36Z</ModuleTime>
      <ModuleName>nunit3-console</ModuleName>
      <Classes />
    </Module>
    <Module skippedDueTo="Filter" hash="C0-93-FE-4F-FD-12-B2-6F-B4-CA-85-4A-31-E8-FF-BB-2B-7C-0C-73">
      <ModulePath>C:\Windows\Microsoft.Net\assembly\GAC_MSIL\System\v4.0_4.0.0.0__b77a5c561934e089\System.dll</ModulePath>
      <ModuleTime>2016-07-12T22:22:32.4700178Z</ModuleTime>
      <ModuleName>System</ModuleName>
      <Classes />
    </Module>
    <Module skippedDueTo="MissingPdb" hash="23-9B-37-CD-E3-B0-C3-B3-4C-72-D5-84-68-14-6B-07-67-29-6F-32">
      <ModulePath>C:\Users\radis\Documents\GitHub\ProjekatDRS\Moduo2\Testiranje\NUnit.Console-3.5.0\nunit.engine.api.dll</ModulePath>
      <ModuleTime>2016-10-12T12:03:36Z</ModuleTime>
      <ModuleName>nunit.engine.api</ModuleName>
      <Classes />
    </Module>
    <Module skippedDueTo="MissingPdb" hash="35-46-24-68-5F-DE-7C-88-C7-BB-2B-7C-F8-A9-B7-FA-F8-8C-58-4D">
      <ModulePath>C:\Users\radis\Documents\GitHub\ProjekatDRS\Moduo2\Testiranje\NUnit.Console-3.5.0\nunit.engine.dll</ModulePath>
      <ModuleTime>2016-10-12T12:03:36Z</ModuleTime>
      <ModuleName>nunit.engine</ModuleName>
      <Classes />
    </Module>
    <Module skippedDueTo="MissingPdb" hash="35-46-24-68-5F-DE-7C-88-C7-BB-2B-7C-F8-A9-B7-FA-F8-8C-58-4D">
      <ModulePath>C:\Users\radis\Documents\GitHub\ProjekatDRS\Moduo2\Testiranje\NUnit.Console-3.5.0\nunit.engine.dll</ModulePath>
      <ModuleTime>2016-10-12T12:03:36Z</ModuleTime>
      <ModuleName>nunit.engine</ModuleName>
      <Classes />
    </Module>
    <Module skippedDueTo="Filter" hash="14-44-50-38-34-98-5F-C6-45-8B-50-B5-CF-D7-E1-0A-28-8F-5E-E8">
      <ModulePath>C:\Windows\Microsoft.Net\assembly\GAC_MSIL\System.Xml\v4.0_4.0.0.0__b77a5c561934e089\System.Xml.dll</ModulePath>
      <ModuleTime>2016-07-12T22:12:34.3750204Z</ModuleTime>
      <ModuleName>System.Xml</ModuleName>
      <Classes />
    </Module>
    <Module skippedDueTo="Filter" hash="65-B8-BC-4F-DE-6A-30-F3-64-59-5A-C9-05-07-F8-0D-00-CC-11-47">
      <ModulePath>C:\Windows\Microsoft.Net\assembly\GAC_64\System.Web\v4.0_4.0.0.0__b03f5f7f11d50a3a\System.Web.dll</ModulePath>
      <ModuleTime>2016-07-12T22:12:34.1249657Z</ModuleTime>
      <ModuleName>System.Web</ModuleName>
      <Classes />
    </Module>
    <Module skippedDueTo="MissingPdb" hash="8A-2E-8F-D6-9D-39-02-4A-2F-30-FC-06-42-F7-0F-A8-32-69-07-72">
      <ModulePath>C:\Users\radis\Documents\GitHub\ProjekatDRS\Moduo2\Testiranje\NUnit.Console-3.5.0\Mono.Cecil.dll</ModulePath>
      <ModuleTime>2016-10-12T12:03:36Z</ModuleTime>
      <ModuleName>Mono.Cecil</ModuleName>
      <Classes />
    </Module>
    <Module skippedDueTo="Filter" hash="9C-FE-E2-A6-9F-FD-D5-B5-60-E4-1D-A6-78-A7-71-C0-A5-E7-22-B1">
      <ModulePath>C:\Windows\Microsoft.Net\assembly\GAC_MSIL\System.Runtime.Remoting\v4.0_4.0.0.0__b77a5c561934e089\System.Runtime.Remoting.dll</ModulePath>
      <ModuleTime>2015-10-30T07:19:38.0026412Z</ModuleTime>
      <ModuleName>System.Runtime.Remoting</ModuleName>
      <Classes />
    </Module>
    <Module skippedDueTo="Filter" hash="49-F6-B9-FA-89-1F-12-21-02-F2-B4-EB-98-8E-A0-5F-9D-8D-B9-EB">
      <ModulePath>C:\Windows\Microsoft.Net\assembly\GAC_MSIL\System.Configuration\v4.0_4.0.0.0__b03f5f7f11d50a3a\System.Configuration.dll</ModulePath>
      <ModuleTime>2015-10-30T07:19:36.3463962Z</ModuleTime>
      <ModuleName>System.Configuration</ModuleName>
      <Classes />
    </Module>
    <Module skippedDueTo="Filter" hash="10-6D-85-6B-63-39-B8-3F-B5-3E-CC-56-2E-DC-C3-5A-34-EA-17-FE">
      <ModulePath>C:\Windows\Microsoft.Net\assembly\GAC_64\mscorlib\v4.0_4.0.0.0__b77a5c561934e089\mscorlib.dll</ModulePath>
      <ModuleTime>2016-10-11T00:26:21.1601007Z</ModuleTime>
      <ModuleName>mscorlib</ModuleName>
      <Classes />
    </Module>
    <Module skippedDueTo="MissingPdb" hash="AB-84-7C-11-E5-DD-09-44-4B-08-A7-34-46-68-8B-BB-1B-1C-31-D2">
      <ModulePath>C:\Users\radis\Documents\GitHub\ProjekatDRS\Moduo2\Testiranje\NUnit.Console-3.5.0\nunit-agent.exe</ModulePath>
      <ModuleTime>2016-10-12T12:03:36Z</ModuleTime>
      <ModuleName>nunit-agent</ModuleName>
      <Classes />
    </Module>
    <Module skippedDueTo="MissingPdb" hash="35-46-24-68-5F-DE-7C-88-C7-BB-2B-7C-F8-A9-B7-FA-F8-8C-58-4D">
      <ModulePath>C:\Users\radis\Documents\GitHub\ProjekatDRS\Moduo2\Testiranje\NUnit.Console-3.5.0\nunit.engine.dll</ModulePath>
      <ModuleTime>2016-10-12T12:03:36Z</ModuleTime>
      <ModuleName>nunit.engine</ModuleName>
      <Classes />
    </Module>
    <Module skippedDueTo="MissingPdb" hash="23-9B-37-CD-E3-B0-C3-B3-4C-72-D5-84-68-14-6B-07-67-29-6F-32">
      <ModulePath>C:\Users\radis\Documents\GitHub\ProjekatDRS\Moduo2\Testiranje\NUnit.Console-3.5.0\nunit.engine.api.dll</ModulePath>
      <ModuleTime>2016-10-12T12:03:36Z</ModuleTime>
      <ModuleName>nunit.engine.api</ModuleName>
      <Classes />
    </Module>
    <Module skippedDueTo="Filter" hash="C0-93-FE-4F-FD-12-B2-6F-B4-CA-85-4A-31-E8-FF-BB-2B-7C-0C-73">
      <ModulePath>C:\Windows\Microsoft.Net\assembly\GAC_MSIL\System\v4.0_4.0.0.0__b77a5c561934e089\System.dll</ModulePath>
      <ModuleTime>2016-07-12T22:22:32.4700178Z</ModuleTime>
      <ModuleName>System</ModuleName>
      <Classes />
    </Module>
    <Module skippedDueTo="Filter" hash="9C-FE-E2-A6-9F-FD-D5-B5-60-E4-1D-A6-78-A7-71-C0-A5-E7-22-B1">
      <ModulePath>C:\Windows\Microsoft.Net\assembly\GAC_MSIL\System.Runtime.Remoting\v4.0_4.0.0.0__b77a5c561934e089\System.Runtime.Remoting.dll</ModulePath>
      <ModuleTime>2015-10-30T07:19:38.0026412Z</ModuleTime>
      <ModuleName>System.Runtime.Remoting</ModuleName>
      <Classes />
    </Module>
    <Module skippedDueTo="Filter" hash="14-44-50-38-34-98-5F-C6-45-8B-50-B5-CF-D7-E1-0A-28-8F-5E-E8">
      <ModulePath>C:\Windows\Microsoft.Net\assembly\GAC_MSIL\System.Xml\v4.0_4.0.0.0__b77a5c561934e089\System.Xml.dll</ModulePath>
      <ModuleTime>2016-07-12T22:12:34.3750204Z</ModuleTime>
      <ModuleName>System.Xml</ModuleName>
      <Classes />
    </Module>
    <Module skippedDueTo="Filter" hash="65-B8-BC-4F-DE-6A-30-F3-64-59-5A-C9-05-07-F8-0D-00-CC-11-47">
      <ModulePath>C:\Windows\Microsoft.Net\assembly\GAC_64\System.Web\v4.0_4.0.0.0__b03f5f7f11d50a3a\System.Web.dll</ModulePath>
      <ModuleTime>2016-07-12T22:12:34.1249657Z</ModuleTime>
      <ModuleName>System.Web</ModuleName>
      <Classes />
    </Module>
    <Module skippedDueTo="MissingPdb" hash="8A-2E-8F-D6-9D-39-02-4A-2F-30-FC-06-42-F7-0F-A8-32-69-07-72">
      <ModulePath>C:\Users\radis\Documents\GitHub\ProjekatDRS\Moduo2\Testiranje\NUnit.Console-3.5.0\Mono.Cecil.dll</ModulePath>
      <ModuleTime>2016-10-12T12:03:36Z</ModuleTime>
      <ModuleName>Mono.Cecil</ModuleName>
      <Classes />
    </Module>
    <Module skippedDueTo="Filter" hash="49-F6-B9-FA-89-1F-12-21-02-F2-B4-EB-98-8E-A0-5F-9D-8D-B9-EB">
      <ModulePath>C:\Windows\Microsoft.Net\assembly\GAC_MSIL\System.Configuration\v4.0_4.0.0.0__b03f5f7f11d50a3a\System.Configuration.dll</ModulePath>
      <ModuleTime>2015-10-30T07:19:36.3463962Z</ModuleTime>
      <ModuleName>System.Configuration</ModuleName>
      <Classes />
    </Module>
    <Module skippedDueTo="MissingPdb" hash="45-EA-4E-AC-19-19-00-3D-32-48-A5-9E-F4-BA-10-51-33-E1-F3-41">
      <ModulePath>C:\Users\radis\Documents\GitHub\ProjekatDRS\Moduo2\ServerTest\bin\Debug\nunit.framework.dll</ModulePath>
      <ModuleTime>2017-01-09T19:17:16Z</ModuleTime>
      <ModuleName>nunit.framework</ModuleName>
      <Classes />
    </Module>
    <Module skippedDueTo="Filter" hash="C0-93-FE-4F-FD-12-B2-6F-B4-CA-85-4A-31-E8-FF-BB-2B-7C-0C-73">
      <ModulePath>C:\Windows\Microsoft.Net\assembly\GAC_MSIL\System\v4.0_4.0.0.0__b77a5c561934e089\System.dll</ModulePath>
      <ModuleTime>2016-07-12T22:22:32.4700178Z</ModuleTime>
      <ModuleName>System</ModuleName>
      <Classes />
    </Module>
    <Module skippedDueTo="Filter" hash="4D-26-8B-F9-14-71-C5-6E-1B-29-9B-23-34-D9-DE-98-D8-A2-EF-A2">
      <ModulePath>C:\Windows\Microsoft.Net\assembly\GAC_MSIL\System.Core\v4.0_4.0.0.0__b77a5c561934e089\System.Core.dll</ModulePath>
      <ModuleTime>2016-09-07T01:15:18.5404908Z</ModuleTime>
      <ModuleName>System.Core</ModuleName>
      <Classes />
    </Module>
    <Module skippedDueTo="Filter" hash="65-B8-BC-4F-DE-6A-30-F3-64-59-5A-C9-05-07-F8-0D-00-CC-11-47">
      <ModulePath>C:\Windows\Microsoft.Net\assembly\GAC_64\System.Web\v4.0_4.0.0.0__b03f5f7f11d50a3a\System.Web.dll</ModulePath>
      <ModuleTime>2016-07-12T22:12:34.1249657Z</ModuleTime>
      <ModuleName>System.Web</ModuleName>
      <Classes />
    </Module>
    <Module hash="12-E1-31-88-6F-1F-D3-68-6F-31-A6-B9-20-55-B0-C7-4E-62-5A-84">
      <Summary numSequencePoints="322" visitedSequencePoints="312" numBranchPoints="121" visitedBranchPoints="120" sequenceCoverage="96.89" branchCoverage="99.17" maxCyclomaticComplexity="1" minCyclomaticComplexity="1" visitedClasses="9" numClasses="10" visitedMethods="120" numMethods="121" />
      <ModulePath>C:\Users\radis\Documents\GitHub\ProjekatDRS\Moduo2\ServerTest\bin\Debug\ServerTest.dll</ModulePath>
      <ModuleTime>2017-01-16T09:50:07.5421719Z</ModuleTime>
      <ModuleName>ServerTest</ModuleName>
      <Files>
        <File uid="1" fullPath="C:\Users\radis\Documents\GitHub\ProjekatDRS\Moduo2\ServerTest\EmployeeServiceTest.cs" />
        <File uid="2" fullPath="C:\Users\radis\Documents\GitHub\ProjekatDRS\Moduo2\ServerTest\OutsourcingServiceTest.cs" />
        <File uid="3" fullPath="C:\Users\radis\Documents\GitHub\ProjekatDRS\Moduo2\ServerTest\ServerProxy\ServerProxyTest.cs" />
        <File uid="8" fullPath="C:\Users\radis\Documents\GitHub\ProjekatDRS\Moduo2\ServerTest\Database\InternalDatabaseTest.cs" />
        <File uid="9" fullPath="C:\Users\radis\Documents\GitHub\ProjekatDRS\Moduo2\ServerTest\Access\AccessDBTest.cs" />
        <File uid="10" fullPath="C:\Users\radis\Documents\GitHub\ProjekatDRS\Moduo2\ServerTest\Access\EmployeeServiceDatabaseTest.cs" />
      </Files>
      <Classes>
        <Class>
          <Summary numSequencePoints="0" visitedSequencePoints="0" numBranchPoints="0" visitedBranchPoints="0" sequenceCoverage="0" branchCoverage="0" maxCyclomaticComplexity="0" minCyclomaticComplexity="0" visitedClasses="0" numClasses="0" visitedMethods="0" numMethods="0" />
          <FullName>&lt;Module&gt;</FullName>
          <Methods />
        </Class>
        <Class>
          <Summary numSequencePoints="227" visitedSequencePoints="221" numBranchPoints="91" visitedBranchPoints="91" sequenceCoverage="97.36" branchCoverage="100" maxCyclomaticComplexity="1" minCyclomaticComplexity="1" visitedClasses="1" numClasses="1" visitedMethods="91" numMethods="91" />
          <FullName>ServerTest.EmployeeServiceTest</FullName>
          <Methods>
            <Method visited="true" cyclomaticComplexity="1" nPathComplexity="0" sequenceCoverage="100" branchCoverage="100" isConstructor="false" isStatic="false" isGetter="false" isSetter="false">
              <Summary numSequencePoints="49" visitedSequencePoints="49" numBranchPoints="1" visitedBranchPoints="1" sequenceCoverage="100" branchCoverage="100" maxCyclomaticComplexity="1" minCyclomaticComplexity="1" visitedClasses="0" numClasses="0" visitedMethods="1" numMethods="1" />
              <MetadataToken>100663297</MetadataToken>
              <Name>System.Void ServerTest.EmployeeServiceTest::SetupTest()</Name>
              <FileRef uid="1" />
              <SequencePoints>
                <SequencePoint vc="1" uspid="1" ordinal="0" offset="0" sl="36" sc="9" el="36" ec="10" bec="0" bev="0" fileid="1" />
                <SequencePoint vc="1" uspid="2" ordinal="1" offset="1" sl="37" sc="13" el="37" ec="57" bec="0" bev="0" fileid="1" />
                <SequencePoint vc="1" uspid="3" ordinal="2" offset="12" sl="38" sc="13" el="38" ec="91" bec="0" bev="0" fileid="1" />
                <SequencePoint vc="1" uspid="4" ordinal="3" offset="29" sl="40" sc="13" el="40" ec="91" bec="0" bev="0" fileid="1" />
                <SequencePoint vc="1" uspid="5" ordinal="4" offset="64" sl="41" sc="13" el="41" ec="33" bec="0" bev="0" fileid="1" />
                <SequencePoint vc="1" uspid="6" ordinal="5" offset="71" sl="43" sc="13" el="43" ec="126" bec="0" bev="0" fileid="1" />
                <SequencePoint vc="1" uspid="7" ordinal="6" offset="109" sl="44" sc="13" el="44" ec="71" bec="0" bev="0" fileid="1" />
                <SequencePoint vc="1" uspid="8" ordinal="7" offset="143" sl="45" sc="13" el="45" ec="59" bec="0" bev="0" fileid="1" />
                <SequencePoint vc="1" uspid="9" ordinal="8" offset="160" sl="47" sc="13" el="47" ec="61" bec="0" bev="0" fileid="1" />
                <SequencePoint vc="1" uspid="10" ordinal="9" offset="171" sl="49" sc="13" el="49" ec="128" bec="0" bev="0" fileid="1" />
                <SequencePoint vc="1" uspid="11" ordinal="10" offset="209" sl="50" sc="13" el="50" ec="77" bec="0" bev="0" fileid="1" />
                <SequencePoint vc="1" uspid="12" ordinal="11" offset="232" sl="51" sc="13" el="51" ec="77" bec="0" bev="0" fileid="1" />
                <SequencePoint vc="1" uspid="13" ordinal="12" offset="255" sl="53" sc="13" el="53" ec="37" bec="0" bev="0" fileid="1" />
                <SequencePoint vc="1" uspid="14" ordinal="13" offset="262" sl="55" sc="13" el="55" ec="96" bec="0" bev="0" fileid="1" />
                <SequencePoint vc="1" uspid="15" ordinal="14" offset="293" sl="56" sc="13" el="56" ec="97" bec="0" bev="0" fileid="1" />
                <SequencePoint vc="1" uspid="16" ordinal="15" offset="324" sl="57" sc="13" el="57" ec="33" bec="0" bev="0" fileid="1" />
                <SequencePoint vc="1" uspid="17" ordinal="16" offset="331" sl="59" sc="13" el="59" ec="111" bec="0" bev="0" fileid="1" />
                <SequencePoint vc="1" uspid="18" ordinal="17" offset="392" sl="61" sc="13" el="61" ec="77" bec="0" bev="0" fileid="1" />
                <SequencePoint vc="1" uspid="19" ordinal="18" offset="428" sl="62" sc="13" el="62" ec="36" bec="0" bev="0" fileid="1" />
                <SequencePoint vc="1" uspid="20" ordinal="19" offset="439" sl="63" sc="13" el="63" ec="36" bec="0" bev="0" fileid="1" />
                <SequencePoint vc="1" uspid="21" ordinal="20" offset="450" sl="65" sc="13" el="65" ec="61" bec="0" bev="0" fileid="1" />
                <SequencePoint vc="1" uspid="22" ordinal="21" offset="461" sl="67" sc="13" el="67" ec="73" bec="0" bev="0" fileid="1" />
                <SequencePoint vc="1" uspid="23" ordinal="22" offset="483" sl="70" sc="13" el="70" ec="133" bec="0" bev="0" fileid="1" />
                <SequencePoint vc="1" uspid="24" ordinal="23" offset="578" sl="71" sc="13" el="71" ec="134" bec="0" bev="0" fileid="1" />
                <SequencePoint vc="1" uspid="25" ordinal="24" offset="673" sl="72" sc="13" el="72" ec="168" bec="0" bev="0" fileid="1" />
                <SequencePoint vc="1" uspid="26" ordinal="25" offset="799" sl="74" sc="13" el="74" ec="104" bec="0" bev="0" fileid="1" />
                <SequencePoint vc="1" uspid="27" ordinal="26" offset="833" sl="75" sc="13" el="75" ec="106" bec="0" bev="0" fileid="1" />
                <SequencePoint vc="1" uspid="28" ordinal="27" offset="867" sl="76" sc="13" el="76" ec="109" bec="0" bev="0" fileid="1" />
                <SequencePoint vc="1" uspid="29" ordinal="28" offset="901" sl="78" sc="13" el="78" ec="107" bec="0" bev="0" fileid="1" />
                <SequencePoint vc="1" uspid="30" ordinal="29" offset="935" sl="79" sc="13" el="79" ec="110" bec="0" bev="0" fileid="1" />
                <SequencePoint vc="1" uspid="31" ordinal="30" offset="969" sl="81" sc="13" el="81" ec="92" bec="0" bev="0" fileid="1" />
                <SequencePoint vc="1" uspid="32" ordinal="31" offset="1003" sl="82" sc="13" el="82" ec="97" bec="0" bev="0" fileid="1" />
                <SequencePoint vc="1" uspid="33" ordinal="32" offset="1037" sl="84" sc="13" el="84" ec="119" bec="0" bev="0" fileid="1" />
                <SequencePoint vc="1" uspid="34" ordinal="33" offset="1077" sl="85" sc="13" el="85" ec="118" bec="0" bev="0" fileid="1" />
                <SequencePoint vc="1" uspid="35" ordinal="34" offset="1111" sl="86" sc="13" el="86" ec="114" bec="0" bev="0" fileid="1" />
                <SequencePoint vc="1" uspid="36" ordinal="35" offset="1145" sl="88" sc="13" el="88" ec="107" bec="0" bev="0" fileid="1" />
                <SequencePoint vc="1" uspid="37" ordinal="36" offset="1189" sl="90" sc="13" el="90" ec="97" bec="0" bev="0" fileid="1" />
                <SequencePoint vc="1" uspid="38" ordinal="37" offset="1223" sl="91" sc="13" el="91" ec="98" bec="0" bev="0" fileid="1" />
                <SequencePoint vc="1" uspid="39" ordinal="38" offset="1257" sl="93" sc="13" el="93" ec="92" bec="0" bev="0" fileid="1" />
                <SequencePoint vc="1" uspid="40" ordinal="39" offset="1291" sl="94" sc="13" el="94" ec="94" bec="0" bev="0" fileid="1" />
                <SequencePoint vc="1" uspid="41" ordinal="40" offset="1325" sl="96" sc="13" el="96" ec="120" bec="0" bev="0" fileid="1" />
                <SequencePoint vc="1" uspid="42" ordinal="41" offset="1364" sl="98" sc="13" el="98" ec="100" bec="0" bev="0" fileid="1" />
                <SequencePoint vc="1" uspid="43" ordinal="42" offset="1403" sl="100" sc="13" el="100" ec="180" bec="0" bev="0" fileid="1" />
                <SequencePoint vc="1" uspid="44" ordinal="43" offset="1462" sl="102" sc="13" el="102" ec="105" bec="0" bev="0" fileid="1" />
                <SequencePoint vc="1" uspid="45" ordinal="44" offset="1495" sl="103" sc="13" el="103" ec="106" bec="0" bev="0" fileid="1" />
                <SequencePoint vc="1" uspid="46" ordinal="45" offset="1528" sl="105" sc="13" el="105" ec="127" bec="0" bev="0" fileid="1" />
                <SequencePoint vc="1" uspid="47" ordinal="46" offset="1581" sl="107" sc="13" el="107" ec="124" bec="0" bev="0" fileid="1" />
                <SequencePoint vc="1" uspid="48" ordinal="47" offset="1621" sl="109" sc="13" el="109" ec="115" bec="0" bev="0" fileid="1" />
                <SequencePoint vc="1" uspid="49" ordinal="48" offset="1661" sl="110" sc="9" el="110" ec="10" bec="0" bev="0" fileid="1" />
              </SequencePoints>
              <BranchPoints />
              <MethodPoint xsi:type="SequencePoint" vc="1" uspid="1" ordinal="0" offset="0" sl="36" sc="9" el="36" ec="10" bec="0" bev="0" fileid="1" />
            </Method>
            <Method visited="true" cyclomaticComplexity="1" nPathComplexity="0" sequenceCoverage="100" branchCoverage="100" isConstructor="false" isStatic="false" isGetter="false" isSetter="false">
              <Summary numSequencePoints="3" visitedSequencePoints="3" numBranchPoints="1" visitedBranchPoints="1" sequenceCoverage="100" branchCoverage="100" maxCyclomaticComplexity="1" minCyclomaticComplexity="1" visitedClasses="0" numClasses="0" visitedMethods="1" numMethods="1" />
              <MetadataToken>100663298</MetadataToken>
              <Name>System.Void ServerTest.EmployeeServiceTest::LogInTestOk()</Name>
              <FileRef uid="1" />
              <SequencePoints>
                <SequencePoint vc="1" uspid="50" ordinal="0" offset="0" sl="115" sc="9" el="115" ec="10" bec="0" bev="0" fileid="1" />
                <SequencePoint vc="1" uspid="51" ordinal="1" offset="1" sl="116" sc="13" el="116" ec="96" bec="0" bev="0" fileid="1" />
                <SequencePoint vc="1" uspid="52" ordinal="2" offset="19" sl="117" sc="9" el="117" ec="10" bec="0" bev="0" fileid="1" />
              </SequencePoints>
              <BranchPoints />
              <MethodPoint xsi:type="SequencePoint" vc="1" uspid="50" ordinal="0" offset="0" sl="115" sc="9" el="115" ec="10" bec="0" bev="0" fileid="1" />
            </Method>
            <Method visited="true" cyclomaticComplexity="1" nPathComplexity="0" sequenceCoverage="100" branchCoverage="100" isConstructor="false" isStatic="false" isGetter="false" isSetter="false">
              <Summary numSequencePoints="3" visitedSequencePoints="3" numBranchPoints="1" visitedBranchPoints="1" sequenceCoverage="100" branchCoverage="100" maxCyclomaticComplexity="1" minCyclomaticComplexity="1" visitedClasses="0" numClasses="0" visitedMethods="1" numMethods="1" />
              <MetadataToken>100663299</MetadataToken>
              <Name>System.Void ServerTest.EmployeeServiceTest::LogInTestEmployeeAlreadyExist()</Name>
              <FileRef uid="1" />
              <SequencePoints>
                <SequencePoint vc="1" uspid="53" ordinal="0" offset="0" sl="121" sc="9" el="121" ec="10" bec="0" bev="0" fileid="1" />
                <SequencePoint vc="1" uspid="54" ordinal="1" offset="1" sl="122" sc="13" el="122" ec="96" bec="0" bev="0" fileid="1" />
                <SequencePoint vc="1" uspid="55" ordinal="2" offset="19" sl="123" sc="9" el="123" ec="10" bec="0" bev="0" fileid="1" />
              </SequencePoints>
              <BranchPoints />
              <MethodPoint xsi:type="SequencePoint" vc="1" uspid="53" ordinal="0" offset="0" sl="121" sc="9" el="121" ec="10" bec="0" bev="0" fileid="1" />
            </Method>
            <Method visited="true" cyclomaticComplexity="1" nPathComplexity="0" sequenceCoverage="100" branchCoverage="100" isConstructor="false" isStatic="false" isGetter="false" isSetter="false">
              <Summary numSequencePoints="3" visitedSequencePoints="3" numBranchPoints="1" visitedBranchPoints="1" sequenceCoverage="100" branchCoverage="100" maxCyclomaticComplexity="1" minCyclomaticComplexity="1" visitedClasses="0" numClasses="0" visitedMethods="1" numMethods="1" />
              <MetadataToken>100663300</MetadataToken>
              <Name>System.Void ServerTest.EmployeeServiceTest::LogInTestSM()</Name>
              <FileRef uid="1" />
              <SequencePoints>
                <SequencePoint vc="1" uspid="56" ordinal="0" offset="0" sl="127" sc="9" el="127" ec="10" bec="0" bev="0" fileid="1" />
                <SequencePoint vc="1" uspid="57" ordinal="1" offset="1" sl="128" sc="13" el="128" ec="95" bec="0" bev="0" fileid="1" />
                <SequencePoint vc="1" uspid="58" ordinal="2" offset="19" sl="129" sc="9" el="129" ec="10" bec="0" bev="0" fileid="1" />
              </SequencePoints>
              <BranchPoints />
              <MethodPoint xsi:type="SequencePoint" vc="1" uspid="56" ordinal="0" offset="0" sl="127" sc="9" el="127" ec="10" bec="0" bev="0" fileid="1" />
            </Method>
            <Method visited="true" cyclomaticComplexity="1" nPathComplexity="0" sequenceCoverage="100" branchCoverage="100" isConstructor="false" isStatic="false" isGetter="false" isSetter="false">
              <Summary numSequencePoints="3" visitedSequencePoints="3" numBranchPoints="1" visitedBranchPoints="1" sequenceCoverage="100" branchCoverage="100" maxCyclomaticComplexity="1" minCyclomaticComplexity="1" visitedClasses="0" numClasses="0" visitedMethods="1" numMethods="1" />
              <MetadataToken>100663301</MetadataToken>
              <Name>System.Void ServerTest.EmployeeServiceTest::LogInTestFaultEmail()</Name>
              <FileRef uid="1" />
              <SequencePoints>
                <SequencePoint vc="1" uspid="59" ordinal="0" offset="0" sl="133" sc="9" el="133" ec="10" bec="0" bev="0" fileid="1" />
                <SequencePoint vc="1" uspid="60" ordinal="1" offset="1" sl="134" sc="13" el="134" ec="95" bec="0" bev="0" fileid="1" />
                <SequencePoint vc="1" uspid="61" ordinal="2" offset="19" sl="135" sc="9" el="135" ec="10" bec="0" bev="0" fileid="1" />
              </SequencePoints>
              <BranchPoints />
              <MethodPoint xsi:type="SequencePoint" vc="1" uspid="59" ordinal="0" offset="0" sl="133" sc="9" el="133" ec="10" bec="0" bev="0" fileid="1" />
            </Method>
            <Method visited="true" cyclomaticComplexity="1" nPathComplexity="0" sequenceCoverage="100" branchCoverage="100" isConstructor="false" isStatic="false" isGetter="false" isSetter="false">
              <Summary numSequencePoints="3" visitedSequencePoints="3" numBranchPoints="1" visitedBranchPoints="1" sequenceCoverage="100" branchCoverage="100" maxCyclomaticComplexity="1" minCyclomaticComplexity="1" visitedClasses="0" numClasses="0" visitedMethods="1" numMethods="1" />
              <MetadataToken>100663302</MetadataToken>
              <Name>System.Void ServerTest.EmployeeServiceTest::LogInTestFaultPass()</Name>
              <FileRef uid="1" />
              <SequencePoints>
                <SequencePoint vc="1" uspid="62" ordinal="0" offset="0" sl="139" sc="9" el="139" ec="10" bec="0" bev="0" fileid="1" />
                <SequencePoint vc="1" uspid="63" ordinal="1" offset="1" sl="140" sc="13" el="140" ec="96" bec="0" bev="0" fileid="1" />
                <SequencePoint vc="1" uspid="64" ordinal="2" offset="19" sl="141" sc="9" el="141" ec="10" bec="0" bev="0" fileid="1" />
              </SequencePoints>
              <BranchPoints />
              <MethodPoint xsi:type="SequencePoint" vc="1" uspid="62" ordinal="0" offset="0" sl="139" sc="9" el="139" ec="10" bec="0" bev="0" fileid="1" />
            </Method>
            <Method visited="true" cyclomaticComplexity="1" nPathComplexity="0" sequenceCoverage="100" branchCoverage="100" isConstructor="false" isStatic="false" isGetter="false" isSetter="false">
              <Summary numSequencePoints="3" visitedSequencePoints="3" numBranchPoints="1" visitedBranchPoints="1" sequenceCoverage="100" branchCoverage="100" maxCyclomaticComplexity="1" minCyclomaticComplexity="1" visitedClasses="0" numClasses="0" visitedMethods="1" numMethods="1" />
              <MetadataToken>100663303</MetadataToken>
              <Name>System.Void ServerTest.EmployeeServiceTest::LogOutTestOk()</Name>
              <FileRef uid="1" />
              <SequencePoints>
                <SequencePoint vc="1" uspid="65" ordinal="0" offset="0" sl="146" sc="9" el="146" ec="10" bec="0" bev="0" fileid="1" />
                <SequencePoint vc="1" uspid="66" ordinal="1" offset="1" sl="147" sc="13" el="147" ec="81" bec="0" bev="0" fileid="1" />
                <SequencePoint vc="1" uspid="67" ordinal="2" offset="19" sl="148" sc="9" el="148" ec="10" bec="0" bev="0" fileid="1" />
              </SequencePoints>
              <BranchPoints />
              <MethodPoint xsi:type="SequencePoint" vc="1" uspid="65" ordinal="0" offset="0" sl="146" sc="9" el="146" ec="10" bec="0" bev="0" fileid="1" />
            </Method>
            <Method visited="true" cyclomaticComplexity="1" nPathComplexity="0" sequenceCoverage="100" branchCoverage="100" isConstructor="false" isStatic="false" isGetter="false" isSetter="false">
              <Summary numSequencePoints="3" visitedSequencePoints="3" numBranchPoints="1" visitedBranchPoints="1" sequenceCoverage="100" branchCoverage="100" maxCyclomaticComplexity="1" minCyclomaticComplexity="1" visitedClasses="0" numClasses="0" visitedMethods="1" numMethods="1" />
              <MetadataToken>100663304</MetadataToken>
              <Name>System.Void ServerTest.EmployeeServiceTest::AddEmployeeTestOk()</Name>
              <FileRef uid="1" />
              <SequencePoints>
                <SequencePoint vc="1" uspid="68" ordinal="0" offset="0" sl="153" sc="9" el="153" ec="10" bec="0" bev="0" fileid="1" />
                <SequencePoint vc="1" uspid="69" ordinal="1" offset="1" sl="154" sc="13" el="154" ec="86" bec="0" bev="0" fileid="1" />
                <SequencePoint vc="1" uspid="70" ordinal="2" offset="19" sl="155" sc="9" el="155" ec="10" bec="0" bev="0" fileid="1" />
              </SequencePoints>
              <BranchPoints />
              <MethodPoint xsi:type="SequencePoint" vc="1" uspid="68" ordinal="0" offset="0" sl="153" sc="9" el="153" ec="10" bec="0" bev="0" fileid="1" />
            </Method>
            <Method visited="true" cyclomaticComplexity="1" nPathComplexity="0" sequenceCoverage="100" branchCoverage="100" isConstructor="false" isStatic="false" isGetter="false" isSetter="false">
              <Summary numSequencePoints="3" visitedSequencePoints="3" numBranchPoints="1" visitedBranchPoints="1" sequenceCoverage="100" branchCoverage="100" maxCyclomaticComplexity="1" minCyclomaticComplexity="1" visitedClasses="0" numClasses="0" visitedMethods="1" numMethods="1" />
              <MetadataToken>100663305</MetadataToken>
              <Name>System.Void ServerTest.EmployeeServiceTest::AddEmployeeTestOkSM()</Name>
              <FileRef uid="1" />
              <SequencePoints>
                <SequencePoint vc="1" uspid="71" ordinal="0" offset="0" sl="159" sc="9" el="159" ec="10" bec="0" bev="0" fileid="1" />
                <SequencePoint vc="1" uspid="72" ordinal="1" offset="1" sl="160" sc="13" el="160" ec="88" bec="0" bev="0" fileid="1" />
                <SequencePoint vc="1" uspid="73" ordinal="2" offset="19" sl="161" sc="9" el="161" ec="10" bec="0" bev="0" fileid="1" />
              </SequencePoints>
              <BranchPoints />
              <MethodPoint xsi:type="SequencePoint" vc="1" uspid="71" ordinal="0" offset="0" sl="159" sc="9" el="159" ec="10" bec="0" bev="0" fileid="1" />
            </Method>
            <Method visited="true" cyclomaticComplexity="1" nPathComplexity="0" sequenceCoverage="100" branchCoverage="100" isConstructor="false" isStatic="false" isGetter="false" isSetter="false">
              <Summary numSequencePoints="3" visitedSequencePoints="3" numBranchPoints="1" visitedBranchPoints="1" sequenceCoverage="100" branchCoverage="100" maxCyclomaticComplexity="1" minCyclomaticComplexity="1" visitedClasses="0" numClasses="0" visitedMethods="1" numMethods="1" />
              <MetadataToken>100663306</MetadataToken>
              <Name>System.Void ServerTest.EmployeeServiceTest::AddEmployeeTestFault()</Name>
              <FileRef uid="1" />
              <SequencePoints>
                <SequencePoint vc="1" uspid="74" ordinal="0" offset="0" sl="165" sc="9" el="165" ec="10" bec="0" bev="0" fileid="1" />
                <SequencePoint vc="1" uspid="75" ordinal="1" offset="1" sl="166" sc="13" el="166" ec="117" bec="0" bev="0" fileid="1" />
                <SequencePoint vc="1" uspid="76" ordinal="2" offset="19" sl="167" sc="9" el="167" ec="10" bec="0" bev="0" fileid="1" />
              </SequencePoints>
              <BranchPoints />
              <MethodPoint xsi:type="SequencePoint" vc="1" uspid="74" ordinal="0" offset="0" sl="165" sc="9" el="165" ec="10" bec="0" bev="0" fileid="1" />
            </Method>
            <Method visited="true" cyclomaticComplexity="1" nPathComplexity="0" sequenceCoverage="100" branchCoverage="100" isConstructor="false" isStatic="false" isGetter="false" isSetter="false">
              <Summary numSequencePoints="3" visitedSequencePoints="3" numBranchPoints="1" visitedBranchPoints="1" sequenceCoverage="100" branchCoverage="100" maxCyclomaticComplexity="1" minCyclomaticComplexity="1" visitedClasses="0" numClasses="0" visitedMethods="1" numMethods="1" />
              <MetadataToken>100663307</MetadataToken>
              <Name>System.Void ServerTest.EmployeeServiceTest::EditEmployeeTestOk()</Name>
              <FileRef uid="1" />
              <SequencePoints>
                <SequencePoint vc="1" uspid="77" ordinal="0" offset="0" sl="172" sc="9" el="172" ec="10" bec="0" bev="0" fileid="1" />
                <SequencePoint vc="1" uspid="78" ordinal="1" offset="1" sl="173" sc="13" el="173" ec="91" bec="0" bev="0" fileid="1" />
                <SequencePoint vc="1" uspid="79" ordinal="2" offset="19" sl="174" sc="9" el="174" ec="10" bec="0" bev="0" fileid="1" />
              </SequencePoints>
              <BranchPoints />
              <MethodPoint xsi:type="SequencePoint" vc="1" uspid="77" ordinal="0" offset="0" sl="172" sc="9" el="172" ec="10" bec="0" bev="0" fileid="1" />
            </Method>
            <Method visited="true" cyclomaticComplexity="1" nPathComplexity="0" sequenceCoverage="100" branchCoverage="100" isConstructor="false" isStatic="false" isGetter="false" isSetter="false">
              <Summary numSequencePoints="3" visitedSequencePoints="3" numBranchPoints="1" visitedBranchPoints="1" sequenceCoverage="100" branchCoverage="100" maxCyclomaticComplexity="1" minCyclomaticComplexity="1" visitedClasses="0" numClasses="0" visitedMethods="1" numMethods="1" />
              <MetadataToken>100663308</MetadataToken>
              <Name>System.Void ServerTest.EmployeeServiceTest::EditEmployeeTestFault()</Name>
              <FileRef uid="1" />
              <SequencePoints>
                <SequencePoint vc="1" uspid="80" ordinal="0" offset="0" sl="178" sc="9" el="178" ec="10" bec="0" bev="0" fileid="1" />
                <SequencePoint vc="1" uspid="81" ordinal="1" offset="1" sl="179" sc="13" el="179" ec="93" bec="0" bev="0" fileid="1" />
                <SequencePoint vc="1" uspid="82" ordinal="2" offset="19" sl="180" sc="9" el="180" ec="10" bec="0" bev="0" fileid="1" />
              </SequencePoints>
              <BranchPoints />
              <MethodPoint xsi:type="SequencePoint" vc="1" uspid="80" ordinal="0" offset="0" sl="178" sc="9" el="178" ec="10" bec="0" bev="0" fileid="1" />
            </Method>
            <Method visited="true" cyclomaticComplexity="1" nPathComplexity="0" sequenceCoverage="100" branchCoverage="100" isConstructor="false" isStatic="false" isGetter="false" isSetter="false">
              <Summary numSequencePoints="3" visitedSequencePoints="3" numBranchPoints="1" visitedBranchPoints="1" sequenceCoverage="100" branchCoverage="100" maxCyclomaticComplexity="1" minCyclomaticComplexity="1" visitedClasses="0" numClasses="0" visitedMethods="1" numMethods="1" />
              <MetadataToken>100663309</MetadataToken>
              <Name>System.Void ServerTest.EmployeeServiceTest::AddTeamTestOk()</Name>
              <FileRef uid="1" />
              <SequencePoints>
                <SequencePoint vc="1" uspid="83" ordinal="0" offset="0" sl="185" sc="9" el="185" ec="10" bec="0" bev="0" fileid="1" />
                <SequencePoint vc="1" uspid="84" ordinal="1" offset="1" sl="186" sc="13" el="186" ec="78" bec="0" bev="0" fileid="1" />
                <SequencePoint vc="1" uspid="85" ordinal="2" offset="19" sl="187" sc="9" el="187" ec="10" bec="0" bev="0" fileid="1" />
              </SequencePoints>
              <BranchPoints />
              <MethodPoint xsi:type="SequencePoint" vc="1" uspid="83" ordinal="0" offset="0" sl="185" sc="9" el="185" ec="10" bec="0" bev="0" fileid="1" />
            </Method>
            <Method visited="true" cyclomaticComplexity="1" nPathComplexity="0" sequenceCoverage="100" branchCoverage="100" isConstructor="false" isStatic="false" isGetter="false" isSetter="false">
              <Summary numSequencePoints="3" visitedSequencePoints="3" numBranchPoints="1" visitedBranchPoints="1" sequenceCoverage="100" branchCoverage="100" maxCyclomaticComplexity="1" minCyclomaticComplexity="1" visitedClasses="0" numClasses="0" visitedMethods="1" numMethods="1" />
              <MetadataToken>100663310</MetadataToken>
              <Name>System.Void ServerTest.EmployeeServiceTest::AddTeamTestFault()</Name>
              <FileRef uid="1" />
              <SequencePoints>
                <SequencePoint vc="1" uspid="86" ordinal="0" offset="0" sl="191" sc="9" el="191" ec="10" bec="0" bev="0" fileid="1" />
                <SequencePoint vc="1" uspid="87" ordinal="1" offset="1" sl="192" sc="13" el="192" ec="82" bec="0" bev="0" fileid="1" />
                <SequencePoint vc="1" uspid="88" ordinal="2" offset="19" sl="193" sc="9" el="193" ec="10" bec="0" bev="0" fileid="1" />
              </SequencePoints>
              <BranchPoints />
              <MethodPoint xsi:type="SequencePoint" vc="1" uspid="86" ordinal="0" offset="0" sl="191" sc="9" el="191" ec="10" bec="0" bev="0" fileid="1" />
            </Method>
            <Method visited="true" cyclomaticComplexity="1" nPathComplexity="0" sequenceCoverage="100" branchCoverage="100" isConstructor="false" isStatic="false" isGetter="false" isSetter="false">
              <Summary numSequencePoints="3" visitedSequencePoints="3" numBranchPoints="1" visitedBranchPoints="1" sequenceCoverage="100" branchCoverage="100" maxCyclomaticComplexity="1" minCyclomaticComplexity="1" visitedClasses="0" numClasses="0" visitedMethods="1" numMethods="1" />
              <MetadataToken>100663311</MetadataToken>
              <Name>System.Void ServerTest.EmployeeServiceTest::AddTeamAndTLTestOk()</Name>
              <FileRef uid="1" />
              <SequencePoints>
                <SequencePoint vc="1" uspid="89" ordinal="0" offset="0" sl="198" sc="9" el="198" ec="10" bec="0" bev="0" fileid="1" />
                <SequencePoint vc="1" uspid="90" ordinal="1" offset="1" sl="199" sc="13" el="199" ec="97" bec="0" bev="0" fileid="1" />
                <SequencePoint vc="1" uspid="91" ordinal="2" offset="19" sl="200" sc="9" el="200" ec="10" bec="0" bev="0" fileid="1" />
              </SequencePoints>
              <BranchPoints />
              <MethodPoint xsi:type="SequencePoint" vc="1" uspid="89" ordinal="0" offset="0" sl="198" sc="9" el="198" ec="10" bec="0" bev="0" fileid="1" />
            </Method>
            <Method visited="true" cyclomaticComplexity="1" nPathComplexity="0" sequenceCoverage="100" branchCoverage="100" isConstructor="false" isStatic="false" isGetter="false" isSetter="false">
              <Summary numSequencePoints="3" visitedSequencePoints="3" numBranchPoints="1" visitedBranchPoints="1" sequenceCoverage="100" branchCoverage="100" maxCyclomaticComplexity="1" minCyclomaticComplexity="1" visitedClasses="0" numClasses="0" visitedMethods="1" numMethods="1" />
              <MetadataToken>100663312</MetadataToken>
              <Name>System.Void ServerTest.EmployeeServiceTest::AddTeamAndTLTestFaultTeamNull()</Name>
              <FileRef uid="1" />
              <SequencePoints>
                <SequencePoint vc="1" uspid="92" ordinal="0" offset="0" sl="204" sc="9" el="204" ec="10" bec="0" bev="0" fileid="1" />
                <SequencePoint vc="1" uspid="93" ordinal="1" offset="1" sl="205" sc="13" el="205" ec="101" bec="0" bev="0" fileid="1" />
                <SequencePoint vc="1" uspid="94" ordinal="2" offset="19" sl="206" sc="9" el="206" ec="10" bec="0" bev="0" fileid="1" />
              </SequencePoints>
              <BranchPoints />
              <MethodPoint xsi:type="SequencePoint" vc="1" uspid="92" ordinal="0" offset="0" sl="204" sc="9" el="204" ec="10" bec="0" bev="0" fileid="1" />
            </Method>
            <Method visited="true" cyclomaticComplexity="1" nPathComplexity="0" sequenceCoverage="100" branchCoverage="100" isConstructor="false" isStatic="false" isGetter="false" isSetter="false">
              <Summary numSequencePoints="3" visitedSequencePoints="3" numBranchPoints="1" visitedBranchPoints="1" sequenceCoverage="100" branchCoverage="100" maxCyclomaticComplexity="1" minCyclomaticComplexity="1" visitedClasses="0" numClasses="0" visitedMethods="1" numMethods="1" />
              <MetadataToken>100663313</MetadataToken>
              <Name>System.Void ServerTest.EmployeeServiceTest::AddTeamAndTLTestFaultEmployeeNull()</Name>
              <FileRef uid="1" />
              <SequencePoints>
                <SequencePoint vc="1" uspid="95" ordinal="0" offset="0" sl="210" sc="9" el="210" ec="10" bec="0" bev="0" fileid="1" />
                <SequencePoint vc="1" uspid="96" ordinal="1" offset="1" sl="211" sc="13" el="211" ec="101" bec="0" bev="0" fileid="1" />
                <SequencePoint vc="1" uspid="97" ordinal="2" offset="19" sl="212" sc="9" el="212" ec="10" bec="0" bev="0" fileid="1" />
              </SequencePoints>
              <BranchPoints />
              <MethodPoint xsi:type="SequencePoint" vc="1" uspid="95" ordinal="0" offset="0" sl="210" sc="9" el="210" ec="10" bec="0" bev="0" fileid="1" />
            </Method>
            <Method visited="true" cyclomaticComplexity="1" nPathComplexity="0" sequenceCoverage="100" branchCoverage="100" isConstructor="false" isStatic="false" isGetter="false" isSetter="false">
              <Summary numSequencePoints="3" visitedSequencePoints="3" numBranchPoints="1" visitedBranchPoints="1" sequenceCoverage="100" branchCoverage="100" maxCyclomaticComplexity="1" minCyclomaticComplexity="1" visitedClasses="0" numClasses="0" visitedMethods="1" numMethods="1" />
              <MetadataToken>100663314</MetadataToken>
              <Name>System.Void ServerTest.EmployeeServiceTest::AddTeamAndUpdateDeveloperToTLTestOk()</Name>
              <FileRef uid="1" />
              <SequencePoints>
                <SequencePoint vc="1" uspid="98" ordinal="0" offset="0" sl="217" sc="9" el="217" ec="10" bec="0" bev="0" fileid="1" />
                <SequencePoint vc="1" uspid="99" ordinal="1" offset="1" sl="218" sc="13" el="218" ec="114" bec="0" bev="0" fileid="1" />
                <SequencePoint vc="1" uspid="100" ordinal="2" offset="19" sl="219" sc="9" el="219" ec="10" bec="0" bev="0" fileid="1" />
              </SequencePoints>
              <BranchPoints />
              <MethodPoint xsi:type="SequencePoint" vc="1" uspid="98" ordinal="0" offset="0" sl="217" sc="9" el="217" ec="10" bec="0" bev="0" fileid="1" />
            </Method>
            <Method visited="true" cyclomaticComplexity="1" nPathComplexity="0" sequenceCoverage="100" branchCoverage="100" isConstructor="false" isStatic="false" isGetter="false" isSetter="false">
              <Summary numSequencePoints="3" visitedSequencePoints="3" numBranchPoints="1" visitedBranchPoints="1" sequenceCoverage="100" branchCoverage="100" maxCyclomaticComplexity="1" minCyclomaticComplexity="1" visitedClasses="0" numClasses="0" visitedMethods="1" numMethods="1" />
              <MetadataToken>100663315</MetadataToken>
              <Name>System.Void ServerTest.EmployeeServiceTest::AddTeamAndUpdateDeveloperToTLTestFaultTeamNull()</Name>
              <FileRef uid="1" />
              <SequencePoints>
                <SequencePoint vc="1" uspid="101" ordinal="0" offset="0" sl="223" sc="9" el="223" ec="10" bec="0" bev="0" fileid="1" />
                <SequencePoint vc="1" uspid="102" ordinal="1" offset="1" sl="224" sc="13" el="224" ec="118" bec="0" bev="0" fileid="1" />
                <SequencePoint vc="1" uspid="103" ordinal="2" offset="19" sl="225" sc="9" el="225" ec="10" bec="0" bev="0" fileid="1" />
              </SequencePoints>
              <BranchPoints />
              <MethodPoint xsi:type="SequencePoint" vc="1" uspid="101" ordinal="0" offset="0" sl="223" sc="9" el="223" ec="10" bec="0" bev="0" fileid="1" />
            </Method>
            <Method visited="true" cyclomaticComplexity="1" nPathComplexity="0" sequenceCoverage="100" branchCoverage="100" isConstructor="false" isStatic="false" isGetter="false" isSetter="false">
              <Summary numSequencePoints="3" visitedSequencePoints="3" numBranchPoints="1" visitedBranchPoints="1" sequenceCoverage="100" branchCoverage="100" maxCyclomaticComplexity="1" minCyclomaticComplexity="1" visitedClasses="0" numClasses="0" visitedMethods="1" numMethods="1" />
              <MetadataToken>100663316</MetadataToken>
              <Name>System.Void ServerTest.EmployeeServiceTest::GetAllOnlineEmployeesTest()</Name>
              <FileRef uid="1" />
              <SequencePoints>
                <SequencePoint vc="1" uspid="104" ordinal="0" offset="0" sl="230" sc="9" el="230" ec="10" bec="0" bev="0" fileid="1" />
                <SequencePoint vc="1" uspid="105" ordinal="1" offset="1" sl="231" sc="13" el="231" ec="84" bec="0" bev="0" fileid="1" />
                <SequencePoint vc="1" uspid="106" ordinal="2" offset="19" sl="232" sc="9" el="232" ec="10" bec="0" bev="0" fileid="1" />
              </SequencePoints>
              <BranchPoints />
              <MethodPoint xsi:type="SequencePoint" vc="1" uspid="104" ordinal="0" offset="0" sl="230" sc="9" el="230" ec="10" bec="0" bev="0" fileid="1" />
            </Method>
            <Method visited="true" cyclomaticComplexity="1" nPathComplexity="0" sequenceCoverage="100" branchCoverage="100" isConstructor="false" isStatic="false" isGetter="false" isSetter="false">
              <Summary numSequencePoints="3" visitedSequencePoints="3" numBranchPoints="1" visitedBranchPoints="1" sequenceCoverage="100" branchCoverage="100" maxCyclomaticComplexity="1" minCyclomaticComplexity="1" visitedClasses="0" numClasses="0" visitedMethods="1" numMethods="1" />
              <MetadataToken>100663317</MetadataToken>
              <Name>System.Void ServerTest.EmployeeServiceTest::GetAllEmployeesTest()</Name>
              <FileRef uid="1" />
              <SequencePoints>
                <SequencePoint vc="1" uspid="107" ordinal="0" offset="0" sl="237" sc="9" el="237" ec="10" bec="0" bev="0" fileid="1" />
                <SequencePoint vc="1" uspid="108" ordinal="1" offset="1" sl="238" sc="13" el="238" ec="78" bec="0" bev="0" fileid="1" />
                <SequencePoint vc="1" uspid="109" ordinal="2" offset="19" sl="239" sc="9" el="239" ec="10" bec="0" bev="0" fileid="1" />
              </SequencePoints>
              <BranchPoints />
              <MethodPoint xsi:type="SequencePoint" vc="1" uspid="107" ordinal="0" offset="0" sl="237" sc="9" el="237" ec="10" bec="0" bev="0" fileid="1" />
            </Method>
            <Method visited="true" cyclomaticComplexity="1" nPathComplexity="0" sequenceCoverage="100" branchCoverage="100" isConstructor="false" isStatic="false" isGetter="false" isSetter="false">
              <Summary numSequencePoints="3" visitedSequencePoints="3" numBranchPoints="1" visitedBranchPoints="1" sequenceCoverage="100" branchCoverage="100" maxCyclomaticComplexity="1" minCyclomaticComplexity="1" visitedClasses="0" numClasses="0" visitedMethods="1" numMethods="1" />
              <MetadataToken>100663318</MetadataToken>
              <Name>System.Void ServerTest.EmployeeServiceTest::GetAllTeamsTest()</Name>
              <FileRef uid="1" />
              <SequencePoints>
                <SequencePoint vc="1" uspid="110" ordinal="0" offset="0" sl="244" sc="9" el="244" ec="10" bec="0" bev="0" fileid="1" />
                <SequencePoint vc="1" uspid="111" ordinal="1" offset="1" sl="245" sc="13" el="245" ec="74" bec="0" bev="0" fileid="1" />
                <SequencePoint vc="1" uspid="112" ordinal="2" offset="19" sl="246" sc="9" el="246" ec="10" bec="0" bev="0" fileid="1" />
              </SequencePoints>
              <BranchPoints />
              <MethodPoint xsi:type="SequencePoint" vc="1" uspid="110" ordinal="0" offset="0" sl="244" sc="9" el="244" ec="10" bec="0" bev="0" fileid="1" />
            </Method>
            <Method visited="true" cyclomaticComplexity="1" nPathComplexity="0" sequenceCoverage="100" branchCoverage="100" isConstructor="false" isStatic="false" isGetter="false" isSetter="false">
              <Summary numSequencePoints="3" visitedSequencePoints="3" numBranchPoints="1" visitedBranchPoints="1" sequenceCoverage="100" branchCoverage="100" maxCyclomaticComplexity="1" minCyclomaticComplexity="1" visitedClasses="0" numClasses="0" visitedMethods="1" numMethods="1" />
              <MetadataToken>100663319</MetadataToken>
              <Name>System.Void ServerTest.EmployeeServiceTest::GetAllHiringCompaniesTest()</Name>
              <FileRef uid="1" />
              <SequencePoints>
                <SequencePoint vc="1" uspid="113" ordinal="0" offset="0" sl="251" sc="9" el="251" ec="10" bec="0" bev="0" fileid="1" />
                <SequencePoint vc="1" uspid="114" ordinal="1" offset="1" sl="252" sc="13" el="252" ec="84" bec="0" bev="0" fileid="1" />
                <SequencePoint vc="1" uspid="115" ordinal="2" offset="19" sl="253" sc="9" el="253" ec="10" bec="0" bev="0" fileid="1" />
              </SequencePoints>
              <BranchPoints />
              <MethodPoint xsi:type="SequencePoint" vc="1" uspid="113" ordinal="0" offset="0" sl="251" sc="9" el="251" ec="10" bec="0" bev="0" fileid="1" />
            </Method>
            <Method visited="true" cyclomaticComplexity="1" nPathComplexity="0" sequenceCoverage="100" branchCoverage="100" isConstructor="false" isStatic="false" isGetter="false" isSetter="false">
              <Summary numSequencePoints="3" visitedSequencePoints="3" numBranchPoints="1" visitedBranchPoints="1" sequenceCoverage="100" branchCoverage="100" maxCyclomaticComplexity="1" minCyclomaticComplexity="1" visitedClasses="0" numClasses="0" visitedMethods="1" numMethods="1" />
              <MetadataToken>100663320</MetadataToken>
              <Name>System.Void ServerTest.EmployeeServiceTest::GetAllProjectsTest()</Name>
              <FileRef uid="1" />
              <SequencePoints>
                <SequencePoint vc="1" uspid="116" ordinal="0" offset="0" sl="258" sc="9" el="258" ec="10" bec="0" bev="0" fileid="1" />
                <SequencePoint vc="1" uspid="117" ordinal="1" offset="1" sl="259" sc="13" el="259" ec="77" bec="0" bev="0" fileid="1" />
                <SequencePoint vc="1" uspid="118" ordinal="2" offset="19" sl="260" sc="9" el="260" ec="10" bec="0" bev="0" fileid="1" />
              </SequencePoints>
              <BranchPoints />
              <MethodPoint xsi:type="SequencePoint" vc="1" uspid="116" ordinal="0" offset="0" sl="258" sc="9" el="258" ec="10" bec="0" bev="0" fileid="1" />
            </Method>
            <Method visited="true" cyclomaticComplexity="1" nPathComplexity="0" sequenceCoverage="100" branchCoverage="100" isConstructor="false" isStatic="false" isGetter="false" isSetter="false">
              <Summary numSequencePoints="3" visitedSequencePoints="3" numBranchPoints="1" visitedBranchPoints="1" sequenceCoverage="100" branchCoverage="100" maxCyclomaticComplexity="1" minCyclomaticComplexity="1" visitedClasses="0" numClasses="0" visitedMethods="1" numMethods="1" />
              <MetadataToken>100663321</MetadataToken>
              <Name>System.Void ServerTest.EmployeeServiceTest::ProjectTeamAssignTestTest()</Name>
              <FileRef uid="1" />
              <SequencePoints>
                <SequencePoint vc="1" uspid="119" ordinal="0" offset="0" sl="265" sc="9" el="265" ec="10" bec="0" bev="0" fileid="1" />
                <SequencePoint vc="1" uspid="120" ordinal="1" offset="1" sl="266" sc="13" el="266" ec="129" bec="0" bev="0" fileid="1" />
                <SequencePoint vc="1" uspid="121" ordinal="2" offset="19" sl="267" sc="9" el="267" ec="10" bec="0" bev="0" fileid="1" />
              </SequencePoints>
              <BranchPoints />
              <MethodPoint xsi:type="SequencePoint" vc="1" uspid="119" ordinal="0" offset="0" sl="265" sc="9" el="265" ec="10" bec="0" bev="0" fileid="1" />
            </Method>
            <Method visited="true" cyclomaticComplexity="1" nPathComplexity="0" sequenceCoverage="100" branchCoverage="100" isConstructor="false" isStatic="false" isGetter="false" isSetter="false">
              <Summary numSequencePoints="3" visitedSequencePoints="3" numBranchPoints="1" visitedBranchPoints="1" sequenceCoverage="100" branchCoverage="100" maxCyclomaticComplexity="1" minCyclomaticComplexity="1" visitedClasses="0" numClasses="0" visitedMethods="1" numMethods="1" />
              <MetadataToken>100663322</MetadataToken>
              <Name>System.Void ServerTest.EmployeeServiceTest::AddUserStoryTestOk()</Name>
              <FileRef uid="1" />
              <SequencePoints>
                <SequencePoint vc="1" uspid="122" ordinal="0" offset="0" sl="272" sc="9" el="272" ec="10" bec="0" bev="0" fileid="1" />
                <SequencePoint vc="1" uspid="123" ordinal="1" offset="1" sl="273" sc="13" el="273" ec="102" bec="0" bev="0" fileid="1" />
                <SequencePoint vc="1" uspid="124" ordinal="2" offset="19" sl="274" sc="9" el="274" ec="10" bec="0" bev="0" fileid="1" />
              </SequencePoints>
              <BranchPoints />
              <MethodPoint xsi:type="SequencePoint" vc="1" uspid="122" ordinal="0" offset="0" sl="272" sc="9" el="272" ec="10" bec="0" bev="0" fileid="1" />
            </Method>
            <Method visited="true" cyclomaticComplexity="1" nPathComplexity="0" sequenceCoverage="100" branchCoverage="100" isConstructor="false" isStatic="false" isGetter="false" isSetter="false">
              <Summary numSequencePoints="3" visitedSequencePoints="3" numBranchPoints="1" visitedBranchPoints="1" sequenceCoverage="100" branchCoverage="100" maxCyclomaticComplexity="1" minCyclomaticComplexity="1" visitedClasses="0" numClasses="0" visitedMethods="1" numMethods="1" />
              <MetadataToken>100663323</MetadataToken>
              <Name>System.Void ServerTest.EmployeeServiceTest::AddUserStoryTestFault()</Name>
              <FileRef uid="1" />
              <SequencePoints>
                <SequencePoint vc="1" uspid="125" ordinal="0" offset="0" sl="278" sc="9" el="278" ec="10" bec="0" bev="0" fileid="1" />
                <SequencePoint vc="1" uspid="126" ordinal="1" offset="1" sl="279" sc="13" el="279" ec="102" bec="0" bev="0" fileid="1" />
                <SequencePoint vc="1" uspid="127" ordinal="2" offset="19" sl="280" sc="9" el="280" ec="10" bec="0" bev="0" fileid="1" />
              </SequencePoints>
              <BranchPoints />
              <MethodPoint xsi:type="SequencePoint" vc="1" uspid="125" ordinal="0" offset="0" sl="278" sc="9" el="278" ec="10" bec="0" bev="0" fileid="1" />
            </Method>
            <Method visited="true" cyclomaticComplexity="1" nPathComplexity="0" sequenceCoverage="100" branchCoverage="100" isConstructor="false" isStatic="false" isGetter="false" isSetter="false">
              <Summary numSequencePoints="3" visitedSequencePoints="3" numBranchPoints="1" visitedBranchPoints="1" sequenceCoverage="100" branchCoverage="100" maxCyclomaticComplexity="1" minCyclomaticComplexity="1" visitedClasses="0" numClasses="0" visitedMethods="1" numMethods="1" />
              <MetadataToken>100663324</MetadataToken>
              <Name>System.Void ServerTest.EmployeeServiceTest::AddTaskTestOk()</Name>
              <FileRef uid="1" />
              <SequencePoints>
                <SequencePoint vc="1" uspid="128" ordinal="0" offset="0" sl="285" sc="9" el="285" ec="10" bec="0" bev="0" fileid="1" />
                <SequencePoint vc="1" uspid="129" ordinal="1" offset="1" sl="286" sc="13" el="286" ec="78" bec="0" bev="0" fileid="1" />
                <SequencePoint vc="1" uspid="130" ordinal="2" offset="19" sl="287" sc="9" el="287" ec="10" bec="0" bev="0" fileid="1" />
              </SequencePoints>
              <BranchPoints />
              <MethodPoint xsi:type="SequencePoint" vc="1" uspid="128" ordinal="0" offset="0" sl="285" sc="9" el="285" ec="10" bec="0" bev="0" fileid="1" />
            </Method>
            <Method visited="true" cyclomaticComplexity="1" nPathComplexity="0" sequenceCoverage="100" branchCoverage="100" isConstructor="false" isStatic="false" isGetter="false" isSetter="false">
              <Summary numSequencePoints="3" visitedSequencePoints="3" numBranchPoints="1" visitedBranchPoints="1" sequenceCoverage="100" branchCoverage="100" maxCyclomaticComplexity="1" minCyclomaticComplexity="1" visitedClasses="0" numClasses="0" visitedMethods="1" numMethods="1" />
              <MetadataToken>100663325</MetadataToken>
              <Name>System.Void ServerTest.EmployeeServiceTest::AddTaskTestFault()</Name>
              <FileRef uid="1" />
              <SequencePoints>
                <SequencePoint vc="1" uspid="131" ordinal="0" offset="0" sl="291" sc="9" el="291" ec="10" bec="0" bev="0" fileid="1" />
                <SequencePoint vc="1" uspid="132" ordinal="1" offset="1" sl="292" sc="13" el="292" ec="82" bec="0" bev="0" fileid="1" />
                <SequencePoint vc="1" uspid="133" ordinal="2" offset="19" sl="293" sc="9" el="293" ec="10" bec="0" bev="0" fileid="1" />
              </SequencePoints>
              <BranchPoints />
              <MethodPoint xsi:type="SequencePoint" vc="1" uspid="131" ordinal="0" offset="0" sl="291" sc="9" el="291" ec="10" bec="0" bev="0" fileid="1" />
            </Method>
            <Method visited="true" cyclomaticComplexity="1" nPathComplexity="0" sequenceCoverage="100" branchCoverage="100" isConstructor="false" isStatic="false" isGetter="false" isSetter="false">
              <Summary numSequencePoints="3" visitedSequencePoints="3" numBranchPoints="1" visitedBranchPoints="1" sequenceCoverage="100" branchCoverage="100" maxCyclomaticComplexity="1" minCyclomaticComplexity="1" visitedClasses="0" numClasses="0" visitedMethods="1" numMethods="1" />
              <MetadataToken>100663326</MetadataToken>
              <Name>System.Void ServerTest.EmployeeServiceTest::ReleaseUserStoryTest()</Name>
              <FileRef uid="1" />
              <SequencePoints>
                <SequencePoint vc="1" uspid="134" ordinal="0" offset="0" sl="298" sc="9" el="298" ec="10" bec="0" bev="0" fileid="1" />
                <SequencePoint vc="1" uspid="135" ordinal="1" offset="1" sl="299" sc="13" el="299" ec="92" bec="0" bev="0" fileid="1" />
                <SequencePoint vc="1" uspid="136" ordinal="2" offset="19" sl="300" sc="9" el="300" ec="10" bec="0" bev="0" fileid="1" />
              </SequencePoints>
              <BranchPoints />
              <MethodPoint xsi:type="SequencePoint" vc="1" uspid="134" ordinal="0" offset="0" sl="298" sc="9" el="298" ec="10" bec="0" bev="0" fileid="1" />
            </Method>
            <Method visited="true" cyclomaticComplexity="1" nPathComplexity="0" sequenceCoverage="100" branchCoverage="100" isConstructor="false" isStatic="false" isGetter="false" isSetter="false">
              <Summary numSequencePoints="3" visitedSequencePoints="3" numBranchPoints="1" visitedBranchPoints="1" sequenceCoverage="100" branchCoverage="100" maxCyclomaticComplexity="1" minCyclomaticComplexity="1" visitedClasses="0" numClasses="0" visitedMethods="1" numMethods="1" />
              <MetadataToken>100663327</MetadataToken>
              <Name>System.Void ServerTest.EmployeeServiceTest::TaskClaimedTest()</Name>
              <FileRef uid="1" />
              <SequencePoints>
                <SequencePoint vc="1" uspid="137" ordinal="0" offset="0" sl="305" sc="9" el="305" ec="10" bec="0" bev="0" fileid="1" />
                <SequencePoint vc="1" uspid="138" ordinal="1" offset="1" sl="306" sc="13" el="306" ec="82" bec="0" bev="0" fileid="1" />
                <SequencePoint vc="1" uspid="139" ordinal="2" offset="19" sl="307" sc="9" el="307" ec="10" bec="0" bev="0" fileid="1" />
              </SequencePoints>
              <BranchPoints />
              <MethodPoint xsi:type="SequencePoint" vc="1" uspid="137" ordinal="0" offset="0" sl="305" sc="9" el="305" ec="10" bec="0" bev="0" fileid="1" />
            </Method>
            <Method visited="true" cyclomaticComplexity="1" nPathComplexity="0" sequenceCoverage="66.67" branchCoverage="100" isConstructor="false" isStatic="false" isGetter="false" isSetter="false">
              <Summary numSequencePoints="3" visitedSequencePoints="2" numBranchPoints="1" visitedBranchPoints="1" sequenceCoverage="66.67" branchCoverage="100" maxCyclomaticComplexity="1" minCyclomaticComplexity="1" visitedClasses="0" numClasses="0" visitedMethods="1" numMethods="1" />
              <MetadataToken>100663328</MetadataToken>
              <Name>System.Void ServerTest.EmployeeServiceTest::TaskCompletedTest()</Name>
              <FileRef uid="1" />
              <SequencePoints>
                <SequencePoint vc="1" uspid="140" ordinal="0" offset="0" sl="312" sc="9" el="312" ec="10" bec="0" bev="0" fileid="1" />
                <SequencePoint vc="1" uspid="141" ordinal="1" offset="1" sl="313" sc="13" el="313" ec="84" bec="0" bev="0" fileid="1" />
                <SequencePoint vc="0" uspid="142" ordinal="2" offset="19" sl="314" sc="9" el="314" ec="10" bec="0" bev="0" fileid="1" />
              </SequencePoints>
              <BranchPoints />
              <MethodPoint xsi:type="SequencePoint" vc="1" uspid="140" ordinal="0" offset="0" sl="312" sc="9" el="312" ec="10" bec="0" bev="0" fileid="1" />
            </Method>
            <Method visited="true" cyclomaticComplexity="1" nPathComplexity="0" sequenceCoverage="66.67" branchCoverage="100" isConstructor="false" isStatic="false" isGetter="false" isSetter="false">
              <Summary numSequencePoints="3" visitedSequencePoints="2" numBranchPoints="1" visitedBranchPoints="1" sequenceCoverage="66.67" branchCoverage="100" maxCyclomaticComplexity="1" minCyclomaticComplexity="1" visitedClasses="0" numClasses="0" visitedMethods="1" numMethods="1" />
              <MetadataToken>100663329</MetadataToken>
              <Name>System.Void ServerTest.EmployeeServiceTest::SendUserStoriesTestOk()</Name>
              <FileRef uid="1" />
              <SequencePoints>
                <SequencePoint vc="1" uspid="143" ordinal="0" offset="0" sl="319" sc="9" el="319" ec="10" bec="0" bev="0" fileid="1" />
                <SequencePoint vc="1" uspid="144" ordinal="1" offset="1" sl="320" sc="13" el="320" ec="109" bec="0" bev="0" fileid="1" />
                <SequencePoint vc="0" uspid="145" ordinal="2" offset="19" sl="321" sc="9" el="321" ec="10" bec="0" bev="0" fileid="1" />
              </SequencePoints>
              <BranchPoints />
              <MethodPoint xsi:type="SequencePoint" vc="1" uspid="143" ordinal="0" offset="0" sl="319" sc="9" el="319" ec="10" bec="0" bev="0" fileid="1" />
            </Method>
            <Method visited="true" cyclomaticComplexity="1" nPathComplexity="0" sequenceCoverage="100" branchCoverage="100" isConstructor="false" isStatic="false" isGetter="false" isSetter="false">
              <Summary numSequencePoints="3" visitedSequencePoints="3" numBranchPoints="1" visitedBranchPoints="1" sequenceCoverage="100" branchCoverage="100" maxCyclomaticComplexity="1" minCyclomaticComplexity="1" visitedClasses="0" numClasses="0" visitedMethods="1" numMethods="1" />
              <MetadataToken>100663330</MetadataToken>
              <Name>System.Void ServerTest.EmployeeServiceTest::SendUserStoriesTestFault()</Name>
              <FileRef uid="1" />
              <SequencePoints>
                <SequencePoint vc="1" uspid="146" ordinal="0" offset="0" sl="325" sc="9" el="325" ec="10" bec="0" bev="0" fileid="1" />
                <SequencePoint vc="1" uspid="147" ordinal="1" offset="1" sl="326" sc="13" el="326" ec="109" bec="0" bev="0" fileid="1" />
                <SequencePoint vc="1" uspid="148" ordinal="2" offset="19" sl="327" sc="9" el="327" ec="10" bec="0" bev="0" fileid="1" />
              </SequencePoints>
              <BranchPoints />
              <MethodPoint xsi:type="SequencePoint" vc="1" uspid="146" ordinal="0" offset="0" sl="325" sc="9" el="325" ec="10" bec="0" bev="0" fileid="1" />
            </Method>
            <Method visited="true" cyclomaticComplexity="1" nPathComplexity="0" sequenceCoverage="66.67" branchCoverage="100" isConstructor="false" isStatic="false" isGetter="false" isSetter="false">
              <Summary numSequencePoints="3" visitedSequencePoints="2" numBranchPoints="1" visitedBranchPoints="1" sequenceCoverage="66.67" branchCoverage="100" maxCyclomaticComplexity="1" minCyclomaticComplexity="1" visitedClasses="0" numClasses="0" visitedMethods="1" numMethods="1" />
              <MetadataToken>100663331</MetadataToken>
              <Name>System.Void ServerTest.EmployeeServiceTest::ResponseToPartnershipRequestTestAccepted()</Name>
              <FileRef uid="1" />
              <SequencePoints>
                <SequencePoint vc="1" uspid="149" ordinal="0" offset="0" sl="333" sc="9" el="333" ec="10" bec="0" bev="0" fileid="1" />
                <SequencePoint vc="1" uspid="150" ordinal="1" offset="1" sl="334" sc="13" el="334" ec="113" bec="0" bev="0" fileid="1" />
                <SequencePoint vc="0" uspid="151" ordinal="2" offset="19" sl="335" sc="9" el="335" ec="10" bec="0" bev="0" fileid="1" />
              </SequencePoints>
              <BranchPoints />
              <MethodPoint xsi:type="SequencePoint" vc="1" uspid="149" ordinal="0" offset="0" sl="333" sc="9" el="333" ec="10" bec="0" bev="0" fileid="1" />
            </Method>
            <Method visited="true" cyclomaticComplexity="1" nPathComplexity="0" sequenceCoverage="66.67" branchCoverage="100" isConstructor="false" isStatic="false" isGetter="false" isSetter="false">
              <Summary numSequencePoints="3" visitedSequencePoints="2" numBranchPoints="1" visitedBranchPoints="1" sequenceCoverage="66.67" branchCoverage="100" maxCyclomaticComplexity="1" minCyclomaticComplexity="1" visitedClasses="0" numClasses="0" visitedMethods="1" numMethods="1" />
              <MetadataToken>100663332</MetadataToken>
              <Name>System.Void ServerTest.EmployeeServiceTest::ResponseToPartnershipRequestTestDeclined()</Name>
              <FileRef uid="1" />
              <SequencePoints>
                <SequencePoint vc="1" uspid="152" ordinal="0" offset="0" sl="339" sc="9" el="339" ec="10" bec="0" bev="0" fileid="1" />
                <SequencePoint vc="1" uspid="153" ordinal="1" offset="1" sl="340" sc="13" el="340" ec="114" bec="0" bev="0" fileid="1" />
                <SequencePoint vc="0" uspid="154" ordinal="2" offset="19" sl="341" sc="9" el="341" ec="10" bec="0" bev="0" fileid="1" />
              </SequencePoints>
              <BranchPoints />
              <MethodPoint xsi:type="SequencePoint" vc="1" uspid="152" ordinal="0" offset="0" sl="339" sc="9" el="339" ec="10" bec="0" bev="0" fileid="1" />
            </Method>
            <Method visited="true" cyclomaticComplexity="1" nPathComplexity="0" sequenceCoverage="66.67" branchCoverage="100" isConstructor="false" isStatic="false" isGetter="false" isSetter="false">
              <Summary numSequencePoints="3" visitedSequencePoints="2" numBranchPoints="1" visitedBranchPoints="1" sequenceCoverage="66.67" branchCoverage="100" maxCyclomaticComplexity="1" minCyclomaticComplexity="1" visitedClasses="0" numClasses="0" visitedMethods="1" numMethods="1" />
              <MetadataToken>100663333</MetadataToken>
              <Name>System.Void ServerTest.EmployeeServiceTest::ResponseToProjectRequestTestAccepted()</Name>
              <FileRef uid="1" />
              <SequencePoints>
                <SequencePoint vc="1" uspid="155" ordinal="0" offset="0" sl="346" sc="9" el="346" ec="10" bec="0" bev="0" fileid="1" />
                <SequencePoint vc="1" uspid="156" ordinal="1" offset="1" sl="347" sc="13" el="347" ec="106" bec="0" bev="0" fileid="1" />
                <SequencePoint vc="0" uspid="157" ordinal="2" offset="19" sl="348" sc="9" el="348" ec="10" bec="0" bev="0" fileid="1" />
              </SequencePoints>
              <BranchPoints />
              <MethodPoint xsi:type="SequencePoint" vc="1" uspid="155" ordinal="0" offset="0" sl="346" sc="9" el="346" ec="10" bec="0" bev="0" fileid="1" />
            </Method>
            <Method visited="true" cyclomaticComplexity="1" nPathComplexity="0" sequenceCoverage="66.67" branchCoverage="100" isConstructor="false" isStatic="false" isGetter="false" isSetter="false">
              <Summary numSequencePoints="3" visitedSequencePoints="2" numBranchPoints="1" visitedBranchPoints="1" sequenceCoverage="66.67" branchCoverage="100" maxCyclomaticComplexity="1" minCyclomaticComplexity="1" visitedClasses="0" numClasses="0" visitedMethods="1" numMethods="1" />
              <MetadataToken>100663334</MetadataToken>
              <Name>System.Void ServerTest.EmployeeServiceTest::ResponseToProjectRequestTestDeclined()</Name>
              <FileRef uid="1" />
              <SequencePoints>
                <SequencePoint vc="1" uspid="158" ordinal="0" offset="0" sl="352" sc="9" el="352" ec="10" bec="0" bev="0" fileid="1" />
                <SequencePoint vc="1" uspid="159" ordinal="1" offset="1" sl="353" sc="13" el="353" ec="107" bec="0" bev="0" fileid="1" />
                <SequencePoint vc="0" uspid="160" ordinal="2" offset="19" sl="354" sc="9" el="354" ec="10" bec="0" bev="0" fileid="1" />
              </SequencePoints>
              <BranchPoints />
              <MethodPoint xsi:type="SequencePoint" vc="1" uspid="158" ordinal="0" offset="0" sl="352" sc="9" el="352" ec="10" bec="0" bev="0" fileid="1" />
            </Method>
            <Method visited="true" cyclomaticComplexity="1" nPathComplexity="0" sequenceCoverage="100" branchCoverage="100" isConstructor="false" isStatic="false" isGetter="false" isSetter="false">
              <Summary numSequencePoints="3" visitedSequencePoints="3" numBranchPoints="1" visitedBranchPoints="1" sequenceCoverage="100" branchCoverage="100" maxCyclomaticComplexity="1" minCyclomaticComplexity="1" visitedClasses="0" numClasses="0" visitedMethods="1" numMethods="1" />
              <MetadataToken>100663335</MetadataToken>
              <Name>System.Void ServerTest.EmployeeServiceTest::GetUserStoriesTest()</Name>
              <FileRef uid="1" />
              <SequencePoints>
                <SequencePoint vc="1" uspid="161" ordinal="0" offset="0" sl="359" sc="9" el="359" ec="10" bec="0" bev="0" fileid="1" />
                <SequencePoint vc="1" uspid="162" ordinal="1" offset="1" sl="360" sc="13" el="360" ec="104" bec="0" bev="0" fileid="1" />
                <SequencePoint vc="1" uspid="163" ordinal="2" offset="19" sl="361" sc="9" el="361" ec="10" bec="0" bev="0" fileid="1" />
              </SequencePoints>
              <BranchPoints />
              <MethodPoint xsi:type="SequencePoint" vc="1" uspid="161" ordinal="0" offset="0" sl="359" sc="9" el="359" ec="10" bec="0" bev="0" fileid="1" />
            </Method>
            <Method visited="true" cyclomaticComplexity="1" nPathComplexity="0" sequenceCoverage="100" branchCoverage="100" isConstructor="false" isStatic="false" isGetter="false" isSetter="false">
              <Summary numSequencePoints="3" visitedSequencePoints="3" numBranchPoints="1" visitedBranchPoints="1" sequenceCoverage="100" branchCoverage="100" maxCyclomaticComplexity="1" minCyclomaticComplexity="1" visitedClasses="0" numClasses="0" visitedMethods="1" numMethods="1" />
              <MetadataToken>100663336</MetadataToken>
              <Name>System.Void ServerTest.EmployeeServiceTest::GetAllTasksTest()</Name>
              <FileRef uid="1" />
              <SequencePoints>
                <SequencePoint vc="1" uspid="164" ordinal="0" offset="0" sl="366" sc="9" el="366" ec="10" bec="0" bev="0" fileid="1" />
                <SequencePoint vc="1" uspid="165" ordinal="1" offset="1" sl="367" sc="13" el="367" ec="101" bec="0" bev="0" fileid="1" />
                <SequencePoint vc="1" uspid="166" ordinal="2" offset="19" sl="368" sc="9" el="368" ec="10" bec="0" bev="0" fileid="1" />
              </SequencePoints>
              <BranchPoints />
              <MethodPoint xsi:type="SequencePoint" vc="1" uspid="164" ordinal="0" offset="0" sl="366" sc="9" el="366" ec="10" bec="0" bev="0" fileid="1" />
            </Method>
            <Method visited="true" cyclomaticComplexity="1" nPathComplexity="0" sequenceCoverage="100" branchCoverage="100" isConstructor="false" isStatic="false" isGetter="false" isSetter="false">
              <Summary numSequencePoints="3" visitedSequencePoints="3" numBranchPoints="1" visitedBranchPoints="1" sequenceCoverage="100" branchCoverage="100" maxCyclomaticComplexity="1" minCyclomaticComplexity="1" visitedClasses="0" numClasses="0" visitedMethods="1" numMethods="1" />
              <MetadataToken>100663337</MetadataToken>
              <Name>System.Void ServerTest.EmployeeServiceTest::NotifyOnLateTest()</Name>
              <FileRef uid="1" />
              <SequencePoints>
                <SequencePoint vc="1" uspid="167" ordinal="0" offset="0" sl="373" sc="9" el="373" ec="10" bec="0" bev="0" fileid="1" />
                <SequencePoint vc="1" uspid="168" ordinal="1" offset="1" sl="374" sc="13" el="374" ec="85" bec="0" bev="0" fileid="1" />
                <SequencePoint vc="1" uspid="169" ordinal="2" offset="19" sl="375" sc="9" el="375" ec="10" bec="0" bev="0" fileid="1" />
              </SequencePoints>
              <BranchPoints />
              <MethodPoint xsi:type="SequencePoint" vc="1" uspid="167" ordinal="0" offset="0" sl="373" sc="9" el="373" ec="10" bec="0" bev="0" fileid="1" />
            </Method>
            <Method visited="true" cyclomaticComplexity="1" nPathComplexity="0" sequenceCoverage="100" branchCoverage="100" isConstructor="false" isStatic="false" isGetter="false" isSetter="false">
              <Summary numSequencePoints="3" visitedSequencePoints="3" numBranchPoints="1" visitedBranchPoints="1" sequenceCoverage="100" branchCoverage="100" maxCyclomaticComplexity="1" minCyclomaticComplexity="1" visitedClasses="0" numClasses="0" visitedMethods="1" numMethods="1" />
              <MetadataToken>100663338</MetadataToken>
              <Name>System.Void ServerTest.EmployeeServiceTest::PasswordExpiredTest()</Name>
              <FileRef uid="1" />
              <SequencePoints>
                <SequencePoint vc="1" uspid="170" ordinal="0" offset="0" sl="380" sc="9" el="380" ec="10" bec="0" bev="0" fileid="1" />
                <SequencePoint vc="1" uspid="171" ordinal="1" offset="1" sl="381" sc="13" el="381" ec="88" bec="0" bev="0" fileid="1" />
                <SequencePoint vc="1" uspid="172" ordinal="2" offset="19" sl="382" sc="9" el="382" ec="10" bec="0" bev="0" fileid="1" />
              </SequencePoints>
              <BranchPoints />
              <MethodPoint xsi:type="SequencePoint" vc="1" uspid="170" ordinal="0" offset="0" sl="380" sc="9" el="380" ec="10" bec="0" bev="0" fileid="1" />
            </Method>
            <Method visited="true" cyclomaticComplexity="1" nPathComplexity="0" sequenceCoverage="100" branchCoverage="100" isConstructor="false" isStatic="false" isGetter="false" isSetter="false">
              <Summary numSequencePoints="3" visitedSequencePoints="3" numBranchPoints="1" visitedBranchPoints="1" sequenceCoverage="100" branchCoverage="100" maxCyclomaticComplexity="1" minCyclomaticComplexity="1" visitedClasses="0" numClasses="0" visitedMethods="1" numMethods="1" />
              <MetadataToken>100663339</MetadataToken>
              <Name>System.Void ServerTest.EmployeeServiceTest::UserStoryCompletedTest()</Name>
              <FileRef uid="1" />
              <SequencePoints>
                <SequencePoint vc="1" uspid="173" ordinal="0" offset="0" sl="387" sc="9" el="387" ec="10" bec="0" bev="0" fileid="1" />
                <SequencePoint vc="1" uspid="174" ordinal="1" offset="1" sl="388" sc="13" el="388" ec="91" bec="0" bev="0" fileid="1" />
                <SequencePoint vc="1" uspid="175" ordinal="2" offset="19" sl="389" sc="9" el="389" ec="10" bec="0" bev="0" fileid="1" />
              </SequencePoints>
              <BranchPoints />
              <MethodPoint xsi:type="SequencePoint" vc="1" uspid="173" ordinal="0" offset="0" sl="387" sc="9" el="387" ec="10" bec="0" bev="0" fileid="1" />
            </Method>
            <Method visited="true" cyclomaticComplexity="1" nPathComplexity="0" sequenceCoverage="100" branchCoverage="100" isConstructor="false" isStatic="false" isGetter="false" isSetter="false">
              <Summary numSequencePoints="3" visitedSequencePoints="3" numBranchPoints="1" visitedBranchPoints="1" sequenceCoverage="100" branchCoverage="100" maxCyclomaticComplexity="1" minCyclomaticComplexity="1" visitedClasses="0" numClasses="0" visitedMethods="1" numMethods="1" />
              <MetadataToken>100663340</MetadataToken>
              <Name>System.Void ServerTest.EmployeeServiceTest::NotifySMForUserStoryProgressTest()</Name>
              <FileRef uid="1" />
              <SequencePoints>
                <SequencePoint vc="1" uspid="176" ordinal="0" offset="0" sl="394" sc="9" el="394" ec="10" bec="0" bev="0" fileid="1" />
                <SequencePoint vc="1" uspid="177" ordinal="1" offset="1" sl="395" sc="13" el="395" ec="132" bec="0" bev="0" fileid="1" />
                <SequencePoint vc="1" uspid="178" ordinal="2" offset="19" sl="396" sc="9" el="396" ec="10" bec="0" bev="0" fileid="1" />
              </SequencePoints>
              <BranchPoints />
              <MethodPoint xsi:type="SequencePoint" vc="1" uspid="176" ordinal="0" offset="0" sl="394" sc="9" el="394" ec="10" bec="0" bev="0" fileid="1" />
            </Method>
            <Method visited="true" cyclomaticComplexity="1" nPathComplexity="0" sequenceCoverage="100" branchCoverage="100" isConstructor="false" isStatic="false" isGetter="false" isSetter="false">
              <Summary numSequencePoints="3" visitedSequencePoints="3" numBranchPoints="1" visitedBranchPoints="1" sequenceCoverage="100" branchCoverage="100" maxCyclomaticComplexity="1" minCyclomaticComplexity="1" visitedClasses="0" numClasses="0" visitedMethods="1" numMethods="1" />
              <MetadataToken>100663341</MetadataToken>
              <Name>System.Void ServerTest.EmployeeServiceTest::NotifySMForUserStoryProgressTest2()</Name>
              <FileRef uid="1" />
              <SequencePoints>
                <SequencePoint vc="1" uspid="179" ordinal="0" offset="0" sl="400" sc="9" el="400" ec="10" bec="0" bev="0" fileid="1" />
                <SequencePoint vc="1" uspid="180" ordinal="1" offset="1" sl="401" sc="13" el="401" ec="129" bec="0" bev="0" fileid="1" />
                <SequencePoint vc="1" uspid="181" ordinal="2" offset="19" sl="402" sc="9" el="402" ec="10" bec="0" bev="0" fileid="1" />
              </SequencePoints>
              <BranchPoints />
              <MethodPoint xsi:type="SequencePoint" vc="1" uspid="179" ordinal="0" offset="0" sl="400" sc="9" el="400" ec="10" bec="0" bev="0" fileid="1" />
            </Method>
            <Method visited="true" cyclomaticComplexity="1" nPathComplexity="0" sequenceCoverage="0" branchCoverage="0" isConstructor="true" isStatic="false" isGetter="false" isSetter="false">
              <Summary numSequencePoints="0" visitedSequencePoints="0" numBranchPoints="0" visitedBranchPoints="0" sequenceCoverage="0" branchCoverage="0" maxCyclomaticComplexity="1" minCyclomaticComplexity="1" visitedClasses="0" numClasses="0" visitedMethods="0" numMethods="0" />
              <MetadataToken>100663342</MetadataToken>
              <Name>System.Void ServerTest.EmployeeServiceTest::.ctor()</Name>
              <SequencePoints />
              <BranchPoints />
              <MethodPoint vc="1" uspid="182" ordinal="0" offset="0" />
            </Method>
            <Method visited="true" cyclomaticComplexity="1" nPathComplexity="0" sequenceCoverage="100" branchCoverage="100" isConstructor="false" isStatic="false" isGetter="false" isSetter="false">
[...]
            </Method>
            <Method visited="false" cyclomaticComplexity="1" nPathComplexity="0" sequenceCoverage="0" branchCoverage="0" isConstructor="false" isStatic="false" isGetter="true" isSetter="false">
              <Summary numSequencePoints="3" visitedSequencePoints="0" numBranchPoints="1" visitedBranchPoints="0" sequenceCoverage="0" branchCoverage="0" maxCyclomaticComplexity="1" minCyclomaticComplexity="1" visitedClasses="0" numClasses="0" visitedMethods="0" numMethods="1" />
              <MetadataToken>100663460</MetadataToken>
              <Name>ClientCommon.Data.ProgressStatus ClientCommon.Data.UserStory::get_ProgressStatus()</Name>
              <FileRef uid="66" />
              <SequencePoints>
                <SequencePoint vc="0" uspid="2280" ordinal="0" offset="0" sl="86" sc="17" el="86" ec="18" bec="0" bev="0" fileid="66" />
                <SequencePoint vc="0" uspid="2281" ordinal="1" offset="1" sl="86" sc="19" el="86" ec="41" bec="0" bev="0" fileid="66" />
                <SequencePoint vc="0" uspid="2282" ordinal="2" offset="10" sl="86" sc="42" el="86" ec="43" bec="0" bev="0" fileid="66" />
              </SequencePoints>
              <BranchPoints />
              <MethodPoint xsi:type="SequencePoint" vc="0" uspid="2280" ordinal="0" offset="0" sl="86" sc="17" el="86" ec="18" bec="0" bev="0" fileid="66" />
            </Method>
            <Method visited="false" cyclomaticComplexity="1" nPathComplexity="0" sequenceCoverage="0" branchCoverage="0" isConstructor="false" isStatic="false" isGetter="false" isSetter="true">
              <Summary numSequencePoints="3" visitedSequencePoints="0" numBranchPoints="1" visitedBranchPoints="0" sequenceCoverage="0" branchCoverage="0" maxCyclomaticComplexity="1" minCyclomaticComplexity="1" visitedClasses="0" numClasses="0" visitedMethods="0" numMethods="1" />
              <MetadataToken>100663461</MetadataToken>
              <Name>System.Void ClientCommon.Data.UserStory::set_ProgressStatus(ClientCommon.Data.ProgressStatus)</Name>
              <FileRef uid="66" />
              <SequencePoints>
                <SequencePoint vc="0" uspid="2283" ordinal="0" offset="0" sl="87" sc="17" el="87" ec="18" bec="0" bev="0" fileid="66" />
                <SequencePoint vc="0" uspid="2284" ordinal="1" offset="1" sl="87" sc="19" el="87" ec="42" bec="0" bev="0" fileid="66" />
                <SequencePoint vc="0" uspid="2285" ordinal="2" offset="8" sl="87" sc="43" el="87" ec="44" bec="0" bev="0" fileid="66" />
              </SequencePoints>
              <BranchPoints />
              <MethodPoint xsi:type="SequencePoint" vc="0" uspid="2283" ordinal="0" offset="0" sl="87" sc="17" el="87" ec="18" bec="0" bev="0" fileid="66" />
            </Method>
            <Method visited="true" cyclomaticComplexity="1" nPathComplexity="0" sequenceCoverage="100" branchCoverage="100" isConstructor="false" isStatic="false" isGetter="true" isSetter="false">
              <Summary numSequencePoints="3" visitedSequencePoints="3" numBranchPoints="1" visitedBranchPoints="1" sequenceCoverage="100" branchCoverage="100" maxCyclomaticComplexity="1" minCyclomaticComplexity="1" visitedClasses="0" numClasses="0" visitedMethods="1" numMethods="1" />
              <MetadataToken>100663462</MetadataToken>
              <Name>System.Collections.Generic.List`1&lt;ClientCommon.Data.Task&gt; ClientCommon.Data.UserStory::get_Tasks()</Name>
              <FileRef uid="66" />
              <SequencePoints>
                <SequencePoint vc="3" uspid="2286" ordinal="0" offset="0" sl="93" sc="17" el="93" ec="18" bec="0" bev="0" fileid="66" />
                <SequencePoint vc="3" uspid="2287" ordinal="1" offset="1" sl="93" sc="19" el="93" ec="32" bec="0" bev="0" fileid="66" />
                <SequencePoint vc="3" uspid="2288" ordinal="2" offset="10" sl="93" sc="33" el="93" ec="34" bec="0" bev="0" fileid="66" />
              </SequencePoints>
              <BranchPoints />
              <MethodPoint xsi:type="SequencePoint" vc="3" uspid="2286" ordinal="0" offset="0" sl="93" sc="17" el="93" ec="18" bec="0" bev="0" fileid="66" />
            </Method>
            <Method visited="true" cyclomaticComplexity="1" nPathComplexity="0" sequenceCoverage="100" branchCoverage="100" isConstructor="false" isStatic="false" isGetter="false" isSetter="true">
              <Summary numSequencePoints="3" visitedSequencePoints="3" numBranchPoints="1" visitedBranchPoints="1" sequenceCoverage="100" branchCoverage="100" maxCyclomaticComplexity="1" minCyclomaticComplexity="1" visitedClasses="0" numClasses="0" visitedMethods="1" numMethods="1" />
              <MetadataToken>100663463</MetadataToken>
              <Name>System.Void ClientCommon.Data.UserStory::set_Tasks(System.Collections.Generic.List`1&lt;ClientCommon.Data.Task&gt;)</Name>
              <FileRef uid="66" />
              <SequencePoints>
                <SequencePoint vc="1" uspid="2289" ordinal="0" offset="0" sl="94" sc="17" el="94" ec="18" bec="0" bev="0" fileid="66" />
                <SequencePoint vc="1" uspid="2290" ordinal="1" offset="1" sl="94" sc="19" el="94" ec="33" bec="0" bev="0" fileid="66" />
                <SequencePoint vc="1" uspid="2291" ordinal="2" offset="8" sl="94" sc="34" el="94" ec="35" bec="0" bev="0" fileid="66" />
              </SequencePoints>
              <BranchPoints />
              <MethodPoint xsi:type="SequencePoint" vc="1" uspid="2289" ordinal="0" offset="0" sl="94" sc="17" el="94" ec="18" bec="0" bev="0" fileid="66" />
            </Method>
            <Method visited="true" cyclomaticComplexity="1" nPathComplexity="0" sequenceCoverage="100" branchCoverage="100" isConstructor="false" isStatic="false" isGetter="true" isSetter="false">
              <Summary numSequencePoints="3" visitedSequencePoints="3" numBranchPoints="1" visitedBranchPoints="1" sequenceCoverage="100" branchCoverage="100" maxCyclomaticComplexity="1" minCyclomaticComplexity="1" visitedClasses="0" numClasses="0" visitedMethods="1" numMethods="1" />
              <MetadataToken>100663464</MetadataToken>
              <Name>System.DateTime ClientCommon.Data.UserStory::get_Deadline()</Name>
              <FileRef uid="66" />
              <SequencePoints>
                <SequencePoint vc="1" uspid="2292" ordinal="0" offset="0" sl="100" sc="17" el="100" ec="18" bec="0" bev="0" fileid="66" />
                <SequencePoint vc="1" uspid="2293" ordinal="1" offset="1" sl="100" sc="19" el="100" ec="35" bec="0" bev="0" fileid="66" />
                <SequencePoint vc="1" uspid="2294" ordinal="2" offset="10" sl="100" sc="36" el="100" ec="37" bec="0" bev="0" fileid="66" />
              </SequencePoints>
              <BranchPoints />
              <MethodPoint xsi:type="SequencePoint" vc="1" uspid="2292" ordinal="0" offset="0" sl="100" sc="17" el="100" ec="18" bec="0" bev="0" fileid="66" />
            </Method>
            <Method visited="false" cyclomaticComplexity="1" nPathComplexity="0" sequenceCoverage="0" branchCoverage="0" isConstructor="false" isStatic="false" isGetter="false" isSetter="true">
              <Summary numSequencePoints="3" visitedSequencePoints="0" numBranchPoints="1" visitedBranchPoints="0" sequenceCoverage="0" branchCoverage="0" maxCyclomaticComplexity="1" minCyclomaticComplexity="1" visitedClasses="0" numClasses="0" visitedMethods="0" numMethods="1" />
              <MetadataToken>100663465</MetadataToken>
              <Name>System.Void ClientCommon.Data.UserStory::set_Deadline(System.DateTime)</Name>
              <FileRef uid="66" />
              <SequencePoints>
                <SequencePoint vc="0" uspid="2295" ordinal="0" offset="0" sl="101" sc="17" el="101" ec="18" bec="0" bev="0" fileid="66" />
                <SequencePoint vc="0" uspid="2296" ordinal="1" offset="1" sl="101" sc="19" el="101" ec="36" bec="0" bev="0" fileid="66" />
                <SequencePoint vc="0" uspid="2297" ordinal="2" offset="8" sl="101" sc="37" el="101" ec="38" bec="0" bev="0" fileid="66" />
              </SequencePoints>
              <BranchPoints />
              <MethodPoint xsi:type="SequencePoint" vc="0" uspid="2295" ordinal="0" offset="0" sl="101" sc="17" el="101" ec="18" bec="0" bev="0" fileid="66" />
            </Method>
            <Method visited="true" cyclomaticComplexity="1" nPathComplexity="0" sequenceCoverage="100" branchCoverage="100" isConstructor="false" isStatic="false" isGetter="true" isSetter="false">
              <Summary numSequencePoints="3" visitedSequencePoints="3" numBranchPoints="1" visitedBranchPoints="1" sequenceCoverage="100" branchCoverage="100" maxCyclomaticComplexity="1" minCyclomaticComplexity="1" visitedClasses="0" numClasses="0" visitedMethods="1" numMethods="1" />
              <MetadataToken>100663466</MetadataToken>
              <Name>ClientCommon.Data.Project ClientCommon.Data.UserStory::get_Project()</Name>
              <FileRef uid="66" />
              <SequencePoints>
                <SequencePoint vc="3" uspid="2298" ordinal="0" offset="0" sl="107" sc="17" el="107" ec="18" bec="0" bev="0" fileid="66" />
                <SequencePoint vc="3" uspid="2299" ordinal="1" offset="1" sl="107" sc="19" el="107" ec="34" bec="0" bev="0" fileid="66" />
                <SequencePoint vc="3" uspid="2300" ordinal="2" offset="10" sl="107" sc="35" el="107" ec="36" bec="0" bev="0" fileid="66" />
              </SequencePoints>
              <BranchPoints />
              <MethodPoint xsi:type="SequencePoint" vc="3" uspid="2298" ordinal="0" offset="0" sl="107" sc="17" el="107" ec="18" bec="0" bev="0" fileid="66" />
            </Method>
            <Method visited="false" cyclomaticComplexity="1" nPathComplexity="0" sequenceCoverage="0" branchCoverage="0" isConstructor="false" isStatic="false" isGetter="false" isSetter="true">
              <Summary numSequencePoints="3" visitedSequencePoints="0" numBranchPoints="1" visitedBranchPoints="0" sequenceCoverage="0" branchCoverage="0" maxCyclomaticComplexity="1" minCyclomaticComplexity="1" visitedClasses="0" numClasses="0" visitedMethods="0" numMethods="1" />
              <MetadataToken>100663467</MetadataToken>
              <Name>System.Void ClientCommon.Data.UserStory::set_Project(ClientCommon.Data.Project)</Name>
              <FileRef uid="66" />
              <SequencePoints>
                <SequencePoint vc="0" uspid="2301" ordinal="0" offset="0" sl="108" sc="17" el="108" ec="18" bec="0" bev="0" fileid="66" />
                <SequencePoint vc="0" uspid="2302" ordinal="1" offset="1" sl="108" sc="19" el="108" ec="35" bec="0" bev="0" fileid="66" />
                <SequencePoint vc="0" uspid="2303" ordinal="2" offset="8" sl="108" sc="36" el="108" ec="37" bec="0" bev="0" fileid="66" />
              </SequencePoints>
              <BranchPoints />
              <MethodPoint xsi:type="SequencePoint" vc="0" uspid="2301" ordinal="0" offset="0" sl="108" sc="17" el="108" ec="18" bec="0" bev="0" fileid="66" />
            </Method>
            <Method visited="true" cyclomaticComplexity="1" nPathComplexity="0" sequenceCoverage="100" branchCoverage="100" isConstructor="true" isStatic="false" isGetter="false" isSetter="false">
              <Summary numSequencePoints="13" visitedSequencePoints="13" numBranchPoints="1" visitedBranchPoints="1" sequenceCoverage="100" branchCoverage="100" maxCyclomaticComplexity="1" minCyclomaticComplexity="1" visitedClasses="0" numClasses="0" visitedMethods="1" numMethods="1" />
              <MetadataToken>100663447</MetadataToken>
              <Name>System.Void ClientCommon.Data.UserStory::.ctor()</Name>
              <FileRef uid="66" />
              <SequencePoints>
                <SequencePoint vc="3" uspid="2304" ordinal="0" offset="0" sl="23" sc="9" el="23" ec="40" bec="0" bev="0" fileid="66" />
                <SequencePoint vc="3" uspid="2305" ordinal="1" offset="7" sl="27" sc="9" el="27" ec="27" bec="0" bev="0" fileid="66" />
                <SequencePoint vc="3" uspid="2306" ordinal="2" offset="14" sl="28" sc="9" el="28" ec="10" bec="0" bev="0" fileid="66" />
                <SequencePoint vc="3" uspid="2307" ordinal="3" offset="15" sl="29" sc="13" el="29" ec="49" bec="0" bev="0" fileid="66" />
                <SequencePoint vc="3" uspid="2308" ordinal="4" offset="22" sl="30" sc="13" el="30" ec="52" bec="0" bev="0" fileid="66" />
                <SequencePoint vc="3" uspid="2309" ordinal="5" offset="29" sl="31" sc="13" el="31" ec="37" bec="0" bev="0" fileid="66" />
                <SequencePoint vc="3" uspid="2310" ordinal="6" offset="40" sl="32" sc="13" el="32" ec="34" bec="0" bev="0" fileid="66" />
                <SequencePoint vc="3" uspid="2311" ordinal="7" offset="51" sl="33" sc="13" el="33" ec="40" bec="0" bev="0" fileid="66" />
                <SequencePoint vc="3" uspid="2312" ordinal="8" offset="62" sl="34" sc="13" el="34" ec="47" bec="0" bev="0" fileid="66" />
                <SequencePoint vc="3" uspid="2313" ordinal="9" offset="73" sl="35" sc="13" el="35" ec="28" bec="0" bev="0" fileid="66" />
                <SequencePoint vc="3" uspid="2314" ordinal="10" offset="80" sl="36" sc="13" el="36" ec="37" bec="0" bev="0" fileid="66" />
                <SequencePoint vc="3" uspid="2315" ordinal="11" offset="91" sl="37" sc="13" el="37" ec="38" bec="0" bev="0" fileid="66" />
                <SequencePoint vc="3" uspid="2316" ordinal="12" offset="102" sl="38" sc="9" el="38" ec="10" bec="0" bev="0" fileid="66" />
              </SequencePoints>
              <BranchPoints />
              <MethodPoint xsi:type="SequencePoint" vc="3" uspid="2304" ordinal="0" offset="0" sl="23" sc="9" el="23" ec="40" bec="0" bev="0" fileid="66" />
            </Method>
            <Method visited="false" cyclomaticComplexity="1" nPathComplexity="0" sequenceCoverage="0" branchCoverage="0" isConstructor="false" isStatic="false" isGetter="false" isSetter="false">
              <Summary numSequencePoints="3" visitedSequencePoints="0" numBranchPoints="1" visitedBranchPoints="0" sequenceCoverage="0" branchCoverage="0" maxCyclomaticComplexity="1" minCyclomaticComplexity="1" visitedClasses="0" numClasses="0" visitedMethods="0" numMethods="1" />
              <MetadataToken>100663468</MetadataToken>
              <Name>System.String ClientCommon.Data.UserStory::ToString()</Name>
              <FileRef uid="66" />
              <SequencePoints>
                <SequencePoint vc="0" uspid="2317" ordinal="0" offset="0" sl="112" sc="9" el="112" ec="10" bec="0" bev="0" fileid="66" />
                <SequencePoint vc="0" uspid="2318" ordinal="1" offset="1" sl="113" sc="13" el="113" ec="26" bec="0" bev="0" fileid="66" />
                <SequencePoint vc="0" uspid="2319" ordinal="2" offset="10" sl="114" sc="9" el="114" ec="10" bec="0" bev="0" fileid="66" />
              </SequencePoints>
              <BranchPoints />
              <MethodPoint xsi:type="SequencePoint" vc="0" uspid="2317" ordinal="0" offset="0" sl="112" sc="9" el="112" ec="10" bec="0" bev="0" fileid="66" />
            </Method>
          </Methods>
        </Class>
      </Classes>
    </Module>
    <Module skippedDueTo="Filter" hash="82-5C-17-A3-7B-6F-79-3A-17-BC-77-9E-B8-23-A5-20-EF-05-DB-63">
      <ModulePath>C:\Windows\Microsoft.Net\assembly\GAC_MSIL\System.ServiceModel\v4.0_4.0.0.0__b77a5c561934e089\System.ServiceModel.dll</ModulePath>
      <ModuleTime>2015-10-30T07:19:31.5339114Z</ModuleTime>
      <ModuleName>System.ServiceModel</ModuleName>
      <Classes />
    </Module>
    <Module skippedDueTo="Filter" hash="49-F6-B9-FA-89-1F-12-21-02-F2-B4-EB-98-8E-A0-5F-9D-8D-B9-EB">
      <ModulePath>C:\Windows\Microsoft.Net\assembly\GAC_MSIL\System.Configuration\v4.0_4.0.0.0__b03f5f7f11d50a3a\System.Configuration.dll</ModulePath>
      <ModuleTime>2015-10-30T07:19:36.3463962Z</ModuleTime>
      <ModuleName>System.Configuration</ModuleName>
      <Classes />
    </Module>
    <Module skippedDueTo="MissingPdb" hash="B7-EE-F1-29-19-57-45-13-EE-E3-B2-EA-C2-2A-48-E5-6C-42-86-A7">
      <ModulePath>C:\Users\radis\Documents\GitHub\ProjekatDRS\Moduo2\ServerTest\bin\Debug\ICommon.dll</ModulePath>
      <ModuleTime>2017-01-13T10:44:27.9292741Z</ModuleTime>
      <ModuleName>ICommon</ModuleName>
      <Classes />
    </Module>
    <Module skippedDueTo="MissingPdb" hash="">
      <ModulePath>RefEmit_InMemoryManifestModule</ModulePath>
      <ModuleTime>0001-01-01T00:00:00</ModuleTime>
      <ModuleName>DynamicProxyGenAssembly2</ModuleName>
      <Classes />
    </Module>
    <Module skippedDueTo="MissingPdb" hash="">
      <ModulePath>RefEmit_InMemoryManifestModule</ModulePath>
      <ModuleTime>0001-01-01T00:00:00</ModuleTime>
      <ModuleName>DynamicProxyGenAssembly2</ModuleName>
      <Classes />
    </Module>
    <Module skippedDueTo="MissingPdb" hash="">
      <ModulePath>RefEmit_InMemoryManifestModule</ModulePath>
      <ModuleTime>0001-01-01T00:00:00</ModuleTime>
      <ModuleName>Anonymously Hosted DynamicMethods Assembly</ModuleName>
      <Classes />
    </Module>
    <Module skippedDueTo="MissingPdb" hash="1B-B5-D7-F9-27-D1-E2-A8-76-48-F0-74-56-21-7C-52-82-D6-CF-12">
      <ModulePath>C:\Users\radis\Documents\GitHub\ProjekatDRS\Moduo2\ServerTest\bin\Debug\log4net.dll</ModulePath>
      <ModuleTime>2017-01-02T05:32:48Z</ModuleTime>
      <ModuleName>log4net</ModuleName>
      <Classes />
    </Module>
    <Module skippedDueTo="Filter" hash="CF-AD-A8-7D-83-C3-74-19-7F-52-33-38-66-68-98-BD-CD-17-3B-31">
      <ModulePath>C:\Windows\Microsoft.Net\assembly\GAC_MSIL\System.Runtime.Serialization\v4.0_4.0.0.0__b77a5c561934e089\System.Runtime.Serialization.dll</ModulePath>
      <ModuleTime>2015-10-30T07:19:34.252655Z</ModuleTime>
      <ModuleName>System.Runtime.Serialization</ModuleName>
      <Classes />
    </Module>
    <Module skippedDueTo="MissingPdb" hash="8F-70-78-59-BF-68-03-4B-72-05-C7-8F-77-35-D6-EA-F5-1A-E9-A2">
      <ModulePath>C:\Windows\Microsoft.Net\assembly\GAC_MSIL\SMDiagnostics\v4.0_4.0.0.0__b77a5c561934e089\SMDiagnostics.dll</ModulePath>
      <ModuleTime>2015-10-30T07:19:33.9870299Z</ModuleTime>
      <ModuleName>SMDiagnostics</ModuleName>
      <Classes />
    </Module>
    <Module skippedDueTo="Filter" hash="0C-16-0F-C8-EC-4E-43-FA-69-12-DF-E3-A6-11-D1-59-9C-98-AD-4B">
      <ModulePath>C:\Windows\Microsoft.Net\assembly\GAC_MSIL\System.ServiceModel.Internals\v4.0_4.0.0.0__31bf3856ad364e35\System.ServiceModel.Internals.dll</ModulePath>
      <ModuleTime>2015-10-30T07:19:36.1745219Z</ModuleTime>
      <ModuleName>System.ServiceModel.Internals</ModuleName>
      <Classes />
    </Module>
    <Module skippedDueTo="Filter" hash="70-8D-55-8C-E3-C5-65-9F-93-AC-9A-65-79-74-16-4F-73-55-52-15">
      <ModulePath>C:\Windows\Microsoft.Net\assembly\GAC_64\System.Transactions\v4.0_4.0.0.0__b77a5c561934e089\System.Transactions.dll</ModulePath>
      <ModuleTime>2016-07-12T22:22:32.3452645Z</ModuleTime>
      <ModuleName>System.Transactions</ModuleName>
      <Classes />
    </Module>
    <Module skippedDueTo="Filter" hash="11-94-6A-97-F9-3F-AF-EF-BB-FD-5E-5C-B0-C1-67-3F-D3-5A-7B-B5">
      <ModulePath>C:\Windows\Microsoft.Net\assembly\GAC_MSIL\System.IdentityModel\v4.0_4.0.0.0__b77a5c561934e089\System.IdentityModel.dll</ModulePath>
      <ModuleTime>2015-10-30T07:19:36.4088968Z</ModuleTime>
      <ModuleName>System.IdentityModel</ModuleName>
      <Classes />
    </Module>
    <Module skippedDueTo="MissingPdb" hash="8A-B5-31-4C-3F-99-D2-2B-5F-46-A2-2D-C1-EC-97-23-95-4D-6E-D1">
      <ModulePath>C:\Windows\Microsoft.Net\assembly\GAC_MSIL\Microsoft.VisualStudio.Diagnostics.ServiceModelSink\v4.0_4.0.0.0__b03f5f7f11d50a3a\Microsoft.VisualStudio.Diagnostics.ServiceModelSink.dll</ModulePath>
      <ModuleTime>2016-10-30T23:01:59.7109362Z</ModuleTime>
      <ModuleName>Microsoft.VisualStudio.Diagnostics.ServiceModelSink</ModuleName>
      <Classes />
    </Module>
  </Modules>
</CoverageSession>