<?xml version="1.0" encoding="utf-8"?>
<CoverageSession xmlns:xsi="http://www.w3.org/2001/XMLSchema-instance" xmlns:xsd="http://www.w3.org/2001/XMLSchema">
  <Summary numSequencePoints="828" visitedSequencePoints="822" numBranchPoints="231" visitedBranchPoints="228" sequenceCoverage="99.28" branchCoverage="98.70" maxCyclomaticComplexity="4" minCyclomaticComplexity="1" visitedClasses="22" numClasses="22" visitedMethods="225" numMethods="227" />
  <Modules>
    <Module skippedDueTo="Filter" hash="CD-AC-0A-8E-4E-36-F8-FE-B9-B5-EA-9E-80-3D-91-AB-6D-C2-DA-B9">
      <ModulePath>C:\Windows\Microsoft.Net\assembly\GAC_32\mscorlib\v4.0_4.0.0.0__b77a5c561934e089\mscorlib.dll</ModulePath>
      <ModuleTime>2016-11-29T21:34:16Z</ModuleTime>
      <ModuleName>mscorlib</ModuleName>
      <Classes />
    </Module>
    <Module skippedDueTo="MissingPdb" hash="A0-13-70-5B-0F-CD-BB-71-34-C8-6E-8A-9A-2E-A1-8C-9B-38-AD-9B">
      <ModulePath>D:\Documents\Fakultet\Blok4\ProjekatDRS\Moduo2\ClientCommonTest\NUnit.Console-3.5.0\nunit3-console.exe</ModulePath>
      <ModuleTime>2016-10-12T12:03:36Z</ModuleTime>
      <ModuleName>nunit3-console</ModuleName>
      <Classes />
    </Module>
    <Module skippedDueTo="Filter" hash="C5-35-6C-35-ED-11-F2-20-0B-94-95-47-77-C5-78-D2-61-D8-7B-76">
      <ModulePath>C:\Windows\Microsoft.Net\assembly\GAC_MSIL\System\v4.0_4.0.0.0__b77a5c561934e089\System.dll</ModulePath>
      <ModuleTime>2016-11-29T21:34:16Z</ModuleTime>
      <ModuleName>System</ModuleName>
      <Classes />
    </Module>
    <Module skippedDueTo="MissingPdb" hash="23-9B-37-CD-E3-B0-C3-B3-4C-72-D5-84-68-14-6B-07-67-29-6F-32">
      <ModulePath>D:\Documents\Fakultet\Blok4\ProjekatDRS\Moduo2\ClientCommonTest\NUnit.Console-3.5.0\nunit.engine.api.dll</ModulePath>
      <ModuleTime>2016-10-12T12:03:36Z</ModuleTime>
      <ModuleName>nunit.engine.api</ModuleName>
      <Classes />
    </Module>
    <Module skippedDueTo="MissingPdb" hash="35-46-24-68-5F-DE-7C-88-C7-BB-2B-7C-F8-A9-B7-FA-F8-8C-58-4D">
      <ModulePath>D:\Documents\Fakultet\Blok4\ProjekatDRS\Moduo2\ClientCommonTest\NUnit.Console-3.5.0\nunit.engine.dll</ModulePath>
      <ModuleTime>2016-10-12T12:03:36Z</ModuleTime>
      <ModuleName>nunit.engine</ModuleName>
      <Classes />
    </Module>
    <Module skippedDueTo="MissingPdb" hash="35-46-24-68-5F-DE-7C-88-C7-BB-2B-7C-F8-A9-B7-FA-F8-8C-58-4D">
      <ModulePath>D:\Documents\Fakultet\Blok4\ProjekatDRS\Moduo2\ClientCommonTest\NUnit.Console-3.5.0\nunit.engine.dll</ModulePath>
      <ModuleTime>2016-10-12T12:03:36Z</ModuleTime>
      <ModuleName>nunit.engine</ModuleName>
      <Classes />
    </Module>
    <Module skippedDueTo="Filter" hash="1A-0D-72-44-61-32-2D-54-98-83-81-C0-BD-43-07-DA-2F-35-5E-35">
      <ModulePath>C:\Windows\Microsoft.Net\assembly\GAC_MSIL\System.Xml\v4.0_4.0.0.0__b77a5c561934e089\System.Xml.dll</ModulePath>
      <ModuleTime>2016-11-29T21:34:16Z</ModuleTime>
      <ModuleName>System.Xml</ModuleName>
      <Classes />
    </Module>
    <Module skippedDueTo="Filter" hash="9E-E0-7E-4E-E2-B6-A0-B0-21-DE-96-DF-AE-74-89-22-CC-B2-6C-E5">
      <ModulePath>C:\Windows\Microsoft.Net\assembly\GAC_32\System.Web\v4.0_4.0.0.0__b03f5f7f11d50a3a\System.Web.dll</ModulePath>
      <ModuleTime>2016-11-29T21:34:16Z</ModuleTime>
      <ModuleName>System.Web</ModuleName>
      <Classes />
    </Module>
    <Module skippedDueTo="MissingPdb" hash="8A-2E-8F-D6-9D-39-02-4A-2F-30-FC-06-42-F7-0F-A8-32-69-07-72">
      <ModulePath>D:\Documents\Fakultet\Blok4\ProjekatDRS\Moduo2\ClientCommonTest\NUnit.Console-3.5.0\Mono.Cecil.dll</ModulePath>
      <ModuleTime>2016-10-12T12:03:36Z</ModuleTime>
      <ModuleName>Mono.Cecil</ModuleName>
      <Classes />
    </Module>
    <Module skippedDueTo="Filter" hash="3F-13-FA-77-77-83-38-BD-C5-E4-6C-2B-34-36-8E-07-BF-E7-9F-CA">
      <ModulePath>C:\Windows\Microsoft.Net\assembly\GAC_MSIL\System.Runtime.Remoting\v4.0_4.0.0.0__b77a5c561934e089\System.Runtime.Remoting.dll</ModulePath>
      <ModuleTime>2016-11-29T21:34:16Z</ModuleTime>
      <ModuleName>System.Runtime.Remoting</ModuleName>
      <Classes />
    </Module>
    <Module skippedDueTo="Filter" hash="E6-43-68-4E-1F-39-56-94-26-B3-14-DF-37-27-49-5B-21-24-D7-42">
      <ModulePath>C:\Windows\Microsoft.Net\assembly\GAC_MSIL\System.Configuration\v4.0_4.0.0.0__b03f5f7f11d50a3a\System.Configuration.dll</ModulePath>
      <ModuleTime>2016-11-29T21:34:16Z</ModuleTime>
      <ModuleName>System.Configuration</ModuleName>
      <Classes />
    </Module>
    <Module skippedDueTo="Filter" hash="CD-AC-0A-8E-4E-36-F8-FE-B9-B5-EA-9E-80-3D-91-AB-6D-C2-DA-B9">
      <ModulePath>C:\Windows\Microsoft.Net\assembly\GAC_32\mscorlib\v4.0_4.0.0.0__b77a5c561934e089\mscorlib.dll</ModulePath>
      <ModuleTime>2016-11-29T21:34:16Z</ModuleTime>
      <ModuleName>mscorlib</ModuleName>
      <Classes />
    </Module>
    <Module skippedDueTo="MissingPdb" hash="AB-84-7C-11-E5-DD-09-44-4B-08-A7-34-46-68-8B-BB-1B-1C-31-D2">
      <ModulePath>D:\Documents\Fakultet\Blok4\ProjekatDRS\Moduo2\ClientCommonTest\NUnit.Console-3.5.0\nunit-agent.exe</ModulePath>
      <ModuleTime>2016-10-12T12:03:36Z</ModuleTime>
      <ModuleName>nunit-agent</ModuleName>
      <Classes />
    </Module>
    <Module skippedDueTo="MissingPdb" hash="35-46-24-68-5F-DE-7C-88-C7-BB-2B-7C-F8-A9-B7-FA-F8-8C-58-4D">
      <ModulePath>D:\Documents\Fakultet\Blok4\ProjekatDRS\Moduo2\ClientCommonTest\NUnit.Console-3.5.0\nunit.engine.dll</ModulePath>
      <ModuleTime>2016-10-12T12:03:36Z</ModuleTime>
      <ModuleName>nunit.engine</ModuleName>
      <Classes />
    </Module>
    <Module skippedDueTo="MissingPdb" hash="23-9B-37-CD-E3-B0-C3-B3-4C-72-D5-84-68-14-6B-07-67-29-6F-32">
      <ModulePath>D:\Documents\Fakultet\Blok4\ProjekatDRS\Moduo2\ClientCommonTest\NUnit.Console-3.5.0\nunit.engine.api.dll</ModulePath>
      <ModuleTime>2016-10-12T12:03:36Z</ModuleTime>
      <ModuleName>nunit.engine.api</ModuleName>
      <Classes />
    </Module>
    <Module skippedDueTo="Filter" hash="C5-35-6C-35-ED-11-F2-20-0B-94-95-47-77-C5-78-D2-61-D8-7B-76">
      <ModulePath>C:\Windows\Microsoft.Net\assembly\GAC_MSIL\System\v4.0_4.0.0.0__b77a5c561934e089\System.dll</ModulePath>
      <ModuleTime>2016-11-29T21:34:16Z</ModuleTime>
      <ModuleName>System</ModuleName>
      <Classes />
    </Module>
    <Module skippedDueTo="Filter" hash="3F-13-FA-77-77-83-38-BD-C5-E4-6C-2B-34-36-8E-07-BF-E7-9F-CA">
      <ModulePath>C:\Windows\Microsoft.Net\assembly\GAC_MSIL\System.Runtime.Remoting\v4.0_4.0.0.0__b77a5c561934e089\System.Runtime.Remoting.dll</ModulePath>
      <ModuleTime>2016-11-29T21:34:16Z</ModuleTime>
      <ModuleName>System.Runtime.Remoting</ModuleName>
      <Classes />
    </Module>
    <Module skippedDueTo="Filter" hash="1A-0D-72-44-61-32-2D-54-98-83-81-C0-BD-43-07-DA-2F-35-5E-35">
      <ModulePath>C:\Windows\Microsoft.Net\assembly\GAC_MSIL\System.Xml\v4.0_4.0.0.0__b77a5c561934e089\System.Xml.dll</ModulePath>
      <ModuleTime>2016-11-29T21:34:16Z</ModuleTime>
      <ModuleName>System.Xml</ModuleName>
      <Classes />
    </Module>
    <Module skippedDueTo="Filter" hash="9E-E0-7E-4E-E2-B6-A0-B0-21-DE-96-DF-AE-74-89-22-CC-B2-6C-E5">
      <ModulePath>C:\Windows\Microsoft.Net\assembly\GAC_32\System.Web\v4.0_4.0.0.0__b03f5f7f11d50a3a\System.Web.dll</ModulePath>
      <ModuleTime>2016-11-29T21:34:16Z</ModuleTime>
      <ModuleName>System.Web</ModuleName>
      <Classes />
    </Module>
    <Module skippedDueTo="MissingPdb" hash="8A-2E-8F-D6-9D-39-02-4A-2F-30-FC-06-42-F7-0F-A8-32-69-07-72">
      <ModulePath>D:\Documents\Fakultet\Blok4\ProjekatDRS\Moduo2\ClientCommonTest\NUnit.Console-3.5.0\Mono.Cecil.dll</ModulePath>
      <ModuleTime>2016-10-12T12:03:36Z</ModuleTime>
      <ModuleName>Mono.Cecil</ModuleName>
      <Classes />
    </Module>
    <Module skippedDueTo="Filter" hash="E6-43-68-4E-1F-39-56-94-26-B3-14-DF-37-27-49-5B-21-24-D7-42">
      <ModulePath>C:\Windows\Microsoft.Net\assembly\GAC_MSIL\System.Configuration\v4.0_4.0.0.0__b03f5f7f11d50a3a\System.Configuration.dll</ModulePath>
      <ModuleTime>2016-11-29T21:34:16Z</ModuleTime>
      <ModuleName>System.Configuration</ModuleName>
      <Classes />
    </Module>
    <Module skippedDueTo="MissingPdb" hash="E7-66-5A-18-D3-04-27-DC-E1-A7-6B-CE-09-1D-64-31-67-96-A3-8F">
      <ModulePath>D:\Documents\Fakultet\Blok4\ProjekatDRS\Moduo2\ClientCommonTest\bin\Debug\nunit.framework.dll</ModulePath>
      <ModuleTime>2017-01-02T20:08:23.1761407Z</ModuleTime>
      <ModuleName>nunit.framework</ModuleName>
      <Classes />
    </Module>
    <Module skippedDueTo="Filter" hash="C5-35-6C-35-ED-11-F2-20-0B-94-95-47-77-C5-78-D2-61-D8-7B-76">
      <ModulePath>C:\Windows\Microsoft.Net\assembly\GAC_MSIL\System\v4.0_4.0.0.0__b77a5c561934e089\System.dll</ModulePath>
      <ModuleTime>2016-11-29T21:34:16Z</ModuleTime>
      <ModuleName>System</ModuleName>
      <Classes />
    </Module>
    <Module skippedDueTo="Filter" hash="A7-F9-BF-41-B5-72-45-4F-52-02-E0-4C-69-41-02-0C-C5-61-6B-B2">
      <ModulePath>C:\Windows\Microsoft.Net\assembly\GAC_MSIL\System.Core\v4.0_4.0.0.0__b77a5c561934e089\System.Core.dll</ModulePath>
      <ModuleTime>2016-11-29T21:34:16Z</ModuleTime>
      <ModuleName>System.Core</ModuleName>
      <Classes />
    </Module>
    <Module skippedDueTo="Filter" hash="9E-E0-7E-4E-E2-B6-A0-B0-21-DE-96-DF-AE-74-89-22-CC-B2-6C-E5">
      <ModulePath>C:\Windows\Microsoft.Net\assembly\GAC_32\System.Web\v4.0_4.0.0.0__b03f5f7f11d50a3a\System.Web.dll</ModulePath>
      <ModuleTime>2016-11-29T21:34:16Z</ModuleTime>
      <ModuleName>System.Web</ModuleName>
      <Classes />
    </Module>
    <Module hash="8D-0C-2A-C0-28-78-17-22-EE-BE-67-0F-6F-7C-7C-A8-02-47-1A-3C">
      <Summary numSequencePoints="356" visitedSequencePoints="356" numBranchPoints="96" visitedBranchPoints="96" sequenceCoverage="100" branchCoverage="100" maxCyclomaticComplexity="2" minCyclomaticComplexity="1" visitedClasses="14" numClasses="14" visitedMethods="96" numMethods="96" />
      <ModulePath>D:\Documents\Fakultet\Blok4\ProjekatDRS\Moduo2\ClientCommonTest\bin\Debug\ClientCommonTest.dll</ModulePath>
      <ModuleTime>2017-01-15T23:57:37.9130859Z</ModuleTime>
      <ModuleName>ClientCommonTest</ModuleName>
      <Files>
        <File uid="1" fullPath="D:\Documents\Fakultet\Blok4\ProjekatDRS\Moduo2\ClientCommonTest\TempStructureTest\TaskAndUserStoryCompletedFlagTest.cs" />
        <File uid="3" fullPath="D:\Documents\Fakultet\Blok4\ProjekatDRS\Moduo2\ClientCommonTest\DataTest\EmployeeTest.cs" />
        <File uid="5" fullPath="D:\Documents\Fakultet\Blok4\ProjekatDRS\Moduo2\ClientCommonTest\DataTest\HiringCompanyTest.cs" />
        <File uid="7" fullPath="D:\Documents\Fakultet\Blok4\ProjekatDRS\Moduo2\ClientCommonTest\DataTest\NotificationTest.cs" />
        <File uid="9" fullPath="D:\Documents\Fakultet\Blok4\ProjekatDRS\Moduo2\ClientCommonTest\DataTest\ProjectTest.cs" />
        <File uid="11" fullPath="D:\Documents\Fakultet\Blok4\ProjekatDRS\Moduo2\ClientCommonTest\DataTest\TaskTest.cs" />
        <File uid="12" fullPath="D:\Documents\Fakultet\Blok4\ProjekatDRS\Moduo2\ClientCommonTest\DataTest\TeamTest.cs" />
        <File uid="14" fullPath="D:\Documents\Fakultet\Blok4\ProjekatDRS\Moduo2\ClientCommonTest\DataTest\UserStoryTest.cs" />
      </Files>
      <Classes>
        <Class>
          <Summary numSequencePoints="0" visitedSequencePoints="0" numBranchPoints="0" visitedBranchPoints="0" sequenceCoverage="0" branchCoverage="0" maxCyclomaticComplexity="0" minCyclomaticComplexity="0" visitedClasses="0" numClasses="0" visitedMethods="0" numMethods="0" />
          <FullName>&lt;Module&gt;</FullName>
          <Methods />
        </Class>
        <Class>
          <Summary numSequencePoints="15" visitedSequencePoints="15" numBranchPoints="4" visitedBranchPoints="4" sequenceCoverage="100" branchCoverage="100" maxCyclomaticComplexity="2" minCyclomaticComplexity="1" visitedClasses="1" numClasses="1" visitedMethods="4" numMethods="4" />
          <FullName>ClientCommonTest.TempStructureTest.TaskAndUserStoryCompletedFlagTest</FullName>
          <Methods>
            <Method visited="true" cyclomaticComplexity="1" nPathComplexity="0" sequenceCoverage="100" branchCoverage="100" isConstructor="false" isStatic="false" isGetter="false" isSetter="false">
              <Summary numSequencePoints="3" visitedSequencePoints="3" numBranchPoints="1" visitedBranchPoints="1" sequenceCoverage="100" branchCoverage="100" maxCyclomaticComplexity="1" minCyclomaticComplexity="1" visitedClasses="0" numClasses="0" visitedMethods="1" numMethods="1" />
              <MetadataToken>100663297</MetadataToken>
              <Name>System.Void ClientCommonTest.TempStructureTest.TaskAndUserStoryCompletedFlagTest::SetupTest()</Name>
              <FileRef uid="1" />
              <SequencePoints>
                <SequencePoint vc="1" uspid="1" ordinal="0" offset="0" sl="18" sc="9" el="18" ec="10" bec="0" bev="0" fileid="1" />
                <SequencePoint vc="1" uspid="2" ordinal="1" offset="1" sl="19" sc="13" el="19" ec="61" bec="0" bev="0" fileid="1" />
                <SequencePoint vc="1" uspid="3" ordinal="2" offset="12" sl="20" sc="9" el="20" ec="10" bec="0" bev="0" fileid="1" />
              </SequencePoints>
              <BranchPoints />
              <MethodPoint xsi:type="SequencePoint" vc="1" uspid="1" ordinal="0" offset="0" sl="18" sc="9" el="18" ec="10" bec="0" bev="0" fileid="1" />
            </Method>
            <Method visited="true" cyclomaticComplexity="2" nPathComplexity="0" sequenceCoverage="100" branchCoverage="100" isConstructor="false" isStatic="false" isGetter="false" isSetter="false">
              <Summary numSequencePoints="3" visitedSequencePoints="3" numBranchPoints="1" visitedBranchPoints="1" sequenceCoverage="100" branchCoverage="100" maxCyclomaticComplexity="2" minCyclomaticComplexity="2" visitedClasses="0" numClasses="0" visitedMethods="1" numMethods="1" />
              <MetadataToken>100663298</MetadataToken>
              <Name>System.Void ClientCommonTest.TempStructureTest.TaskAndUserStoryCompletedFlagTest::ConstructorTest()</Name>
              <FileRef uid="1" />
              <SequencePoints>
                <SequencePoint vc="1" uspid="4" ordinal="0" offset="0" sl="24" sc="9" el="24" ec="10" bec="0" bev="0" fileid="1" />
                <SequencePoint vc="1" uspid="5" ordinal="1" offset="1" sl="25" sc="13" el="25" ec="76" bec="0" bev="0" fileid="1" />
                <SequencePoint vc="1" uspid="6" ordinal="2" offset="38" sl="26" sc="9" el="26" ec="10" bec="0" bev="0" fileid="1" />
              </SequencePoints>
              <BranchPoints />
              <MethodPoint xsi:type="SequencePoint" vc="1" uspid="4" ordinal="0" offset="0" sl="24" sc="9" el="24" ec="10" bec="0" bev="0" fileid="1" />
            </Method>
            <Method visited="true" cyclomaticComplexity="1" nPathComplexity="0" sequenceCoverage="100" branchCoverage="100" isConstructor="false" isStatic="false" isGetter="false" isSetter="false">
              <Summary numSequencePoints="5" visitedSequencePoints="5" numBranchPoints="1" visitedBranchPoints="1" sequenceCoverage="100" branchCoverage="100" maxCyclomaticComplexity="1" minCyclomaticComplexity="1" visitedClasses="0" numClasses="0" visitedMethods="1" numMethods="1" />
              <MetadataToken>100663299</MetadataToken>
              <Name>System.Void ClientCommonTest.TempStructureTest.TaskAndUserStoryCompletedFlagTest::TaskTest()</Name>
              <FileRef uid="1" />
              <SequencePoints>
                <SequencePoint vc="1" uspid="9" ordinal="0" offset="0" sl="30" sc="9" el="30" ec="10" bec="0" bev="0" fileid="1" />
                <SequencePoint vc="1" uspid="10" ordinal="1" offset="1" sl="31" sc="13" el="31" ec="91" bec="0" bev="0" fileid="1" />
                <SequencePoint vc="1" uspid="11" ordinal="2" offset="19" sl="32" sc="13" el="32" ec="30" bec="0" bev="0" fileid="1" />
                <SequencePoint vc="1" uspid="12" ordinal="3" offset="32" sl="34" sc="13" el="34" ec="46" bec="0" bev="0" fileid="1" />
                <SequencePoint vc="1" uspid="13" ordinal="4" offset="50" sl="35" sc="9" el="35" ec="10" bec="0" bev="0" fileid="1" />
              </SequencePoints>
              <BranchPoints />
              <MethodPoint xsi:type="SequencePoint" vc="1" uspid="9" ordinal="0" offset="0" sl="30" sc="9" el="30" ec="10" bec="0" bev="0" fileid="1" />
            </Method>
            <Method visited="true" cyclomaticComplexity="1" nPathComplexity="0" sequenceCoverage="100" branchCoverage="100" isConstructor="false" isStatic="false" isGetter="false" isSetter="false">
              <Summary numSequencePoints="4" visitedSequencePoints="4" numBranchPoints="1" visitedBranchPoints="1" sequenceCoverage="100" branchCoverage="100" maxCyclomaticComplexity="1" minCyclomaticComplexity="1" visitedClasses="0" numClasses="0" visitedMethods="1" numMethods="1" />
              <MetadataToken>100663300</MetadataToken>
              <Name>System.Void ClientCommonTest.TempStructureTest.TaskAndUserStoryCompletedFlagTest::UserStoryCompletedFlagTest()</Name>
              <FileRef uid="1" />
              <SequencePoints>
                <SequencePoint vc="1" uspid="14" ordinal="0" offset="0" sl="39" sc="9" el="39" ec="10" bec="0" bev="0" fileid="1" />
                <SequencePoint vc="1" uspid="15" ordinal="1" offset="1" sl="40" sc="13" el="40" ec="48" bec="0" bev="0" fileid="1" />
                <SequencePoint vc="1" uspid="16" ordinal="2" offset="14" sl="42" sc="13" el="42" ec="64" bec="0" bev="0" fileid="1" />
                <SequencePoint vc="1" uspid="17" ordinal="3" offset="42" sl="43" sc="9" el="43" ec="10" bec="0" bev="0" fileid="1" />
              </SequencePoints>
              <BranchPoints />
              <MethodPoint xsi:type="SequencePoint" vc="1" uspid="14" ordinal="0" offset="0" sl="39" sc="9" el="39" ec="10" bec="0" bev="0" fileid="1" />
            </Method>
            <Method visited="true" cyclomaticComplexity="1" nPathComplexity="0" sequenceCoverage="0" branchCoverage="0" isConstructor="true" isStatic="false" isGetter="false" isSetter="false">
              <Summary numSequencePoints="0" visitedSequencePoints="0" numBranchPoints="0" visitedBranchPoints="0" sequenceCoverage="0" branchCoverage="0" maxCyclomaticComplexity="1" minCyclomaticComplexity="1" visitedClasses="0" numClasses="0" visitedMethods="0" numMethods="0" />
              <MetadataToken>100663301</MetadataToken>
              <Name>System.Void ClientCommonTest.TempStructureTest.TaskAndUserStoryCompletedFlagTest::.ctor()</Name>
              <SequencePoints />
              <BranchPoints />
              <MethodPoint vc="1" uspid="18" ordinal="0" offset="0" />
            </Method>
          </Methods>
        </Class>
        <Class>
          <Summary numSequencePoints="1" visitedSequencePoints="1" numBranchPoints="1" visitedBranchPoints="1" sequenceCoverage="100" branchCoverage="100" maxCyclomaticComplexity="1" minCyclomaticComplexity="1" visitedClasses="1" numClasses="1" visitedMethods="1" numMethods="1" />
          <FullName>ClientCommonTest.TempStructureTest.TaskAndUserStoryCompletedFlagTest/&lt;&gt;c</FullName>
          <Methods>
            <Method visited="true" cyclomaticComplexity="1" nPathComplexity="0" sequenceCoverage="0" branchCoverage="0" isConstructor="true" isStatic="true" isGetter="false" isSetter="false">
              <Summary numSequencePoints="0" visitedSequencePoints="0" numBranchPoints="0" visitedBranchPoints="0" sequenceCoverage="0" branchCoverage="0" maxCyclomaticComplexity="1" minCyclomaticComplexity="1" visitedClasses="0" numClasses="0" visitedMethods="0" numMethods="0" />
              <MetadataToken>100663389</MetadataToken>
              <Name>System.Void ClientCommonTest.TempStructureTest.TaskAndUserStoryCompletedFlagTest/&lt;&gt;c::.cctor()</Name>
              <SequencePoints />
              <BranchPoints />
              <MethodPoint vc="1" uspid="19" ordinal="0" offset="0" />
            </Method>
            <Method visited="true" cyclomaticComplexity="1" nPathComplexity="0" sequenceCoverage="0" branchCoverage="0" isConstructor="true" isStatic="false" isGetter="false" isSetter="false">
              <Summary numSequencePoints="0" visitedSequencePoints="0" numBranchPoints="0" visitedBranchPoints="0" sequenceCoverage="0" branchCoverage="0" maxCyclomaticComplexity="1" minCyclomaticComplexity="1" visitedClasses="0" numClasses="0" visitedMethods="0" numMethods="0" />
              <MetadataToken>100663390</MetadataToken>
              <Name>System.Void ClientCommonTest.TempStructureTest.TaskAndUserStoryCompletedFlagTest/&lt;&gt;c::.ctor()</Name>
              <SequencePoints />
              <BranchPoints />
              <MethodPoint vc="1" uspid="20" ordinal="0" offset="0" />
            </Method>
            <Method visited="true" cyclomaticComplexity="1" nPathComplexity="0" sequenceCoverage="100" branchCoverage="100" isConstructor="false" isStatic="false" isGetter="false" isSetter="false">
              <Summary numSequencePoints="1" visitedSequencePoints="1" numBranchPoints="1" visitedBranchPoints="1" sequenceCoverage="100" branchCoverage="100" maxCyclomaticComplexity="1" minCyclomaticComplexity="1" visitedClasses="0" numClasses="0" visitedMethods="1" numMethods="1" />
              <MetadataToken>100663391</MetadataToken>
              <Name>System.Void ClientCommonTest.TempStructureTest.TaskAndUserStoryCompletedFlagTest/&lt;&gt;c::&lt;ConstructorTest&gt;b__2_0()</Name>
              <FileRef uid="1" />
              <SequencePoints>
                <SequencePoint vc="1" uspid="21" ordinal="0" offset="0" sl="25" sc="39" el="25" ec="74" bec="0" bev="0" fileid="1" />
              </SequencePoints>
              <BranchPoints />
              <MethodPoint xsi:type="SequencePoint" vc="1" uspid="21" ordinal="0" offset="0" sl="25" sc="39" el="25" ec="74" bec="0" bev="0" fileid="1" />
            </Method>
          </Methods>
        </Class>
        <Class>
          <Summary numSequencePoints="75" visitedSequencePoints="75" numBranchPoints="17" visitedBranchPoints="17" sequenceCoverage="100" branchCoverage="100" maxCyclomaticComplexity="2" minCyclomaticComplexity="1" visitedClasses="1" numClasses="1" visitedMethods="17" numMethods="17" />
          <FullName>ClientCommonTest.DataTest.EmployeeTest</FullName>
          <Methods>
            <Method visited="true" cyclomaticComplexity="1" nPathComplexity="0" sequenceCoverage="100" branchCoverage="100" isConstructor="false" isStatic="false" isGetter="false" isSetter="false">
              <Summary numSequencePoints="3" visitedSequencePoints="3" numBranchPoints="1" visitedBranchPoints="1" sequenceCoverage="100" branchCoverage="100" maxCyclomaticComplexity="1" minCyclomaticComplexity="1" visitedClasses="0" numClasses="0" visitedMethods="1" numMethods="1" />
              <MetadataToken>100663302</MetadataToken>
              <Name>System.Void ClientCommonTest.DataTest.EmployeeTest::SetupTest()</Name>
              <FileRef uid="3" />
              <SequencePoints>
                <SequencePoint vc="1" uspid="22" ordinal="0" offset="0" sl="24" sc="9" el="24" ec="10" bec="0" bev="0" fileid="3" />
                <SequencePoint vc="1" uspid="23" ordinal="1" offset="1" sl="25" sc="13" el="25" ec="48" bec="0" bev="0" fileid="3" />
                <SequencePoint vc="1" uspid="24" ordinal="2" offset="12" sl="26" sc="9" el="26" ec="10" bec="0" bev="0" fileid="3" />
              </SequencePoints>
              <BranchPoints />
              <MethodPoint xsi:type="SequencePoint" vc="1" uspid="22" ordinal="0" offset="0" sl="24" sc="9" el="24" ec="10" bec="0" bev="0" fileid="3" />
            </Method>
            <Method visited="true" cyclomaticComplexity="2" nPathComplexity="0" sequenceCoverage="100" branchCoverage="100" isConstructor="false" isStatic="false" isGetter="false" isSetter="false">
              <Summary numSequencePoints="3" visitedSequencePoints="3" numBranchPoints="1" visitedBranchPoints="1" sequenceCoverage="100" branchCoverage="100" maxCyclomaticComplexity="2" minCyclomaticComplexity="2" visitedClasses="0" numClasses="0" visitedMethods="1" numMethods="1" />
              <MetadataToken>100663303</MetadataToken>
              <Name>System.Void ClientCommonTest.DataTest.EmployeeTest::ConstructorTest()</Name>
              <FileRef uid="3" />
              <SequencePoints>
                <SequencePoint vc="1" uspid="25" ordinal="0" offset="0" sl="32" sc="9" el="32" ec="10" bec="0" bev="0" fileid="3" />
                <SequencePoint vc="1" uspid="26" ordinal="1" offset="1" sl="33" sc="13" el="33" ec="55" bec="0" bev="0" fileid="3" />
                <SequencePoint vc="1" uspid="27" ordinal="2" offset="38" sl="34" sc="9" el="34" ec="10" bec="0" bev="0" fileid="3" />
              </SequencePoints>
              <BranchPoints />
              <MethodPoint xsi:type="SequencePoint" vc="1" uspid="25" ordinal="0" offset="0" sl="32" sc="9" el="32" ec="10" bec="0" bev="0" fileid="3" />
            </Method>
            <Method visited="true" cyclomaticComplexity="1" nPathComplexity="0" sequenceCoverage="100" branchCoverage="100" isConstructor="false" isStatic="false" isGetter="false" isSetter="false">
              <Summary numSequencePoints="10" visitedSequencePoints="10" numBranchPoints="1" visitedBranchPoints="1" sequenceCoverage="100" branchCoverage="100" maxCyclomaticComplexity="1" minCyclomaticComplexity="1" visitedClasses="0" numClasses="0" visitedMethods="1" numMethods="1" />
              <MetadataToken>100663304</MetadataToken>
              <Name>System.Void ClientCommonTest.DataTest.EmployeeTest::ConstructorTestWithParameters()</Name>
              <FileRef uid="3" />
              <SequencePoints>
                <SequencePoint vc="1" uspid="30" ordinal="0" offset="0" sl="38" sc="9" el="38" ec="10" bec="0" bev="0" fileid="3" />
                <SequencePoint vc="1" uspid="31" ordinal="1" offset="1" sl="39" sc="13" el="39" ec="97" bec="0" bev="0" fileid="3" />
                <SequencePoint vc="1" uspid="32" ordinal="2" offset="19" sl="41" sc="13" el="41" ec="85" bec="0" bev="0" fileid="3" />
                <SequencePoint vc="1" uspid="33" ordinal="3" offset="66" sl="42" sc="13" el="42" ec="54" bec="0" bev="0" fileid="3" />
                <SequencePoint vc="1" uspid="34" ordinal="4" offset="99" sl="43" sc="13" el="43" ec="54" bec="0" bev="0" fileid="3" />
                <SequencePoint vc="1" uspid="35" ordinal="5" offset="122" sl="44" sc="13" el="44" ec="60" bec="0" bev="0" fileid="3" />
                <SequencePoint vc="1" uspid="36" ordinal="6" offset="145" sl="45" sc="13" el="45" ec="56" bec="0" bev="0" fileid="3" />
                <SequencePoint vc="1" uspid="37" ordinal="7" offset="168" sl="46" sc="13" el="46" ec="62" bec="0" bev="0" fileid="3" />
                <SequencePoint vc="1" uspid="38" ordinal="8" offset="191" sl="47" sc="13" el="47" ec="54" bec="0" bev="0" fileid="3" />
                <SequencePoint vc="1" uspid="39" ordinal="9" offset="214" sl="48" sc="9" el="48" ec="10" bec="0" bev="0" fileid="3" />
              </SequencePoints>
              <BranchPoints />
              <MethodPoint xsi:type="SequencePoint" vc="1" uspid="30" ordinal="0" offset="0" sl="38" sc="9" el="38" ec="10" bec="0" bev="0" fileid="3" />
            </Method>
            <Method visited="true" cyclomaticComplexity="1" nPathComplexity="0" sequenceCoverage="100" branchCoverage="100" isConstructor="false" isStatic="false" isGetter="false" isSetter="false">
              <Summary numSequencePoints="4" visitedSequencePoints="4" numBranchPoints="1" visitedBranchPoints="1" sequenceCoverage="100" branchCoverage="100" maxCyclomaticComplexity="1" minCyclomaticComplexity="1" visitedClasses="0" numClasses="0" visitedMethods="1" numMethods="1" />
              <MetadataToken>100663305</MetadataToken>
              <Name>System.Void ClientCommonTest.DataTest.EmployeeTest::IdTest()</Name>
              <FileRef uid="3" />
              <SequencePoints>
                <SequencePoint vc="1" uspid="40" ordinal="0" offset="0" sl="52" sc="9" el="52" ec="10" bec="0" bev="0" fileid="3" />
                <SequencePoint vc="1" uspid="41" ordinal="1" offset="1" sl="53" sc="13" el="53" ec="34" bec="0" bev="0" fileid="3" />
                <SequencePoint vc="1" uspid="42" ordinal="2" offset="19" sl="55" sc="13" el="55" ec="50" bec="0" bev="0" fileid="3" />
                <SequencePoint vc="1" uspid="43" ordinal="3" offset="52" sl="56" sc="9" el="56" ec="10" bec="0" bev="0" fileid="3" />
              </SequencePoints>
              <BranchPoints />
              <MethodPoint xsi:type="SequencePoint" vc="1" uspid="40" ordinal="0" offset="0" sl="52" sc="9" el="52" ec="10" bec="0" bev="0" fileid="3" />
            </Method>
            <Method visited="true" cyclomaticComplexity="1" nPathComplexity="0" sequenceCoverage="100" branchCoverage="100" isConstructor="false" isStatic="false" isGetter="false" isSetter="false">
              <Summary numSequencePoints="4" visitedSequencePoints="4" numBranchPoints="1" visitedBranchPoints="1" sequenceCoverage="100" branchCoverage="100" maxCyclomaticComplexity="1" minCyclomaticComplexity="1" visitedClasses="0" numClasses="0" visitedMethods="1" numMethods="1" />
              <MetadataToken>100663306</MetadataToken>
              <Name>System.Void ClientCommonTest.DataTest.EmployeeTest::TypeTest()</Name>
              <FileRef uid="3" />
              <SequencePoints>
                <SequencePoint vc="1" uspid="44" ordinal="0" offset="0" sl="60" sc="9" el="60" ec="10" bec="0" bev="0" fileid="3" />
                <SequencePoint vc="1" uspid="45" ordinal="1" offset="1" sl="61" sc="13" el="61" ec="38" bec="0" bev="0" fileid="3" />
                <SequencePoint vc="1" uspid="46" ordinal="2" offset="19" sl="63" sc="13" el="63" ec="54" bec="0" bev="0" fileid="3" />
                <SequencePoint vc="1" uspid="47" ordinal="3" offset="52" sl="64" sc="9" el="64" ec="10" bec="0" bev="0" fileid="3" />
              </SequencePoints>
              <BranchPoints />
              <MethodPoint xsi:type="SequencePoint" vc="1" uspid="44" ordinal="0" offset="0" sl="60" sc="9" el="60" ec="10" bec="0" bev="0" fileid="3" />
            </Method>
            <Method visited="true" cyclomaticComplexity="1" nPathComplexity="0" sequenceCoverage="100" branchCoverage="100" isConstructor="false" isStatic="false" isGetter="false" isSetter="false">
              <Summary numSequencePoints="4" visitedSequencePoints="4" numBranchPoints="1" visitedBranchPoints="1" sequenceCoverage="100" branchCoverage="100" maxCyclomaticComplexity="1" minCyclomaticComplexity="1" visitedClasses="0" numClasses="0" visitedMethods="1" numMethods="1" />
              <MetadataToken>100663307</MetadataToken>
              <Name>System.Void ClientCommonTest.DataTest.EmployeeTest::NameTest()</Name>
              <FileRef uid="3" />
              <SequencePoints>
                <SequencePoint vc="1" uspid="48" ordinal="0" offset="0" sl="68" sc="9" el="68" ec="10" bec="0" bev="0" fileid="3" />
                <SequencePoint vc="1" uspid="49" ordinal="1" offset="1" sl="69" sc="13" el="69" ec="38" bec="0" bev="0" fileid="3" />
                <SequencePoint vc="1" uspid="50" ordinal="2" offset="19" sl="71" sc="13" el="71" ec="54" bec="0" bev="0" fileid="3" />
                <SequencePoint vc="1" uspid="51" ordinal="3" offset="42" sl="72" sc="9" el="72" ec="10" bec="0" bev="0" fileid="3" />
              </SequencePoints>
              <BranchPoints />
              <MethodPoint xsi:type="SequencePoint" vc="1" uspid="48" ordinal="0" offset="0" sl="68" sc="9" el="68" ec="10" bec="0" bev="0" fileid="3" />
            </Method>
            <Method visited="true" cyclomaticComplexity="1" nPathComplexity="0" sequenceCoverage="100" branchCoverage="100" isConstructor="false" isStatic="false" isGetter="false" isSetter="false">
              <Summary numSequencePoints="4" visitedSequencePoints="4" numBranchPoints="1" visitedBranchPoints="1" sequenceCoverage="100" branchCoverage="100" maxCyclomaticComplexity="1" minCyclomaticComplexity="1" visitedClasses="0" numClasses="0" visitedMethods="1" numMethods="1" />
              <MetadataToken>100663308</MetadataToken>
              <Name>System.Void ClientCommonTest.DataTest.EmployeeTest::SurnameTest()</Name>
              <FileRef uid="3" />
              <SequencePoints>
                <SequencePoint vc="1" uspid="52" ordinal="0" offset="0" sl="76" sc="9" el="76" ec="10" bec="0" bev="0" fileid="3" />
                <SequencePoint vc="1" uspid="53" ordinal="1" offset="1" sl="77" sc="13" el="77" ec="44" bec="0" bev="0" fileid="3" />
                <SequencePoint vc="1" uspid="54" ordinal="2" offset="19" sl="79" sc="13" el="79" ec="60" bec="0" bev="0" fileid="3" />
                <SequencePoint vc="1" uspid="55" ordinal="3" offset="42" sl="80" sc="9" el="80" ec="10" bec="0" bev="0" fileid="3" />
              </SequencePoints>
              <BranchPoints />
              <MethodPoint xsi:type="SequencePoint" vc="1" uspid="52" ordinal="0" offset="0" sl="76" sc="9" el="76" ec="10" bec="0" bev="0" fileid="3" />
            </Method>
            <Method visited="true" cyclomaticComplexity="1" nPathComplexity="0" sequenceCoverage="100" branchCoverage="100" isConstructor="false" isStatic="false" isGetter="false" isSetter="false">
              <Summary numSequencePoints="4" visitedSequencePoints="4" numBranchPoints="1" visitedBranchPoints="1" sequenceCoverage="100" branchCoverage="100" maxCyclomaticComplexity="1" minCyclomaticComplexity="1" visitedClasses="0" numClasses="0" visitedMethods="1" numMethods="1" />
              <MetadataToken>100663309</MetadataToken>
              <Name>System.Void ClientCommonTest.DataTest.EmployeeTest::EmailTest()</Name>
              <FileRef uid="3" />
              <SequencePoints>
                <SequencePoint vc="1" uspid="56" ordinal="0" offset="0" sl="84" sc="9" el="84" ec="10" bec="0" bev="0" fileid="3" />
                <SequencePoint vc="1" uspid="57" ordinal="1" offset="1" sl="85" sc="13" el="85" ec="40" bec="0" bev="0" fileid="3" />
                <SequencePoint vc="1" uspid="58" ordinal="2" offset="19" sl="87" sc="13" el="87" ec="56" bec="0" bev="0" fileid="3" />
                <SequencePoint vc="1" uspid="59" ordinal="3" offset="42" sl="88" sc="9" el="88" ec="10" bec="0" bev="0" fileid="3" />
              </SequencePoints>
              <BranchPoints />
              <MethodPoint xsi:type="SequencePoint" vc="1" uspid="56" ordinal="0" offset="0" sl="84" sc="9" el="84" ec="10" bec="0" bev="0" fileid="3" />
            </Method>
            <Method visited="true" cyclomaticComplexity="1" nPathComplexity="0" sequenceCoverage="100" branchCoverage="100" isConstructor="false" isStatic="false" isGetter="false" isSetter="false">
              <Summary numSequencePoints="4" visitedSequencePoints="4" numBranchPoints="1" visitedBranchPoints="1" sequenceCoverage="100" branchCoverage="100" maxCyclomaticComplexity="1" minCyclomaticComplexity="1" visitedClasses="0" numClasses="0" visitedMethods="1" numMethods="1" />
              <MetadataToken>100663310</MetadataToken>
              <Name>System.Void ClientCommonTest.DataTest.EmployeeTest::PasswordTest()</Name>
              <FileRef uid="3" />
              <SequencePoints>
                <SequencePoint vc="1" uspid="60" ordinal="0" offset="0" sl="92" sc="9" el="92" ec="10" bec="0" bev="0" fileid="3" />
                <SequencePoint vc="1" uspid="61" ordinal="1" offset="1" sl="93" sc="13" el="93" ec="46" bec="0" bev="0" fileid="3" />
                <SequencePoint vc="1" uspid="62" ordinal="2" offset="19" sl="95" sc="13" el="95" ec="62" bec="0" bev="0" fileid="3" />
                <SequencePoint vc="1" uspid="63" ordinal="3" offset="42" sl="96" sc="9" el="96" ec="10" bec="0" bev="0" fileid="3" />
              </SequencePoints>
              <BranchPoints />
              <MethodPoint xsi:type="SequencePoint" vc="1" uspid="60" ordinal="0" offset="0" sl="92" sc="9" el="92" ec="10" bec="0" bev="0" fileid="3" />
            </Method>
            <Method visited="true" cyclomaticComplexity="1" nPathComplexity="0" sequenceCoverage="100" branchCoverage="100" isConstructor="false" isStatic="false" isGetter="false" isSetter="false">
              <Summary numSequencePoints="4" visitedSequencePoints="4" numBranchPoints="1" visitedBranchPoints="1" sequenceCoverage="100" branchCoverage="100" maxCyclomaticComplexity="1" minCyclomaticComplexity="1" visitedClasses="0" numClasses="0" visitedMethods="1" numMethods="1" />
              <MetadataToken>100663311</MetadataToken>
              <Name>System.Void ClientCommonTest.DataTest.EmployeeTest::TeamTest()</Name>
              <FileRef uid="3" />
              <SequencePoints>
                <SequencePoint vc="1" uspid="64" ordinal="0" offset="0" sl="100" sc="9" el="100" ec="10" bec="0" bev="0" fileid="3" />
                <SequencePoint vc="1" uspid="65" ordinal="1" offset="1" sl="101" sc="13" el="101" ec="38" bec="0" bev="0" fileid="3" />
                <SequencePoint vc="1" uspid="66" ordinal="2" offset="19" sl="103" sc="13" el="103" ec="54" bec="0" bev="0" fileid="3" />
                <SequencePoint vc="1" uspid="67" ordinal="3" offset="42" sl="104" sc="9" el="104" ec="10" bec="0" bev="0" fileid="3" />
              </SequencePoints>
              <BranchPoints />
              <MethodPoint xsi:type="SequencePoint" vc="1" uspid="64" ordinal="0" offset="0" sl="100" sc="9" el="100" ec="10" bec="0" bev="0" fileid="3" />
            </Method>
            <Method visited="true" cyclomaticComplexity="1" nPathComplexity="0" sequenceCoverage="100" branchCoverage="100" isConstructor="false" isStatic="false" isGetter="false" isSetter="false">
              <Summary numSequencePoints="4" visitedSequencePoints="4" numBranchPoints="1" visitedBranchPoints="1" sequenceCoverage="100" branchCoverage="100" maxCyclomaticComplexity="1" minCyclomaticComplexity="1" visitedClasses="0" numClasses="0" visitedMethods="1" numMethods="1" />
              <MetadataToken>100663312</MetadataToken>
              <Name>System.Void ClientCommonTest.DataTest.EmployeeTest::WorkingHoursStartTest()</Name>
              <FileRef uid="3" />
              <SequencePoints>
                <SequencePoint vc="1" uspid="68" ordinal="0" offset="0" sl="108" sc="9" el="108" ec="10" bec="0" bev="0" fileid="3" />
                <SequencePoint vc="1" uspid="69" ordinal="1" offset="1" sl="109" sc="13" el="109" ec="55" bec="0" bev="0" fileid="3" />
                <SequencePoint vc="1" uspid="70" ordinal="2" offset="19" sl="111" sc="13" el="111" ec="71" bec="0" bev="0" fileid="3" />
                <SequencePoint vc="1" uspid="71" ordinal="3" offset="52" sl="112" sc="9" el="112" ec="10" bec="0" bev="0" fileid="3" />
              </SequencePoints>
              <BranchPoints />
              <MethodPoint xsi:type="SequencePoint" vc="1" uspid="68" ordinal="0" offset="0" sl="108" sc="9" el="108" ec="10" bec="0" bev="0" fileid="3" />
            </Method>
            <Method visited="true" cyclomaticComplexity="1" nPathComplexity="0" sequenceCoverage="100" branchCoverage="100" isConstructor="false" isStatic="false" isGetter="false" isSetter="false">
              <Summary numSequencePoints="4" visitedSequencePoints="4" numBranchPoints="1" visitedBranchPoints="1" sequenceCoverage="100" branchCoverage="100" maxCyclomaticComplexity="1" minCyclomaticComplexity="1" visitedClasses="0" numClasses="0" visitedMethods="1" numMethods="1" />
              <MetadataToken>100663313</MetadataToken>
              <Name>System.Void ClientCommonTest.DataTest.EmployeeTest::WorkingHoursEndTest()</Name>
              <FileRef uid="3" />
              <SequencePoints>
                <SequencePoint vc="1" uspid="72" ordinal="0" offset="0" sl="116" sc="9" el="116" ec="10" bec="0" bev="0" fileid="3" />
                <SequencePoint vc="1" uspid="73" ordinal="1" offset="1" sl="117" sc="13" el="117" ec="53" bec="0" bev="0" fileid="3" />
                <SequencePoint vc="1" uspid="74" ordinal="2" offset="19" sl="119" sc="13" el="119" ec="69" bec="0" bev="0" fileid="3" />
                <SequencePoint vc="1" uspid="75" ordinal="3" offset="52" sl="120" sc="9" el="120" ec="10" bec="0" bev="0" fileid="3" />
              </SequencePoints>
              <BranchPoints />
              <MethodPoint xsi:type="SequencePoint" vc="1" uspid="72" ordinal="0" offset="0" sl="116" sc="9" el="116" ec="10" bec="0" bev="0" fileid="3" />
            </Method>
            <Method visited="true" cyclomaticComplexity="1" nPathComplexity="0" sequenceCoverage="100" branchCoverage="100" isConstructor="false" isStatic="false" isGetter="false" isSetter="false">
              <Summary numSequencePoints="4" visitedSequencePoints="4" numBranchPoints="1" visitedBranchPoints="1" sequenceCoverage="100" branchCoverage="100" maxCyclomaticComplexity="1" minCyclomaticComplexity="1" visitedClasses="0" numClasses="0" visitedMethods="1" numMethods="1" />
              <MetadataToken>100663314</MetadataToken>
              <Name>System.Void ClientCommonTest.DataTest.EmployeeTest::PasswordTimeStampTest()</Name>
              <FileRef uid="3" />
              <SequencePoints>
                <SequencePoint vc="1" uspid="76" ordinal="0" offset="0" sl="124" sc="9" el="124" ec="10" bec="0" bev="0" fileid="3" />
                <SequencePoint vc="1" uspid="77" ordinal="1" offset="1" sl="125" sc="13" el="125" ec="55" bec="0" bev="0" fileid="3" />
                <SequencePoint vc="1" uspid="78" ordinal="2" offset="19" sl="127" sc="13" el="127" ec="71" bec="0" bev="0" fileid="3" />
                <SequencePoint vc="1" uspid="79" ordinal="3" offset="52" sl="128" sc="9" el="128" ec="10" bec="0" bev="0" fileid="3" />
              </SequencePoints>
              <BranchPoints />
              <MethodPoint xsi:type="SequencePoint" vc="1" uspid="76" ordinal="0" offset="0" sl="124" sc="9" el="124" ec="10" bec="0" bev="0" fileid="3" />
            </Method>
            <Method visited="true" cyclomaticComplexity="1" nPathComplexity="0" sequenceCoverage="100" branchCoverage="100" isConstructor="false" isStatic="false" isGetter="false" isSetter="false">
              <Summary numSequencePoints="5" visitedSequencePoints="5" numBranchPoints="1" visitedBranchPoints="1" sequenceCoverage="100" branchCoverage="100" maxCyclomaticComplexity="1" minCyclomaticComplexity="1" visitedClasses="0" numClasses="0" visitedMethods="1" numMethods="1" />
              <MetadataToken>100663315</MetadataToken>
              <Name>System.Void ClientCommonTest.DataTest.EmployeeTest::NotificationsTest()</Name>
              <FileRef uid="3" />
              <SequencePoints>
                <SequencePoint vc="1" uspid="80" ordinal="0" offset="0" sl="132" sc="9" el="132" ec="10" bec="0" bev="0" fileid="3" />
                <SequencePoint vc="1" uspid="81" ordinal="1" offset="1" sl="133" sc="13" el="133" ec="62" bec="0" bev="0" fileid="3" />
                <SequencePoint vc="1" uspid="82" ordinal="2" offset="7" sl="134" sc="13" el="134" ec="45" bec="0" bev="0" fileid="3" />
                <SequencePoint vc="1" uspid="83" ordinal="3" offset="20" sl="136" sc="13" el="136" ec="61" bec="0" bev="0" fileid="3" />
                <SequencePoint vc="1" uspid="84" ordinal="4" offset="38" sl="137" sc="9" el="137" ec="10" bec="0" bev="0" fileid="3" />
              </SequencePoints>
              <BranchPoints />
              <MethodPoint xsi:type="SequencePoint" vc="1" uspid="80" ordinal="0" offset="0" sl="132" sc="9" el="132" ec="10" bec="0" bev="0" fileid="3" />
            </Method>
            <Method visited="true" cyclomaticComplexity="1" nPathComplexity="0" sequenceCoverage="100" branchCoverage="100" isConstructor="false" isStatic="false" isGetter="false" isSetter="false">
              <Summary numSequencePoints="5" visitedSequencePoints="5" numBranchPoints="1" visitedBranchPoints="1" sequenceCoverage="100" branchCoverage="100" maxCyclomaticComplexity="1" minCyclomaticComplexity="1" visitedClasses="0" numClasses="0" visitedMethods="1" numMethods="1" />
              <MetadataToken>100663316</MetadataToken>
              <Name>System.Void ClientCommonTest.DataTest.EmployeeTest::ToStringTest()</Name>
              <FileRef uid="3" />
              <SequencePoints>
                <SequencePoint vc="1" uspid="85" ordinal="0" offset="0" sl="141" sc="9" el="141" ec="10" bec="0" bev="0" fileid="3" />
                <SequencePoint vc="1" uspid="86" ordinal="1" offset="1" sl="142" sc="13" el="142" ec="41" bec="0" bev="0" fileid="3" />
                <SequencePoint vc="1" uspid="87" ordinal="2" offset="18" sl="143" sc="13" el="143" ec="47" bec="0" bev="0" fileid="3" />
                <SequencePoint vc="1" uspid="88" ordinal="3" offset="35" sl="145" sc="13" el="145" ec="72" bec="0" bev="0" fileid="3" />
                <SequencePoint vc="1" uspid="89" ordinal="4" offset="57" sl="146" sc="9" el="146" ec="10" bec="0" bev="0" fileid="3" />
              </SequencePoints>
              <BranchPoints />
              <MethodPoint xsi:type="SequencePoint" vc="1" uspid="85" ordinal="0" offset="0" sl="141" sc="9" el="141" ec="10" bec="0" bev="0" fileid="3" />
            </Method>
            <Method visited="true" cyclomaticComplexity="1" nPathComplexity="0" sequenceCoverage="100" branchCoverage="100" isConstructor="true" isStatic="false" isGetter="false" isSetter="false">
              <Summary numSequencePoints="8" visitedSequencePoints="8" numBranchPoints="1" visitedBranchPoints="1" sequenceCoverage="100" branchCoverage="100" maxCyclomaticComplexity="1" minCyclomaticComplexity="1" visitedClasses="0" numClasses="0" visitedMethods="1" numMethods="1" />
              <MetadataToken>100663317</MetadataToken>
              <Name>System.Void ClientCommonTest.DataTest.EmployeeTest::.ctor()</Name>
              <FileRef uid="3" />
              <SequencePoints>
                <SequencePoint vc="1" uspid="90" ordinal="0" offset="0" sl="13" sc="9" el="13" ec="54" bec="0" bev="0" fileid="3" />
                <SequencePoint vc="1" uspid="91" ordinal="1" offset="7" sl="14" sc="9" el="14" ec="39" bec="0" bev="0" fileid="3" />
                <SequencePoint vc="1" uspid="92" ordinal="2" offset="18" sl="15" sc="9" el="15" ec="45" bec="0" bev="0" fileid="3" />
                <SequencePoint vc="1" uspid="93" ordinal="3" offset="29" sl="16" sc="9" el="16" ec="50" bec="0" bev="0" fileid="3" />
                <SequencePoint vc="1" uspid="94" ordinal="4" offset="40" sl="17" sc="9" el="17" ec="45" bec="0" bev="0" fileid="3" />
                <SequencePoint vc="1" uspid="95" ordinal="5" offset="51" sl="18" sc="9" el="18" ec="28" bec="0" bev="0" fileid="3" />
                <SequencePoint vc="1" uspid="96" ordinal="6" offset="58" sl="19" sc="9" el="19" ec="46" bec="0" bev="0" fileid="3" />
                <SequencePoint vc="1" uspid="97" ordinal="7" offset="74" sl="20" sc="9" el="20" ec="50" bec="0" bev="0" fileid="3" />
              </SequencePoints>
              <BranchPoints />
              <MethodPoint xsi:type="SequencePoint" vc="1" uspid="90" ordinal="0" offset="0" sl="13" sc="9" el="13" ec="54" bec="0" bev="0" fileid="3" />
            </Method>
            <Method visited="true" cyclomaticComplexity="1" nPathComplexity="0" sequenceCoverage="100" branchCoverage="100" isConstructor="false" isStatic="false" isGetter="false" isSetter="false">
              <Summary numSequencePoints="1" visitedSequencePoints="1" numBranchPoints="1" visitedBranchPoints="1" sequenceCoverage="100" branchCoverage="100" maxCyclomaticComplexity="1" minCyclomaticComplexity="1" visitedClasses="0" numClasses="0" visitedMethods="1" numMethods="1" />
              <MetadataToken>100663318</MetadataToken>
              <Name>System.Void ClientCommonTest.DataTest.EmployeeTest::&lt;ConstructorTestWithParameters&gt;b__11_0()</Name>
              <FileRef uid="3" />
              <SequencePoints>
                <SequencePoint vc="1" uspid="98" ordinal="0" offset="0" sl="39" sc="39" el="39" ec="95" bec="0" bev="0" fileid="3" />
              </SequencePoints>
              <BranchPoints />
              <MethodPoint xsi:type="SequencePoint" vc="1" uspid="98" ordinal="0" offset="0" sl="39" sc="39" el="39" ec="95" bec="0" bev="0" fileid="3" />
            </Method>
          </Methods>
        </Class>
        <Class>
          <Summary numSequencePoints="1" visitedSequencePoints="1" numBranchPoints="1" visitedBranchPoints="1" sequenceCoverage="100" branchCoverage="100" maxCyclomaticComplexity="1" minCyclomaticComplexity="1" visitedClasses="1" numClasses="1" visitedMethods="1" numMethods="1" />
          <FullName>ClientCommonTest.DataTest.EmployeeTest/&lt;&gt;c</FullName>
          <Methods>
            <Method visited="true" cyclomaticComplexity="1" nPathComplexity="0" sequenceCoverage="0" branchCoverage="0" isConstructor="true" isStatic="true" isGetter="false" isSetter="false">
              <Summary numSequencePoints="0" visitedSequencePoints="0" numBranchPoints="0" visitedBranchPoints="0" sequenceCoverage="0" branchCoverage="0" maxCyclomaticComplexity="1" minCyclomaticComplexity="1" visitedClasses="0" numClasses="0" visitedMethods="0" numMethods="0" />
              <MetadataToken>100663392</MetadataToken>
              <Name>System.Void ClientCommonTest.DataTest.EmployeeTest/&lt;&gt;c::.cctor()</Name>
              <SequencePoints />
              <BranchPoints />
              <MethodPoint vc="1" uspid="99" ordinal="0" offset="0" />
            </Method>
            <Method visited="true" cyclomaticComplexity="1" nPathComplexity="0" sequenceCoverage="0" branchCoverage="0" isConstructor="true" isStatic="false" isGetter="false" isSetter="false">
              <Summary numSequencePoints="0" visitedSequencePoints="0" numBranchPoints="0" visitedBranchPoints="0" sequenceCoverage="0" branchCoverage="0" maxCyclomaticComplexity="1" minCyclomaticComplexity="1" visitedClasses="0" numClasses="0" visitedMethods="0" numMethods="0" />
              <MetadataToken>100663393</MetadataToken>
              <Name>System.Void ClientCommonTest.DataTest.EmployeeTest/&lt;&gt;c::.ctor()</Name>
              <SequencePoints />
              <BranchPoints />
              <MethodPoint vc="1" uspid="100" ordinal="0" offset="0" />
            </Method>
            <Method visited="true" cyclomaticComplexity="1" nPathComplexity="0" sequenceCoverage="100" branchCoverage="100" isConstructor="false" isStatic="false" isGetter="false" isSetter="false">
              <Summary numSequencePoints="1" visitedSequencePoints="1" numBranchPoints="1" visitedBranchPoints="1" sequenceCoverage="100" branchCoverage="100" maxCyclomaticComplexity="1" minCyclomaticComplexity="1" visitedClasses="0" numClasses="0" visitedMethods="1" numMethods="1" />
              <MetadataToken>100663394</MetadataToken>
              <Name>System.Void ClientCommonTest.DataTest.EmployeeTest/&lt;&gt;c::&lt;ConstructorTest&gt;b__10_0()</Name>
              <FileRef uid="3" />
              <SequencePoints>
                <SequencePoint vc="1" uspid="101" ordinal="0" offset="0" sl="33" sc="39" el="33" ec="53" bec="0" bev="0" fileid="3" />
              </SequencePoints>
              <BranchPoints />
              <MethodPoint xsi:type="SequencePoint" vc="1" uspid="101" ordinal="0" offset="0" sl="33" sc="39" el="33" ec="53" bec="0" bev="0" fileid="3" />
            </Method>
          </Methods>
        </Class>
        <Class>
          <Summary numSequencePoints="26" visitedSequencePoints="26" numBranchPoints="8" visitedBranchPoints="8" sequenceCoverage="100" branchCoverage="100" maxCyclomaticComplexity="2" minCyclomaticComplexity="1" visitedClasses="1" numClasses="1" visitedMethods="8" numMethods="8" />
          <FullName>ClientCommonTest.DataTest.HiringCompanyTest</FullName>
          <Methods>
            <Method visited="true" cyclomaticComplexity="1" nPathComplexity="0" sequenceCoverage="100" branchCoverage="100" isConstructor="false" isStatic="false" isGetter="false" isSetter="false">
              <Summary numSequencePoints="3" visitedSequencePoints="3" numBranchPoints="1" visitedBranchPoints="1" sequenceCoverage="100" branchCoverage="100" maxCyclomaticComplexity="1" minCyclomaticComplexity="1" visitedClasses="0" numClasses="0" visitedMethods="1" numMethods="1" />
              <MetadataToken>100663319</MetadataToken>
              <Name>System.Void ClientCommonTest.DataTest.HiringCompanyTest::SetupTest()</Name>
              <FileRef uid="5" />
              <SequencePoints>
                <SequencePoint vc="1" uspid="102" ordinal="0" offset="0" sl="20" sc="9" el="20" ec="10" bec="0" bev="0" fileid="5" />
                <SequencePoint vc="1" uspid="103" ordinal="1" offset="1" sl="21" sc="13" el="21" ec="58" bec="0" bev="0" fileid="5" />
                <SequencePoint vc="1" uspid="104" ordinal="2" offset="12" sl="22" sc="9" el="22" ec="10" bec="0" bev="0" fileid="5" />
              </SequencePoints>
              <BranchPoints />
              <MethodPoint xsi:type="SequencePoint" vc="1" uspid="102" ordinal="0" offset="0" sl="20" sc="9" el="20" ec="10" bec="0" bev="0" fileid="5" />
            </Method>
            <Method visited="true" cyclomaticComplexity="2" nPathComplexity="0" sequenceCoverage="100" branchCoverage="100" isConstructor="false" isStatic="false" isGetter="false" isSetter="false">
              <Summary numSequencePoints="3" visitedSequencePoints="3" numBranchPoints="1" visitedBranchPoints="1" sequenceCoverage="100" branchCoverage="100" maxCyclomaticComplexity="2" minCyclomaticComplexity="2" visitedClasses="0" numClasses="0" visitedMethods="1" numMethods="1" />
              <MetadataToken>100663320</MetadataToken>
              <Name>System.Void ClientCommonTest.DataTest.HiringCompanyTest::ConstructorTest()</Name>
              <FileRef uid="5" />
              <SequencePoints>
                <SequencePoint vc="1" uspid="105" ordinal="0" offset="0" sl="26" sc="9" el="26" ec="10" bec="0" bev="0" fileid="5" />
                <SequencePoint vc="1" uspid="106" ordinal="1" offset="1" sl="27" sc="13" el="27" ec="55" bec="0" bev="0" fileid="5" />
                <SequencePoint vc="1" uspid="107" ordinal="2" offset="38" sl="28" sc="9" el="28" ec="10" bec="0" bev="0" fileid="5" />
              </SequencePoints>
              <BranchPoints />
              <MethodPoint xsi:type="SequencePoint" vc="1" uspid="105" ordinal="0" offset="0" sl="26" sc="9" el="26" ec="10" bec="0" bev="0" fileid="5" />
            </Method>
            <Method visited="true" cyclomaticComplexity="1" nPathComplexity="0" sequenceCoverage="100" branchCoverage="100" isConstructor="false" isStatic="false" isGetter="false" isSetter="false">
              <Summary numSequencePoints="5" visitedSequencePoints="5" numBranchPoints="1" visitedBranchPoints="1" sequenceCoverage="100" branchCoverage="100" maxCyclomaticComplexity="1" minCyclomaticComplexity="1" visitedClasses="0" numClasses="0" visitedMethods="1" numMethods="1" />
              <MetadataToken>100663321</MetadataToken>
              <Name>System.Void ClientCommonTest.DataTest.HiringCompanyTest::ConstructorTestWithParameters()</Name>
              <FileRef uid="5" />
              <SequencePoints>
                <SequencePoint vc="1" uspid="110" ordinal="0" offset="0" sl="32" sc="9" el="32" ec="10" bec="0" bev="0" fileid="5" />
                <SequencePoint vc="1" uspid="111" ordinal="1" offset="1" sl="34" sc="13" el="34" ec="64" bec="0" bev="0" fileid="5" />
                <SequencePoint vc="1" uspid="112" ordinal="2" offset="19" sl="35" sc="13" el="35" ec="57" bec="0" bev="0" fileid="5" />
                <SequencePoint vc="1" uspid="113" ordinal="3" offset="36" sl="37" sc="13" el="37" ec="59" bec="0" bev="0" fileid="5" />
                <SequencePoint vc="1" uspid="114" ordinal="4" offset="59" sl="39" sc="9" el="39" ec="10" bec="0" bev="0" fileid="5" />
              </SequencePoints>
              <BranchPoints />
              <MethodPoint xsi:type="SequencePoint" vc="1" uspid="110" ordinal="0" offset="0" sl="32" sc="9" el="32" ec="10" bec="0" bev="0" fileid="5" />
            </Method>
            <Method visited="true" cyclomaticComplexity="1" nPathComplexity="0" sequenceCoverage="100" branchCoverage="100" isConstructor="false" isStatic="false" isGetter="false" isSetter="false">
              <Summary numSequencePoints="4" visitedSequencePoints="4" numBranchPoints="1" visitedBranchPoints="1" sequenceCoverage="100" branchCoverage="100" maxCyclomaticComplexity="1" minCyclomaticComplexity="1" visitedClasses="0" numClasses="0" visitedMethods="1" numMethods="1" />
              <MetadataToken>100663322</MetadataToken>
              <Name>System.Void ClientCommonTest.DataTest.HiringCompanyTest::IdTest()</Name>
              <FileRef uid="5" />
              <SequencePoints>
                <SequencePoint vc="1" uspid="115" ordinal="0" offset="0" sl="43" sc="9" el="43" ec="10" bec="0" bev="0" fileid="5" />
                <SequencePoint vc="1" uspid="116" ordinal="1" offset="1" sl="44" sc="13" el="44" ec="39" bec="0" bev="0" fileid="5" />
                <SequencePoint vc="1" uspid="117" ordinal="2" offset="19" sl="46" sc="13" el="46" ec="55" bec="0" bev="0" fileid="5" />
                <SequencePoint vc="1" uspid="118" ordinal="3" offset="52" sl="47" sc="9" el="47" ec="10" bec="0" bev="0" fileid="5" />
              </SequencePoints>
              <BranchPoints />
              <MethodPoint xsi:type="SequencePoint" vc="1" uspid="115" ordinal="0" offset="0" sl="43" sc="9" el="43" ec="10" bec="0" bev="0" fileid="5" />
            </Method>
            <Method visited="true" cyclomaticComplexity="1" nPathComplexity="0" sequenceCoverage="100" branchCoverage="100" isConstructor="false" isStatic="false" isGetter="false" isSetter="false">
              <Summary numSequencePoints="4" visitedSequencePoints="4" numBranchPoints="1" visitedBranchPoints="1" sequenceCoverage="100" branchCoverage="100" maxCyclomaticComplexity="1" minCyclomaticComplexity="1" visitedClasses="0" numClasses="0" visitedMethods="1" numMethods="1" />
              <MetadataToken>100663323</MetadataToken>
              <Name>System.Void ClientCommonTest.DataTest.HiringCompanyTest::NameTest()</Name>
              <FileRef uid="5" />
              <SequencePoints>
                <SequencePoint vc="1" uspid="119" ordinal="0" offset="0" sl="51" sc="9" el="51" ec="10" bec="0" bev="0" fileid="5" />
                <SequencePoint vc="1" uspid="120" ordinal="1" offset="1" sl="52" sc="13" el="52" ec="43" bec="0" bev="0" fileid="5" />
                <SequencePoint vc="1" uspid="121" ordinal="2" offset="19" sl="54" sc="13" el="54" ec="59" bec="0" bev="0" fileid="5" />
                <SequencePoint vc="1" uspid="122" ordinal="3" offset="42" sl="55" sc="9" el="55" ec="10" bec="0" bev="0" fileid="5" />
              </SequencePoints>
              <BranchPoints />
              <MethodPoint xsi:type="SequencePoint" vc="1" uspid="119" ordinal="0" offset="0" sl="51" sc="9" el="51" ec="10" bec="0" bev="0" fileid="5" />
            </Method>
            <Method visited="true" cyclomaticComplexity="1" nPathComplexity="0" sequenceCoverage="100" branchCoverage="100" isConstructor="false" isStatic="false" isGetter="false" isSetter="false">
              <Summary numSequencePoints="4" visitedSequencePoints="4" numBranchPoints="1" visitedBranchPoints="1" sequenceCoverage="100" branchCoverage="100" maxCyclomaticComplexity="1" minCyclomaticComplexity="1" visitedClasses="0" numClasses="0" visitedMethods="1" numMethods="1" />
              <MetadataToken>100663324</MetadataToken>
              <Name>System.Void ClientCommonTest.DataTest.HiringCompanyTest::ToStringTest()</Name>
              <FileRef uid="5" />
              <SequencePoints>
                <SequencePoint vc="1" uspid="123" ordinal="0" offset="0" sl="59" sc="9" el="59" ec="10" bec="0" bev="0" fileid="5" />
                <SequencePoint vc="1" uspid="124" ordinal="1" offset="1" sl="60" sc="13" el="60" ec="50" bec="0" bev="0" fileid="5" />
                <SequencePoint vc="1" uspid="125" ordinal="2" offset="18" sl="62" sc="13" el="62" ec="72" bec="0" bev="0" fileid="5" />
                <SequencePoint vc="1" uspid="126" ordinal="3" offset="40" sl="63" sc="9" el="63" ec="10" bec="0" bev="0" fileid="5" />
              </SequencePoints>
              <BranchPoints />
              <MethodPoint xsi:type="SequencePoint" vc="1" uspid="123" ordinal="0" offset="0" sl="59" sc="9" el="59" ec="10" bec="0" bev="0" fileid="5" />
            </Method>
            <Method visited="true" cyclomaticComplexity="1" nPathComplexity="0" sequenceCoverage="100" branchCoverage="100" isConstructor="true" isStatic="false" isGetter="false" isSetter="false">
              <Summary numSequencePoints="2" visitedSequencePoints="2" numBranchPoints="1" visitedBranchPoints="1" sequenceCoverage="100" branchCoverage="100" maxCyclomaticComplexity="1" minCyclomaticComplexity="1" visitedClasses="0" numClasses="0" visitedMethods="1" numMethods="1" />
              <MetadataToken>100663325</MetadataToken>
              <Name>System.Void ClientCommonTest.DataTest.HiringCompanyTest::.ctor()</Name>
              <FileRef uid="5" />
              <SequencePoints>
                <SequencePoint vc="1" uspid="127" ordinal="0" offset="0" sl="15" sc="9" el="15" ec="37" bec="0" bev="0" fileid="5" />
                <SequencePoint vc="1" uspid="128" ordinal="1" offset="11" sl="16" sc="9" el="16" ec="28" bec="0" bev="0" fileid="5" />
              </SequencePoints>
              <BranchPoints />
              <MethodPoint xsi:type="SequencePoint" vc="1" uspid="127" ordinal="0" offset="0" sl="15" sc="9" el="15" ec="37" bec="0" bev="0" fileid="5" />
            </Method>
            <Method visited="true" cyclomaticComplexity="1" nPathComplexity="0" sequenceCoverage="100" branchCoverage="100" isConstructor="false" isStatic="false" isGetter="false" isSetter="false">
              <Summary numSequencePoints="1" visitedSequencePoints="1" numBranchPoints="1" visitedBranchPoints="1" sequenceCoverage="100" branchCoverage="100" maxCyclomaticComplexity="1" minCyclomaticComplexity="1" visitedClasses="0" numClasses="0" visitedMethods="1" numMethods="1" />
              <MetadataToken>100663326</MetadataToken>
              <Name>System.Void ClientCommonTest.DataTest.HiringCompanyTest::&lt;ConstructorTestWithParameters&gt;b__5_0()</Name>
              <FileRef uid="5" />
              <SequencePoints>
                <SequencePoint vc="1" uspid="129" ordinal="0" offset="0" sl="34" sc="39" el="34" ec="62" bec="0" bev="0" fileid="5" />
              </SequencePoints>
              <BranchPoints />
              <MethodPoint xsi:type="SequencePoint" vc="1" uspid="129" ordinal="0" offset="0" sl="34" sc="39" el="34" ec="62" bec="0" bev="0" fileid="5" />
            </Method>
          </Methods>
        </Class>
        <Class>
          <Summary numSequencePoints="1" visitedSequencePoints="1" numBranchPoints="1" visitedBranchPoints="1" sequenceCoverage="100" branchCoverage="100" maxCyclomaticComplexity="1" minCyclomaticComplexity="1" visitedClasses="1" numClasses="1" visitedMethods="1" numMethods="1" />
          <FullName>ClientCommonTest.DataTest.HiringCompanyTest/&lt;&gt;c</FullName>
          <Methods>
            <Method visited="true" cyclomaticComplexity="1" nPathComplexity="0" sequenceCoverage="0" branchCoverage="0" isConstructor="true" isStatic="true" isGetter="false" isSetter="false">
              <Summary numSequencePoints="0" visitedSequencePoints="0" numBranchPoints="0" visitedBranchPoints="0" sequenceCoverage="0" branchCoverage="0" maxCyclomaticComplexity="1" minCyclomaticComplexity="1" visitedClasses="0" numClasses="0" visitedMethods="0" numMethods="0" />
              <MetadataToken>100663395</MetadataToken>
              <Name>System.Void ClientCommonTest.DataTest.HiringCompanyTest/&lt;&gt;c::.cctor()</Name>
              <SequencePoints />
              <BranchPoints />
              <MethodPoint vc="1" uspid="130" ordinal="0" offset="0" />
            </Method>
            <Method visited="true" cyclomaticComplexity="1" nPathComplexity="0" sequenceCoverage="0" branchCoverage="0" isConstructor="true" isStatic="false" isGetter="false" isSetter="false">
              <Summary numSequencePoints="0" visitedSequencePoints="0" numBranchPoints="0" visitedBranchPoints="0" sequenceCoverage="0" branchCoverage="0" maxCyclomaticComplexity="1" minCyclomaticComplexity="1" visitedClasses="0" numClasses="0" visitedMethods="0" numMethods="0" />
              <MetadataToken>100663396</MetadataToken>
              <Name>System.Void ClientCommonTest.DataTest.HiringCompanyTest/&lt;&gt;c::.ctor()</Name>
              <SequencePoints />
              <BranchPoints />
              <MethodPoint vc="1" uspid="131" ordinal="0" offset="0" />
            </Method>
            <Method visited="true" cyclomaticComplexity="1" nPathComplexity="0" sequenceCoverage="100" branchCoverage="100" isConstructor="false" isStatic="false" isGetter="false" isSetter="false">
              <Summary numSequencePoints="1" visitedSequencePoints="1" numBranchPoints="1" visitedBranchPoints="1" sequenceCoverage="100" branchCoverage="100" maxCyclomaticComplexity="1" minCyclomaticComplexity="1" visitedClasses="0" numClasses="0" visitedMethods="1" numMethods="1" />
              <MetadataToken>100663397</MetadataToken>
              <Name>System.Void ClientCommonTest.DataTest.HiringCompanyTest/&lt;&gt;c::&lt;ConstructorTest&gt;b__4_0()</Name>
              <FileRef uid="5" />
              <SequencePoints>
                <SequencePoint vc="1" uspid="132" ordinal="0" offset="0" sl="27" sc="39" el="27" ec="53" bec="0" bev="0" fileid="5" />
              </SequencePoints>
              <BranchPoints />
              <MethodPoint xsi:type="SequencePoint" vc="1" uspid="132" ordinal="0" offset="0" sl="27" sc="39" el="27" ec="53" bec="0" bev="0" fileid="5" />
            </Method>
          </Methods>
        </Class>
        <Class>
          <Summary numSequencePoints="63" visitedSequencePoints="63" numBranchPoints="16" visitedBranchPoints="16" sequenceCoverage="100" branchCoverage="100" maxCyclomaticComplexity="2" minCyclomaticComplexity="1" visitedClasses="1" numClasses="1" visitedMethods="16" numMethods="16" />
          <FullName>ClientCommonTest.DataTest.NotificationTest</FullName>
          <Methods>
            <Method visited="true" cyclomaticComplexity="1" nPathComplexity="0" sequenceCoverage="100" branchCoverage="100" isConstructor="false" isStatic="false" isGetter="false" isSetter="false">
              <Summary numSequencePoints="3" visitedSequencePoints="3" numBranchPoints="1" visitedBranchPoints="1" sequenceCoverage="100" branchCoverage="100" maxCyclomaticComplexity="1" minCyclomaticComplexity="1" visitedClasses="0" numClasses="0" visitedMethods="1" numMethods="1" />
              <MetadataToken>100663327</MetadataToken>
              <Name>System.Void ClientCommonTest.DataTest.NotificationTest::SetupTest()</Name>
              <FileRef uid="7" />
              <SequencePoints>
                <SequencePoint vc="1" uspid="133" ordinal="0" offset="0" sl="26" sc="9" el="26" ec="10" bec="0" bev="0" fileid="7" />
                <SequencePoint vc="1" uspid="134" ordinal="1" offset="1" sl="27" sc="13" el="27" ec="56" bec="0" bev="0" fileid="7" />
                <SequencePoint vc="1" uspid="135" ordinal="2" offset="12" sl="28" sc="9" el="28" ec="10" bec="0" bev="0" fileid="7" />
              </SequencePoints>
              <BranchPoints />
              <MethodPoint xsi:type="SequencePoint" vc="1" uspid="133" ordinal="0" offset="0" sl="26" sc="9" el="26" ec="10" bec="0" bev="0" fileid="7" />
            </Method>
            <Method visited="true" cyclomaticComplexity="2" nPathComplexity="0" sequenceCoverage="100" branchCoverage="100" isConstructor="false" isStatic="false" isGetter="false" isSetter="false">
              <Summary numSequencePoints="3" visitedSequencePoints="3" numBranchPoints="1" visitedBranchPoints="1" sequenceCoverage="100" branchCoverage="100" maxCyclomaticComplexity="2" minCyclomaticComplexity="2" visitedClasses="0" numClasses="0" visitedMethods="1" numMethods="1" />
              <MetadataToken>100663328</MetadataToken>
              <Name>System.Void ClientCommonTest.DataTest.NotificationTest::ConstructorTest()</Name>
              <FileRef uid="7" />
              <SequencePoints>
                <SequencePoint vc="1" uspid="136" ordinal="0" offset="0" sl="34" sc="9" el="34" ec="10" bec="0" bev="0" fileid="7" />
                <SequencePoint vc="1" uspid="137" ordinal="1" offset="1" sl="35" sc="13" el="35" ec="59" bec="0" bev="0" fileid="7" />
                <SequencePoint vc="1" uspid="138" ordinal="2" offset="38" sl="36" sc="9" el="36" ec="10" bec="0" bev="0" fileid="7" />
              </SequencePoints>
              <BranchPoints />
              <MethodPoint xsi:type="SequencePoint" vc="1" uspid="136" ordinal="0" offset="0" sl="34" sc="9" el="34" ec="10" bec="0" bev="0" fileid="7" />
            </Method>
            <Method visited="true" cyclomaticComplexity="1" nPathComplexity="0" sequenceCoverage="100" branchCoverage="100" isConstructor="false" isStatic="false" isGetter="false" isSetter="false">
              <Summary numSequencePoints="3" visitedSequencePoints="3" numBranchPoints="1" visitedBranchPoints="1" sequenceCoverage="100" branchCoverage="100" maxCyclomaticComplexity="1" minCyclomaticComplexity="1" visitedClasses="0" numClasses="0" visitedMethods="1" numMethods="1" />
              <MetadataToken>100663329</MetadataToken>
              <Name>System.Void ClientCommonTest.DataTest.NotificationTest::ConstructorTestWithParametersTypePartnership()</Name>
              <FileRef uid="7" />
              <SequencePoints>
                <SequencePoint vc="1" uspid="141" ordinal="0" offset="0" sl="40" sc="9" el="40" ec="10" bec="0" bev="0" fileid="7" />
                <SequencePoint vc="1" uspid="142" ordinal="1" offset="1" sl="41" sc="13" el="41" ec="123" bec="0" bev="0" fileid="7" />
                <SequencePoint vc="1" uspid="143" ordinal="2" offset="23" sl="42" sc="9" el="42" ec="10" bec="0" bev="0" fileid="7" />
              </SequencePoints>
              <BranchPoints />
              <MethodPoint xsi:type="SequencePoint" vc="1" uspid="141" ordinal="0" offset="0" sl="40" sc="9" el="40" ec="10" bec="0" bev="0" fileid="7" />
            </Method>
            <Method visited="true" cyclomaticComplexity="2" nPathComplexity="0" sequenceCoverage="100" branchCoverage="100" isConstructor="false" isStatic="false" isGetter="false" isSetter="false">
              <Summary numSequencePoints="3" visitedSequencePoints="3" numBranchPoints="1" visitedBranchPoints="1" sequenceCoverage="100" branchCoverage="100" maxCyclomaticComplexity="2" minCyclomaticComplexity="2" visitedClasses="0" numClasses="0" visitedMethods="1" numMethods="1" />
              <MetadataToken>100663330</MetadataToken>
              <Name>System.Void ClientCommonTest.DataTest.NotificationTest::ConstructorTestWithParametersTypeProject()</Name>
              <FileRef uid="7" />
              <SequencePoints>
                <SequencePoint vc="1" uspid="144" ordinal="0" offset="0" sl="46" sc="9" el="46" ec="10" bec="0" bev="0" fileid="7" />
                <SequencePoint vc="1" uspid="145" ordinal="1" offset="1" sl="47" sc="13" el="47" ec="124" bec="0" bev="0" fileid="7" />
                <SequencePoint vc="1" uspid="146" ordinal="2" offset="38" sl="48" sc="9" el="48" ec="10" bec="0" bev="0" fileid="7" />
              </SequencePoints>
              <BranchPoints />
              <MethodPoint xsi:type="SequencePoint" vc="1" uspid="144" ordinal="0" offset="0" sl="46" sc="9" el="46" ec="10" bec="0" bev="0" fileid="7" />
            </Method>
            <Method visited="true" cyclomaticComplexity="2" nPathComplexity="0" sequenceCoverage="100" branchCoverage="100" isConstructor="false" isStatic="false" isGetter="false" isSetter="false">
              <Summary numSequencePoints="3" visitedSequencePoints="3" numBranchPoints="1" visitedBranchPoints="1" sequenceCoverage="100" branchCoverage="100" maxCyclomaticComplexity="2" minCyclomaticComplexity="2" visitedClasses="0" numClasses="0" visitedMethods="1" numMethods="1" />
              <MetadataToken>100663331</MetadataToken>
              <Name>System.Void ClientCommonTest.DataTest.NotificationTest::ConstructorTestWithParametersType()</Name>
              <FileRef uid="7" />
              <SequencePoints>
                <SequencePoint vc="1" uspid="149" ordinal="0" offset="0" sl="52" sc="9" el="52" ec="10" bec="0" bev="0" fileid="7" />
                <SequencePoint vc="1" uspid="150" ordinal="1" offset="1" sl="53" sc="13" el="53" ec="123" bec="0" bev="0" fileid="7" />
                <SequencePoint vc="1" uspid="151" ordinal="2" offset="38" sl="54" sc="9" el="54" ec="10" bec="0" bev="0" fileid="7" />
              </SequencePoints>
              <BranchPoints />
              <MethodPoint xsi:type="SequencePoint" vc="1" uspid="149" ordinal="0" offset="0" sl="52" sc="9" el="52" ec="10" bec="0" bev="0" fileid="7" />
            </Method>
            <Method visited="true" cyclomaticComplexity="1" nPathComplexity="0" sequenceCoverage="100" branchCoverage="100" isConstructor="false" isStatic="false" isGetter="false" isSetter="false">
              <Summary numSequencePoints="4" visitedSequencePoints="4" numBranchPoints="1" visitedBranchPoints="1" sequenceCoverage="100" branchCoverage="100" maxCyclomaticComplexity="1" minCyclomaticComplexity="1" visitedClasses="0" numClasses="0" visitedMethods="1" numMethods="1" />
              <MetadataToken>100663332</MetadataToken>
              <Name>System.Void ClientCommonTest.DataTest.NotificationTest::IdTest()</Name>
              <FileRef uid="7" />
              <SequencePoints>
                <SequencePoint vc="1" uspid="154" ordinal="0" offset="0" sl="58" sc="9" el="58" ec="10" bec="0" bev="0" fileid="7" />
                <SequencePoint vc="1" uspid="155" ordinal="1" offset="1" sl="59" sc="13" el="59" ec="38" bec="0" bev="0" fileid="7" />
                <SequencePoint vc="1" uspid="156" ordinal="2" offset="19" sl="61" sc="13" el="61" ec="54" bec="0" bev="0" fileid="7" />
                <SequencePoint vc="1" uspid="157" ordinal="3" offset="52" sl="62" sc="9" el="62" ec="10" bec="0" bev="0" fileid="7" />
              </SequencePoints>
              <BranchPoints />
              <MethodPoint xsi:type="SequencePoint" vc="1" uspid="154" ordinal="0" offset="0" sl="58" sc="9" el="58" ec="10" bec="0" bev="0" fileid="7" />
            </Method>
            <Method visited="true" cyclomaticComplexity="1" nPathComplexity="0" sequenceCoverage="100" branchCoverage="100" isConstructor="false" isStatic="false" isGetter="false" isSetter="false">
              <Summary numSequencePoints="4" visitedSequencePoints="4" numBranchPoints="1" visitedBranchPoints="1" sequenceCoverage="100" branchCoverage="100" maxCyclomaticComplexity="1" minCyclomaticComplexity="1" visitedClasses="0" numClasses="0" visitedMethods="1" numMethods="1" />
              <MetadataToken>100663333</MetadataToken>
              <Name>System.Void ClientCommonTest.DataTest.NotificationTest::TypeTest()</Name>
              <FileRef uid="7" />
              <SequencePoints>
                <SequencePoint vc="1" uspid="158" ordinal="0" offset="0" sl="66" sc="9" el="66" ec="10" bec="0" bev="0" fileid="7" />
                <SequencePoint vc="1" uspid="159" ordinal="1" offset="1" sl="67" sc="13" el="67" ec="42" bec="0" bev="0" fileid="7" />
                <SequencePoint vc="1" uspid="160" ordinal="2" offset="19" sl="69" sc="13" el="69" ec="58" bec="0" bev="0" fileid="7" />
                <SequencePoint vc="1" uspid="161" ordinal="3" offset="52" sl="70" sc="9" el="70" ec="10" bec="0" bev="0" fileid="7" />
              </SequencePoints>
              <BranchPoints />
              <MethodPoint xsi:type="SequencePoint" vc="1" uspid="158" ordinal="0" offset="0" sl="66" sc="9" el="66" ec="10" bec="0" bev="0" fileid="7" />
            </Method>
            <Method visited="true" cyclomaticComplexity="1" nPathComplexity="0" sequenceCoverage="100" branchCoverage="100" isConstructor="false" isStatic="false" isGetter="false" isSetter="false">
              <Summary numSequencePoints="4" visitedSequencePoints="4" numBranchPoints="1" visitedBranchPoints="1" sequenceCoverage="100" branchCoverage="100" maxCyclomaticComplexity="1" minCyclomaticComplexity="1" visitedClasses="0" numClasses="0" visitedMethods="1" numMethods="1" />
              <MetadataToken>100663334</MetadataToken>
              <Name>System.Void ClientCommonTest.DataTest.NotificationTest::NotificationStampTest()</Name>
              <FileRef uid="7" />
              <SequencePoints>
                <SequencePoint vc="1" uspid="162" ordinal="0" offset="0" sl="74" sc="9" el="74" ec="10" bec="0" bev="0" fileid="7" />
                <SequencePoint vc="1" uspid="163" ordinal="1" offset="1" sl="75" sc="13" el="75" ec="59" bec="0" bev="0" fileid="7" />
                <SequencePoint vc="1" uspid="164" ordinal="2" offset="19" sl="77" sc="13" el="77" ec="75" bec="0" bev="0" fileid="7" />
                <SequencePoint vc="1" uspid="165" ordinal="3" offset="52" sl="78" sc="9" el="78" ec="10" bec="0" bev="0" fileid="7" />
              </SequencePoints>
              <BranchPoints />
              <MethodPoint xsi:type="SequencePoint" vc="1" uspid="162" ordinal="0" offset="0" sl="74" sc="9" el="74" ec="10" bec="0" bev="0" fileid="7" />
            </Method>
            <Method visited="true" cyclomaticComplexity="1" nPathComplexity="0" sequenceCoverage="100" branchCoverage="100" isConstructor="false" isStatic="false" isGetter="false" isSetter="false">
              <Summary numSequencePoints="4" visitedSequencePoints="4" numBranchPoints="1" visitedBranchPoints="1" sequenceCoverage="100" branchCoverage="100" maxCyclomaticComplexity="1" minCyclomaticComplexity="1" visitedClasses="0" numClasses="0" visitedMethods="1" numMethods="1" />
              <MetadataToken>100663335</MetadataToken>
              <Name>System.Void ClientCommonTest.DataTest.NotificationTest::NotificationAcceptStatusTest()</Name>
              <FileRef uid="7" />
              <SequencePoints>
                <SequencePoint vc="1" uspid="166" ordinal="0" offset="0" sl="82" sc="9" el="82" ec="10" bec="0" bev="0" fileid="7" />
                <SequencePoint vc="1" uspid="167" ordinal="1" offset="1" sl="83" sc="13" el="83" ec="79" bec="0" bev="0" fileid="7" />
                <SequencePoint vc="1" uspid="168" ordinal="2" offset="14" sl="85" sc="13" el="85" ec="95" bec="0" bev="0" fileid="7" />
                <SequencePoint vc="1" uspid="169" ordinal="3" offset="42" sl="86" sc="9" el="86" ec="10" bec="0" bev="0" fileid="7" />
              </SequencePoints>
              <BranchPoints />
              <MethodPoint xsi:type="SequencePoint" vc="1" uspid="166" ordinal="0" offset="0" sl="82" sc="9" el="82" ec="10" bec="0" bev="0" fileid="7" />
            </Method>
            <Method visited="true" cyclomaticComplexity="1" nPathComplexity="0" sequenceCoverage="100" branchCoverage="100" isConstructor="false" isStatic="false" isGetter="false" isSetter="false">
              <Summary numSequencePoints="4" visitedSequencePoints="4" numBranchPoints="1" visitedBranchPoints="1" sequenceCoverage="100" branchCoverage="100" maxCyclomaticComplexity="1" minCyclomaticComplexity="1" visitedClasses="0" numClasses="0" visitedMethods="1" numMethods="1" />
[...]
                <SequencePoint vc="1" uspid="813" ordinal="2" offset="10" sl="72" sc="46" el="72" ec="47" bec="0" bev="0" fileid="36" />
              </SequencePoints>
              <BranchPoints />
              <MethodPoint xsi:type="SequencePoint" vc="1" uspid="811" ordinal="0" offset="0" sl="72" sc="17" el="72" ec="18" bec="0" bev="0" fileid="36" />
            </Method>
            <Method visited="true" cyclomaticComplexity="1" nPathComplexity="0" sequenceCoverage="100" branchCoverage="100" isConstructor="false" isStatic="false" isGetter="false" isSetter="true">
              <Summary numSequencePoints="3" visitedSequencePoints="3" numBranchPoints="1" visitedBranchPoints="1" sequenceCoverage="100" branchCoverage="100" maxCyclomaticComplexity="1" minCyclomaticComplexity="1" visitedClasses="0" numClasses="0" visitedMethods="1" numMethods="1" />
              <MetadataToken>100663457</MetadataToken>
              <Name>System.Void ClientCommon.Data.UserStory::set_AcceptanceCriteria(System.String)</Name>
              <FileRef uid="36" />
              <SequencePoints>
                <SequencePoint vc="1" uspid="814" ordinal="0" offset="0" sl="73" sc="17" el="73" ec="18" bec="0" bev="0" fileid="36" />
                <SequencePoint vc="1" uspid="815" ordinal="1" offset="1" sl="73" sc="19" el="73" ec="46" bec="0" bev="0" fileid="36" />
                <SequencePoint vc="1" uspid="816" ordinal="2" offset="8" sl="73" sc="47" el="73" ec="48" bec="0" bev="0" fileid="36" />
              </SequencePoints>
              <BranchPoints />
              <MethodPoint xsi:type="SequencePoint" vc="1" uspid="814" ordinal="0" offset="0" sl="73" sc="17" el="73" ec="18" bec="0" bev="0" fileid="36" />
            </Method>
            <Method visited="true" cyclomaticComplexity="1" nPathComplexity="0" sequenceCoverage="100" branchCoverage="100" isConstructor="false" isStatic="false" isGetter="true" isSetter="false">
              <Summary numSequencePoints="3" visitedSequencePoints="3" numBranchPoints="1" visitedBranchPoints="1" sequenceCoverage="100" branchCoverage="100" maxCyclomaticComplexity="1" minCyclomaticComplexity="1" visitedClasses="0" numClasses="0" visitedMethods="1" numMethods="1" />
              <MetadataToken>100663458</MetadataToken>
              <Name>ClientCommon.Data.AcceptStatus ClientCommon.Data.UserStory::get_AcceptStatus()</Name>
              <FileRef uid="36" />
              <SequencePoints>
                <SequencePoint vc="1" uspid="817" ordinal="0" offset="0" sl="79" sc="17" el="79" ec="18" bec="0" bev="0" fileid="36" />
                <SequencePoint vc="1" uspid="818" ordinal="1" offset="1" sl="79" sc="19" el="79" ec="39" bec="0" bev="0" fileid="36" />
                <SequencePoint vc="1" uspid="819" ordinal="2" offset="10" sl="79" sc="40" el="79" ec="41" bec="0" bev="0" fileid="36" />
              </SequencePoints>
              <BranchPoints />
              <MethodPoint xsi:type="SequencePoint" vc="1" uspid="817" ordinal="0" offset="0" sl="79" sc="17" el="79" ec="18" bec="0" bev="0" fileid="36" />
            </Method>
            <Method visited="true" cyclomaticComplexity="1" nPathComplexity="0" sequenceCoverage="100" branchCoverage="100" isConstructor="false" isStatic="false" isGetter="false" isSetter="true">
              <Summary numSequencePoints="3" visitedSequencePoints="3" numBranchPoints="1" visitedBranchPoints="1" sequenceCoverage="100" branchCoverage="100" maxCyclomaticComplexity="1" minCyclomaticComplexity="1" visitedClasses="0" numClasses="0" visitedMethods="1" numMethods="1" />
              <MetadataToken>100663459</MetadataToken>
              <Name>System.Void ClientCommon.Data.UserStory::set_AcceptStatus(ClientCommon.Data.AcceptStatus)</Name>
              <FileRef uid="36" />
              <SequencePoints>
                <SequencePoint vc="1" uspid="820" ordinal="0" offset="0" sl="80" sc="17" el="80" ec="18" bec="0" bev="0" fileid="36" />
                <SequencePoint vc="1" uspid="821" ordinal="1" offset="1" sl="80" sc="19" el="80" ec="40" bec="0" bev="0" fileid="36" />
                <SequencePoint vc="1" uspid="822" ordinal="2" offset="8" sl="80" sc="41" el="80" ec="42" bec="0" bev="0" fileid="36" />
              </SequencePoints>
              <BranchPoints />
              <MethodPoint xsi:type="SequencePoint" vc="1" uspid="820" ordinal="0" offset="0" sl="80" sc="17" el="80" ec="18" bec="0" bev="0" fileid="36" />
            </Method>
            <Method visited="true" cyclomaticComplexity="1" nPathComplexity="0" sequenceCoverage="100" branchCoverage="100" isConstructor="false" isStatic="false" isGetter="true" isSetter="false">
              <Summary numSequencePoints="3" visitedSequencePoints="3" numBranchPoints="1" visitedBranchPoints="1" sequenceCoverage="100" branchCoverage="100" maxCyclomaticComplexity="1" minCyclomaticComplexity="1" visitedClasses="0" numClasses="0" visitedMethods="1" numMethods="1" />
              <MetadataToken>100663460</MetadataToken>
              <Name>ClientCommon.Data.ProgressStatus ClientCommon.Data.UserStory::get_ProgressStatus()</Name>
              <FileRef uid="36" />
              <SequencePoints>
                <SequencePoint vc="1" uspid="823" ordinal="0" offset="0" sl="86" sc="17" el="86" ec="18" bec="0" bev="0" fileid="36" />
                <SequencePoint vc="1" uspid="824" ordinal="1" offset="1" sl="86" sc="19" el="86" ec="41" bec="0" bev="0" fileid="36" />
                <SequencePoint vc="1" uspid="825" ordinal="2" offset="10" sl="86" sc="42" el="86" ec="43" bec="0" bev="0" fileid="36" />
              </SequencePoints>
              <BranchPoints />
              <MethodPoint xsi:type="SequencePoint" vc="1" uspid="823" ordinal="0" offset="0" sl="86" sc="17" el="86" ec="18" bec="0" bev="0" fileid="36" />
            </Method>
            <Method visited="true" cyclomaticComplexity="1" nPathComplexity="0" sequenceCoverage="100" branchCoverage="100" isConstructor="false" isStatic="false" isGetter="false" isSetter="true">
              <Summary numSequencePoints="3" visitedSequencePoints="3" numBranchPoints="1" visitedBranchPoints="1" sequenceCoverage="100" branchCoverage="100" maxCyclomaticComplexity="1" minCyclomaticComplexity="1" visitedClasses="0" numClasses="0" visitedMethods="1" numMethods="1" />
              <MetadataToken>100663461</MetadataToken>
              <Name>System.Void ClientCommon.Data.UserStory::set_ProgressStatus(ClientCommon.Data.ProgressStatus)</Name>
              <FileRef uid="36" />
              <SequencePoints>
                <SequencePoint vc="1" uspid="826" ordinal="0" offset="0" sl="87" sc="17" el="87" ec="18" bec="0" bev="0" fileid="36" />
                <SequencePoint vc="1" uspid="827" ordinal="1" offset="1" sl="87" sc="19" el="87" ec="42" bec="0" bev="0" fileid="36" />
                <SequencePoint vc="1" uspid="828" ordinal="2" offset="8" sl="87" sc="43" el="87" ec="44" bec="0" bev="0" fileid="36" />
              </SequencePoints>
              <BranchPoints />
              <MethodPoint xsi:type="SequencePoint" vc="1" uspid="826" ordinal="0" offset="0" sl="87" sc="17" el="87" ec="18" bec="0" bev="0" fileid="36" />
            </Method>
            <Method visited="true" cyclomaticComplexity="1" nPathComplexity="0" sequenceCoverage="100" branchCoverage="100" isConstructor="false" isStatic="false" isGetter="true" isSetter="false">
              <Summary numSequencePoints="3" visitedSequencePoints="3" numBranchPoints="1" visitedBranchPoints="1" sequenceCoverage="100" branchCoverage="100" maxCyclomaticComplexity="1" minCyclomaticComplexity="1" visitedClasses="0" numClasses="0" visitedMethods="1" numMethods="1" />
              <MetadataToken>100663462</MetadataToken>
              <Name>System.Collections.Generic.List`1&lt;ClientCommon.Data.Task&gt; ClientCommon.Data.UserStory::get_Tasks()</Name>
              <FileRef uid="36" />
              <SequencePoints>
                <SequencePoint vc="1" uspid="829" ordinal="0" offset="0" sl="93" sc="17" el="93" ec="18" bec="0" bev="0" fileid="36" />
                <SequencePoint vc="1" uspid="830" ordinal="1" offset="1" sl="93" sc="19" el="93" ec="32" bec="0" bev="0" fileid="36" />
                <SequencePoint vc="1" uspid="831" ordinal="2" offset="10" sl="93" sc="33" el="93" ec="34" bec="0" bev="0" fileid="36" />
              </SequencePoints>
              <BranchPoints />
              <MethodPoint xsi:type="SequencePoint" vc="1" uspid="829" ordinal="0" offset="0" sl="93" sc="17" el="93" ec="18" bec="0" bev="0" fileid="36" />
            </Method>
            <Method visited="true" cyclomaticComplexity="1" nPathComplexity="0" sequenceCoverage="100" branchCoverage="100" isConstructor="false" isStatic="false" isGetter="false" isSetter="true">
              <Summary numSequencePoints="3" visitedSequencePoints="3" numBranchPoints="1" visitedBranchPoints="1" sequenceCoverage="100" branchCoverage="100" maxCyclomaticComplexity="1" minCyclomaticComplexity="1" visitedClasses="0" numClasses="0" visitedMethods="1" numMethods="1" />
              <MetadataToken>100663463</MetadataToken>
              <Name>System.Void ClientCommon.Data.UserStory::set_Tasks(System.Collections.Generic.List`1&lt;ClientCommon.Data.Task&gt;)</Name>
              <FileRef uid="36" />
              <SequencePoints>
                <SequencePoint vc="1" uspid="832" ordinal="0" offset="0" sl="94" sc="17" el="94" ec="18" bec="0" bev="0" fileid="36" />
                <SequencePoint vc="1" uspid="833" ordinal="1" offset="1" sl="94" sc="19" el="94" ec="33" bec="0" bev="0" fileid="36" />
                <SequencePoint vc="1" uspid="834" ordinal="2" offset="8" sl="94" sc="34" el="94" ec="35" bec="0" bev="0" fileid="36" />
              </SequencePoints>
              <BranchPoints />
              <MethodPoint xsi:type="SequencePoint" vc="1" uspid="832" ordinal="0" offset="0" sl="94" sc="17" el="94" ec="18" bec="0" bev="0" fileid="36" />
            </Method>
            <Method visited="true" cyclomaticComplexity="1" nPathComplexity="0" sequenceCoverage="100" branchCoverage="100" isConstructor="false" isStatic="false" isGetter="true" isSetter="false">
              <Summary numSequencePoints="3" visitedSequencePoints="3" numBranchPoints="1" visitedBranchPoints="1" sequenceCoverage="100" branchCoverage="100" maxCyclomaticComplexity="1" minCyclomaticComplexity="1" visitedClasses="0" numClasses="0" visitedMethods="1" numMethods="1" />
              <MetadataToken>100663464</MetadataToken>
              <Name>System.DateTime ClientCommon.Data.UserStory::get_Deadline()</Name>
              <FileRef uid="36" />
              <SequencePoints>
                <SequencePoint vc="1" uspid="835" ordinal="0" offset="0" sl="100" sc="17" el="100" ec="18" bec="0" bev="0" fileid="36" />
                <SequencePoint vc="1" uspid="836" ordinal="1" offset="1" sl="100" sc="19" el="100" ec="35" bec="0" bev="0" fileid="36" />
                <SequencePoint vc="1" uspid="837" ordinal="2" offset="10" sl="100" sc="36" el="100" ec="37" bec="0" bev="0" fileid="36" />
              </SequencePoints>
              <BranchPoints />
              <MethodPoint xsi:type="SequencePoint" vc="1" uspid="835" ordinal="0" offset="0" sl="100" sc="17" el="100" ec="18" bec="0" bev="0" fileid="36" />
            </Method>
            <Method visited="true" cyclomaticComplexity="1" nPathComplexity="0" sequenceCoverage="100" branchCoverage="100" isConstructor="false" isStatic="false" isGetter="false" isSetter="true">
              <Summary numSequencePoints="3" visitedSequencePoints="3" numBranchPoints="1" visitedBranchPoints="1" sequenceCoverage="100" branchCoverage="100" maxCyclomaticComplexity="1" minCyclomaticComplexity="1" visitedClasses="0" numClasses="0" visitedMethods="1" numMethods="1" />
              <MetadataToken>100663465</MetadataToken>
              <Name>System.Void ClientCommon.Data.UserStory::set_Deadline(System.DateTime)</Name>
              <FileRef uid="36" />
              <SequencePoints>
                <SequencePoint vc="1" uspid="838" ordinal="0" offset="0" sl="101" sc="17" el="101" ec="18" bec="0" bev="0" fileid="36" />
                <SequencePoint vc="1" uspid="839" ordinal="1" offset="1" sl="101" sc="19" el="101" ec="36" bec="0" bev="0" fileid="36" />
                <SequencePoint vc="1" uspid="840" ordinal="2" offset="8" sl="101" sc="37" el="101" ec="38" bec="0" bev="0" fileid="36" />
              </SequencePoints>
              <BranchPoints />
              <MethodPoint xsi:type="SequencePoint" vc="1" uspid="838" ordinal="0" offset="0" sl="101" sc="17" el="101" ec="18" bec="0" bev="0" fileid="36" />
            </Method>
            <Method visited="true" cyclomaticComplexity="1" nPathComplexity="0" sequenceCoverage="100" branchCoverage="100" isConstructor="false" isStatic="false" isGetter="true" isSetter="false">
              <Summary numSequencePoints="3" visitedSequencePoints="3" numBranchPoints="1" visitedBranchPoints="1" sequenceCoverage="100" branchCoverage="100" maxCyclomaticComplexity="1" minCyclomaticComplexity="1" visitedClasses="0" numClasses="0" visitedMethods="1" numMethods="1" />
              <MetadataToken>100663466</MetadataToken>
              <Name>ClientCommon.Data.Project ClientCommon.Data.UserStory::get_Project()</Name>
              <FileRef uid="36" />
              <SequencePoints>
                <SequencePoint vc="1" uspid="841" ordinal="0" offset="0" sl="107" sc="17" el="107" ec="18" bec="0" bev="0" fileid="36" />
                <SequencePoint vc="1" uspid="842" ordinal="1" offset="1" sl="107" sc="19" el="107" ec="34" bec="0" bev="0" fileid="36" />
                <SequencePoint vc="1" uspid="843" ordinal="2" offset="10" sl="107" sc="35" el="107" ec="36" bec="0" bev="0" fileid="36" />
              </SequencePoints>
              <BranchPoints />
              <MethodPoint xsi:type="SequencePoint" vc="1" uspid="841" ordinal="0" offset="0" sl="107" sc="17" el="107" ec="18" bec="0" bev="0" fileid="36" />
            </Method>
            <Method visited="true" cyclomaticComplexity="1" nPathComplexity="0" sequenceCoverage="100" branchCoverage="100" isConstructor="false" isStatic="false" isGetter="false" isSetter="true">
              <Summary numSequencePoints="3" visitedSequencePoints="3" numBranchPoints="1" visitedBranchPoints="1" sequenceCoverage="100" branchCoverage="100" maxCyclomaticComplexity="1" minCyclomaticComplexity="1" visitedClasses="0" numClasses="0" visitedMethods="1" numMethods="1" />
              <MetadataToken>100663467</MetadataToken>
              <Name>System.Void ClientCommon.Data.UserStory::set_Project(ClientCommon.Data.Project)</Name>
              <FileRef uid="36" />
              <SequencePoints>
                <SequencePoint vc="1" uspid="844" ordinal="0" offset="0" sl="108" sc="17" el="108" ec="18" bec="0" bev="0" fileid="36" />
                <SequencePoint vc="1" uspid="845" ordinal="1" offset="1" sl="108" sc="19" el="108" ec="35" bec="0" bev="0" fileid="36" />
                <SequencePoint vc="1" uspid="846" ordinal="2" offset="8" sl="108" sc="36" el="108" ec="37" bec="0" bev="0" fileid="36" />
              </SequencePoints>
              <BranchPoints />
              <MethodPoint xsi:type="SequencePoint" vc="1" uspid="844" ordinal="0" offset="0" sl="108" sc="17" el="108" ec="18" bec="0" bev="0" fileid="36" />
            </Method>
            <Method visited="true" cyclomaticComplexity="1" nPathComplexity="0" sequenceCoverage="100" branchCoverage="100" isConstructor="true" isStatic="false" isGetter="false" isSetter="false">
              <Summary numSequencePoints="13" visitedSequencePoints="13" numBranchPoints="1" visitedBranchPoints="1" sequenceCoverage="100" branchCoverage="100" maxCyclomaticComplexity="1" minCyclomaticComplexity="1" visitedClasses="0" numClasses="0" visitedMethods="1" numMethods="1" />
              <MetadataToken>100663447</MetadataToken>
              <Name>System.Void ClientCommon.Data.UserStory::.ctor()</Name>
              <FileRef uid="36" />
              <SequencePoints>
                <SequencePoint vc="4" uspid="847" ordinal="0" offset="0" sl="23" sc="9" el="23" ec="40" bec="0" bev="0" fileid="36" />
                <SequencePoint vc="4" uspid="848" ordinal="1" offset="7" sl="27" sc="9" el="27" ec="27" bec="0" bev="0" fileid="36" />
                <SequencePoint vc="4" uspid="849" ordinal="2" offset="14" sl="28" sc="9" el="28" ec="10" bec="0" bev="0" fileid="36" />
                <SequencePoint vc="4" uspid="850" ordinal="3" offset="15" sl="29" sc="13" el="29" ec="49" bec="0" bev="0" fileid="36" />
                <SequencePoint vc="4" uspid="851" ordinal="4" offset="22" sl="30" sc="13" el="30" ec="52" bec="0" bev="0" fileid="36" />
                <SequencePoint vc="4" uspid="852" ordinal="5" offset="29" sl="31" sc="13" el="31" ec="37" bec="0" bev="0" fileid="36" />
                <SequencePoint vc="4" uspid="853" ordinal="6" offset="40" sl="32" sc="13" el="32" ec="34" bec="0" bev="0" fileid="36" />
                <SequencePoint vc="4" uspid="854" ordinal="7" offset="51" sl="33" sc="13" el="33" ec="40" bec="0" bev="0" fileid="36" />
                <SequencePoint vc="4" uspid="855" ordinal="8" offset="62" sl="34" sc="13" el="34" ec="47" bec="0" bev="0" fileid="36" />
                <SequencePoint vc="4" uspid="856" ordinal="9" offset="73" sl="35" sc="13" el="35" ec="28" bec="0" bev="0" fileid="36" />
                <SequencePoint vc="4" uspid="857" ordinal="10" offset="80" sl="36" sc="13" el="36" ec="37" bec="0" bev="0" fileid="36" />
                <SequencePoint vc="4" uspid="858" ordinal="11" offset="91" sl="37" sc="13" el="37" ec="38" bec="0" bev="0" fileid="36" />
                <SequencePoint vc="4" uspid="859" ordinal="12" offset="102" sl="38" sc="9" el="38" ec="10" bec="0" bev="0" fileid="36" />
              </SequencePoints>
              <BranchPoints />
              <MethodPoint xsi:type="SequencePoint" vc="4" uspid="847" ordinal="0" offset="0" sl="23" sc="9" el="23" ec="40" bec="0" bev="0" fileid="36" />
            </Method>
            <Method visited="true" cyclomaticComplexity="1" nPathComplexity="0" sequenceCoverage="100" branchCoverage="100" isConstructor="false" isStatic="false" isGetter="false" isSetter="false">
              <Summary numSequencePoints="3" visitedSequencePoints="3" numBranchPoints="1" visitedBranchPoints="1" sequenceCoverage="100" branchCoverage="100" maxCyclomaticComplexity="1" minCyclomaticComplexity="1" visitedClasses="0" numClasses="0" visitedMethods="1" numMethods="1" />
              <MetadataToken>100663468</MetadataToken>
              <Name>System.String ClientCommon.Data.UserStory::ToString()</Name>
              <FileRef uid="36" />
              <SequencePoints>
                <SequencePoint vc="1" uspid="860" ordinal="0" offset="0" sl="112" sc="9" el="112" ec="10" bec="0" bev="0" fileid="36" />
                <SequencePoint vc="1" uspid="861" ordinal="1" offset="1" sl="113" sc="13" el="113" ec="26" bec="0" bev="0" fileid="36" />
                <SequencePoint vc="1" uspid="862" ordinal="2" offset="10" sl="114" sc="9" el="114" ec="10" bec="0" bev="0" fileid="36" />
              </SequencePoints>
              <BranchPoints />
              <MethodPoint xsi:type="SequencePoint" vc="1" uspid="860" ordinal="0" offset="0" sl="112" sc="9" el="112" ec="10" bec="0" bev="0" fileid="36" />
            </Method>
          </Methods>
        </Class>
      </Classes>
    </Module>
    <Module skippedDueTo="Filter" hash="1A-0D-72-44-61-32-2D-54-98-83-81-C0-BD-43-07-DA-2F-35-5E-35">
      <ModulePath>C:\Windows\Microsoft.Net\assembly\GAC_MSIL\System.Xml\v4.0_4.0.0.0__b77a5c561934e089\System.Xml.dll</ModulePath>
      <ModuleTime>2016-11-29T21:34:16Z</ModuleTime>
      <ModuleName>System.Xml</ModuleName>
      <Classes />
    </Module>
  </Modules>
</CoverageSession>